<?xml version="1.0" encoding="utf-8"?><testsuites name="pytest tests"><testsuite name="pytest" errors="0" failures="0" skipped="0" tests="32" time="3.689" timestamp="2026-01-20T14:35:08.580015+00:00" hostname="agent-env-9b05d5a3-8b6e-4961-98bc-882262d65a7d"><testcase classname="tests.test_48m_challenge.TestAPIClientExponentialBackoff" name="test_exponential_backoff_constants" time="0.001" /><testcase classname="tests.test_48m_challenge.TestAPIClientExponentialBackoff" name="test_jitter_calculation" time="0.000" /><testcase classname="tests.test_48m_challenge.TestAPIClientExponentialBackoff" name="test_max_delay_cap" time="0.000" /><testcase classname="tests.test_48m_challenge.TestAPIClientRetryLogic" name="test_retry_on_429_rate_limit" time="0.060" /><testcase classname="tests.test_48m_challenge.TestAPIClientRetryLogic" name="test_retry_on_503_service_unavailable" time="0.038" /><testcase classname="tests.test_48m_challenge.TestAPIClientRetryLogic" name="test_retry_on_5xx_server_errors" time="0.040" /><testcase classname="tests.test_48m_challenge.TestAPIClientCaching" name="test_cache_ttl_configuration" time="0.000" /><testcase classname="tests.test_48m_challenge.TestAPIClientCaching" name="test_cached_languages_endpoint" time="0.090" /><testcase classname="tests.test_48m_challenge.TestAPIClientCaching" name="test_cached_id_levels_endpoint" time="0.038" /><testcase classname="tests.test_48m_challenge.TestAPIClientCaching" name="test_cache_invalidation_on_mutation" time="0.000" /><testcase classname="tests.test_48m_challenge.TestAPIClientJitter" name="test_jitter_prevents_thundering_herd" time="0.000" /><testcase classname="tests.test_48m_challenge.TestAPIClientJitter" name="test_concurrent_requests_spread" time="0.380" /><testcase classname="tests.test_48m_challenge.TestAPIClientRequestDeduplication" name="test_request_id_generation" time="0.000" /><testcase classname="tests.test_48m_challenge.TestAPIClientRequestDeduplication" name="test_batch_request_deduplication" time="0.000" /><testcase classname="tests.test_48m_challenge.TestAllEndpointsAfterRestart" name="test_health_endpoint" time="0.045" /><testcase classname="tests.test_48m_challenge.TestAllEndpointsAfterRestart" name="test_status_endpoint" time="0.044" /><testcase classname="tests.test_48m_challenge.TestAllEndpointsAfterRestart" name="test_supervisor_status_endpoint" time="0.043" /><testcase classname="tests.test_48m_challenge.TestAllEndpointsAfterRestart" name="test_rate_limit_status_endpoint" time="0.041" /><testcase classname="tests.test_48m_challenge.TestAllEndpointsAfterRestart" name="test_rate_limit_tiers_endpoint" time="0.039" /><testcase classname="tests.test_48m_challenge.TestAllEndpointsAfterRestart" name="test_translate_languages_endpoint" time="0.036" /><testcase classname="tests.test_48m_challenge.TestAllEndpointsAfterRestart" name="test_translate_batch_endpoint" time="0.761" /><testcase classname="tests.test_48m_challenge.TestAllEndpointsAfterRestart" name="test_skills_available_endpoint" time="0.046" /><testcase classname="tests.test_48m_challenge.TestAllEndpointsAfterRestart" name="test_companies_endpoint" time="0.039" /><testcase classname="tests.test_48m_challenge.TestAuthenticationFlow" name="test_login_with_admin_credentials" time="0.042" /><testcase classname="tests.test_48m_challenge.TestAuthenticationFlow" name="test_get_profile_with_token" time="0.075" /><testcase classname="tests.test_48m_challenge.TestResumeUploadAndParsing" name="test_resume_endpoint_requires_auth" time="0.043" /><testcase classname="tests.test_48m_challenge.TestResumeUploadAndParsing" name="test_resume_endpoint_with_auth" time="0.078" /><testcase classname="tests.test_48m_challenge.TestJobSearch" name="test_job_search_endpoint" time="0.907" /><testcase classname="tests.test_48m_challenge.TestJobSearch" name="test_job_search_with_filters" time="0.500" /><testcase classname="tests.test_48m_challenge.TestFourNewFeatures" name="test_linkedin_status_endpoint" time="0.123" /><testcase classname="tests.test_48m_challenge.TestFourNewFeatures" name="test_feedback_categories_endpoint" time="0.034" /><testcase classname="tests.test_48m_challenge.TestFourNewFeatures" name="test_autofill_data_endpoint" time="0.077" /></testsuite></testsuites>