<?xml version="1.0" encoding="utf-8"?><testsuites name="pytest tests"><testsuite name="pytest" errors="0" failures="2" skipped="0" tests="32" time="4.052" timestamp="2026-01-20T14:33:47.092999+00:00" hostname="agent-env-9b05d5a3-8b6e-4961-98bc-882262d65a7d"><testcase classname="tests.test_48m_challenge.TestAPIClientExponentialBackoff" name="test_exponential_backoff_constants" time="0.001" /><testcase classname="tests.test_48m_challenge.TestAPIClientExponentialBackoff" name="test_jitter_calculation" time="0.000" /><testcase classname="tests.test_48m_challenge.TestAPIClientExponentialBackoff" name="test_max_delay_cap" time="0.000" /><testcase classname="tests.test_48m_challenge.TestAPIClientRetryLogic" name="test_retry_on_429_rate_limit" time="0.074" /><testcase classname="tests.test_48m_challenge.TestAPIClientRetryLogic" name="test_retry_on_503_service_unavailable" time="0.049" /><testcase classname="tests.test_48m_challenge.TestAPIClientRetryLogic" name="test_retry_on_5xx_server_errors" time="0.048" /><testcase classname="tests.test_48m_challenge.TestAPIClientCaching" name="test_cache_ttl_configuration" time="0.000" /><testcase classname="tests.test_48m_challenge.TestAPIClientCaching" name="test_cached_languages_endpoint" time="0.082" /><testcase classname="tests.test_48m_challenge.TestAPIClientCaching" name="test_cached_id_levels_endpoint" time="0.039" /><testcase classname="tests.test_48m_challenge.TestAPIClientCaching" name="test_cache_invalidation_on_mutation" time="0.000" /><testcase classname="tests.test_48m_challenge.TestAPIClientJitter" name="test_jitter_prevents_thundering_herd" time="0.000" /><testcase classname="tests.test_48m_challenge.TestAPIClientJitter" name="test_concurrent_requests_spread" time="0.341" /><testcase classname="tests.test_48m_challenge.TestAPIClientRequestDeduplication" name="test_request_id_generation" time="0.000" /><testcase classname="tests.test_48m_challenge.TestAPIClientRequestDeduplication" name="test_batch_request_deduplication" time="0.000" /><testcase classname="tests.test_48m_challenge.TestAllEndpointsAfterRestart" name="test_health_endpoint" time="0.041" /><testcase classname="tests.test_48m_challenge.TestAllEndpointsAfterRestart" name="test_status_endpoint" time="0.044" /><testcase classname="tests.test_48m_challenge.TestAllEndpointsAfterRestart" name="test_supervisor_status_endpoint" time="0.080" /><testcase classname="tests.test_48m_challenge.TestAllEndpointsAfterRestart" name="test_rate_limit_status_endpoint" time="0.037" /><testcase classname="tests.test_48m_challenge.TestAllEndpointsAfterRestart" name="test_rate_limit_tiers_endpoint" time="0.039" /><testcase classname="tests.test_48m_challenge.TestAllEndpointsAfterRestart" name="test_translate_languages_endpoint" time="0.039" /><testcase classname="tests.test_48m_challenge.TestAllEndpointsAfterRestart" name="test_translate_batch_endpoint" time="1.271" /><testcase classname="tests.test_48m_challenge.TestAllEndpointsAfterRestart" name="test_skills_available_endpoint" time="0.046" /><testcase classname="tests.test_48m_challenge.TestAllEndpointsAfterRestart" name="test_companies_endpoint" time="0.040"><failure message="AssertionError: assert 'companies' in [{'admins': ['user_ff68f10975b6'], 'benefits': [], 'created_at': '2026-01-17T19:07:54.187064+00:00', 'created_by': 'user_ff68f10975b6', ...}]">tests/test_48m_challenge.py:314: in test_companies_endpoint
    assert 'companies' in data
E   AssertionError: assert 'companies' in [{'admins': ['user_ff68f10975b6'], 'benefits': [], 'created_at': '2026-01-17T19:07:54.187064+00:00', 'created_by': 'user_ff68f10975b6', ...}]</failure></testcase><testcase classname="tests.test_48m_challenge.TestAuthenticationFlow" name="test_login_with_admin_credentials" time="0.042" /><testcase classname="tests.test_48m_challenge.TestAuthenticationFlow" name="test_get_profile_with_token" time="0.078" /><testcase classname="tests.test_48m_challenge.TestResumeUploadAndParsing" name="test_resume_endpoint_requires_auth" time="0.037" /><testcase classname="tests.test_48m_challenge.TestResumeUploadAndParsing" name="test_resume_endpoint_with_auth" time="0.074" /><testcase classname="tests.test_48m_challenge.TestJobSearch" name="test_job_search_endpoint" time="0.657" /><testcase classname="tests.test_48m_challenge.TestJobSearch" name="test_job_search_with_filters" time="0.563" /><testcase classname="tests.test_48m_challenge.TestFourNewFeatures" name="test_linkedin_status_endpoint" time="0.089" /><testcase classname="tests.test_48m_challenge.TestFourNewFeatures" name="test_feedback_categories_endpoint" time="0.044" /><testcase classname="tests.test_48m_challenge.TestFourNewFeatures" name="test_autofill_data_endpoint" time="0.079"><failure message="AssertionError: assert 'categories' in {'autofill_data': {'education': [], 'personal': [{'field_label': 'Full Name', 'field_name': 'full_name', 'value': 'Charles Muchina'}, {'field_label': 'First Name', 'field_name': 'first_name', 'value': 'Charles'}, {'field_label': 'Last Name', 'field_name': 'last_name', 'value': 'Muchina'}, {'field_label': 'Email Address', 'field_name': 'email', 'value': 'cmuchina@outlookcom'}, {'field_label': 'Phone Number', 'field_name': 'phone', 'value': '(818) 200-7213'}], 'professional': [{'field_label': 'Professional Summary', 'field_name': 'summary', 'value': 'Quality Systems &amp; Compliance leader in medical devices/healthcare with extensive experience building and maintaining QMS and supplier quality programs aligned to ISO 13485, FDA 21 CFR 820, and EU MDR. Proven track record leading global supplier audits, risk management, nonconformance/CAPA, and process validation while driving continuous improvement using data analytics, SPC, Lean Six Sigma, and quality metrics reporting.'}], 'skills': [{'field_label': 'Skills (comma-separated)', 'field_name': 'skills_list', 'value': 'Quality Management Systems (QMS), Supplier Quality Management, Supplier Quality Engineering, Supplier Development, Supplier Audits, Supplier Qualification, Supplier Risk Management, Regulatory Compliance, ISO 13485, FDA 21 CFR 820 (QSR), EU MDR, ISO 9001, IEC 60601, Purchasing Controls, CAPA (Corrective and Preventive Actions), Non-Conformance Management, NCR, RMA, MRB, Root Cause Investigation'}, {'field_label': 'Top 5 Skills', 'field_name': 'top_skills', 'value': 'Quality Management Systems (QMS), Supplier Quality Management, Supplier Quality Engineering, Supplier Development, Supplier Audits'}], ...}, 'fields_available': 11, 'last_updated': '2026-01-18T03:13:25.531355+00:00', 'resume_name': 'Charles Muchina'}">tests/test_48m_challenge.py:493: in test_autofill_data_endpoint
    assert 'categories' in data
E   AssertionError: assert 'categories' in {'autofill_data': {'education': [], 'personal': [{'field_label': 'Full Name', 'field_name': 'full_name', 'value': 'Charles Muchina'}, {'field_label': 'First Name', 'field_name': 'first_name', 'value': 'Charles'}, {'field_label': 'Last Name', 'field_name': 'last_name', 'value': 'Muchina'}, {'field_label': 'Email Address', 'field_name': 'email', 'value': 'cmuchina@outlookcom'}, {'field_label': 'Phone Number', 'field_name': 'phone', 'value': '(818) 200-7213'}], 'professional': [{'field_label': 'Professional Summary', 'field_name': 'summary', 'value': 'Quality Systems &amp; Compliance leader in medical devices/healthcare with extensive experience building and maintaining QMS and supplier quality programs aligned to ISO 13485, FDA 21 CFR 820, and EU MDR. Proven track record leading global supplier audits, risk management, nonconformance/CAPA, and process validation while driving continuous improvement using data analytics, SPC, Lean Six Sigma, and quality metrics reporting.'}], 'skills': [{'field_label': 'Skills (comma-separated)', 'field_name': 'skills_list', 'value': 'Quality Management Systems (QMS), Supplier Quality Management, Supplier Quality Engineering, Supplier Development, Supplier Audits, Supplier Qualification, Supplier Risk Management, Regulatory Compliance, ISO 13485, FDA 21 CFR 820 (QSR), EU MDR, ISO 9001, IEC 60601, Purchasing Controls, CAPA (Corrective and Preventive Actions), Non-Conformance Management, NCR, RMA, MRB, Root Cause Investigation'}, {'field_label': 'Top 5 Skills', 'field_name': 'top_skills', 'value': 'Quality Management Systems (QMS), Supplier Quality Management, Supplier Quality Engineering, Supplier Development, Supplier Audits'}], ...}, 'fields_available': 11, 'last_updated': '2026-01-18T03:13:25.531355+00:00', 'resume_name': 'Charles Muchina'}</failure></testcase></testsuite></testsuites>