<?xml version="1.0" encoding="utf-8"?><testsuites name="pytest tests"><testsuite name="pytest" errors="0" failures="0" skipped="0" tests="18" time="22.773" timestamp="2026-03-01T22:14:58.026723+00:00" hostname="agent-env-a67a787b-ec5b-4ed3-926b-5f7b95f0a054"><testcase classname="tests.test_ai_coach_whiteboard_iteration150.TestAICoachEndpoints" name="test_ai_coach_tip_returns_coaching_advice" time="1.639" /><testcase classname="tests.test_ai_coach_whiteboard_iteration150.TestAICoachEndpoints" name="test_ai_coach_tip_high_urgency_for_low_engagement" time="1.628" /><testcase classname="tests.test_ai_coach_whiteboard_iteration150.TestAICoachEndpoints" name="test_ai_coach_report_returns_summary" time="7.684" /><testcase classname="tests.test_ai_coach_whiteboard_iteration150.TestAICoachEndpoints" name="test_ai_coach_report_nonexistent_meeting" time="0.257" /><testcase classname="tests.test_ai_coach_whiteboard_iteration150.TestAICoachEndpoints" name="test_ai_coach_endpoints_require_auth" time="0.353" /><testcase classname="tests.test_ai_coach_whiteboard_iteration150.TestBackendRegression" name="test_regression_ai_research_endpoint" time="7.149" /><testcase classname="tests.test_ai_coach_whiteboard_iteration150.TestBackendRegression" name="test_regression_voice_command_endpoint" time="0.709" /><testcase classname="tests.test_ai_coach_whiteboard_iteration150.TestBackendRegression" name="test_regression_sentiment_analysis_endpoint" time="2.029" /><testcase classname="tests.test_ai_coach_whiteboard_iteration150.TestBackendRegression" name="test_regression_translate_caption_endpoint" time="1.004" /><testcase classname="tests.test_ai_coach_whiteboard_iteration150.TestBackendRegression" name="test_regression_languages_endpoint" time="0.239" /><testcase classname="tests.test_ai_coach_whiteboard_iteration150.TestFrontendDataTestIds" name="test_webinar_live_room_has_coach_toggle" time="0.000" /><testcase classname="tests.test_ai_coach_whiteboard_iteration150.TestFrontendDataTestIds" name="test_webinar_live_room_has_coach_tips_panel" time="0.000" /><testcase classname="tests.test_ai_coach_whiteboard_iteration150.TestFrontendDataTestIds" name="test_webinar_live_room_has_eye_contact_toggle" time="0.000" /><testcase classname="tests.test_ai_coach_whiteboard_iteration150.TestFrontendDataTestIds" name="test_webinar_live_room_has_whiteboard_toggle" time="0.000" /><testcase classname="tests.test_ai_coach_whiteboard_iteration150.TestFrontendDataTestIds" name="test_enhanced_whiteboard_has_drawing_tools" time="0.000" /><testcase classname="tests.test_ai_coach_whiteboard_iteration150.TestFrontendDataTestIds" name="test_enhanced_whiteboard_has_action_buttons" time="0.000" /><testcase classname="tests.test_ai_coach_whiteboard_iteration150.TestFrontendDataTestIds" name="test_enhanced_whiteboard_has_canvas" time="0.000" /><testcase classname="tests.test_ai_coach_whiteboard_iteration150.TestFrontendDataTestIds" name="test_ai_assistant_panel_has_three_tabs" time="0.000" /></testsuite></testsuites>