<?xml version="1.0" encoding="utf-8"?><testsuites name="pytest tests"><testsuite name="pytest" errors="0" failures="0" skipped="0" tests="20" time="18.559" timestamp="2026-01-20T14:43:27.420146+00:00" hostname="agent-env-9b05d5a3-8b6e-4961-98bc-882262d65a7d"><testcase classname="tests.test_ai_supervisor_stress.TestAISupervisorHealth" name="test_supervisor_status_endpoint" time="0.097" /><testcase classname="tests.test_ai_supervisor_stress.TestAISupervisorHealth" name="test_health_score_calculation" time="0.046" /><testcase classname="tests.test_ai_supervisor_stress.TestAISupervisorHealth" name="test_supervisor_health_endpoint" time="0.043" /><testcase classname="tests.test_ai_supervisor_stress.TestRateLimiterAdaptiveScaling" name="test_rate_limiter_configuration" time="0.039" /><testcase classname="tests.test_ai_supervisor_stress.TestRateLimiterAdaptiveScaling" name="test_rate_limit_tiers" time="0.045" /><testcase classname="tests.test_ai_supervisor_stress.TestRateLimiterAdaptiveScaling" name="test_rate_limit_headers" time="0.079" /><testcase classname="tests.test_ai_supervisor_stress.TestCircuitBreakers" name="test_circuit_breakers_status" time="0.040" /><testcase classname="tests.test_ai_supervisor_stress.TestCircuitBreakers" name="test_circuit_breaker_states" time="0.044" /><testcase classname="tests.test_ai_supervisor_stress.TestCircuitBreakers" name="test_circuit_breaker_thresholds" time="0.036" /><testcase classname="tests.test_ai_supervisor_stress.TestWorkerPool" name="test_worker_pool_configuration" time="0.039" /><testcase classname="tests.test_ai_supervisor_stress.TestWorkerPool" name="test_worker_utilization" time="0.078" /><testcase classname="tests.test_ai_supervisor_stress.TestPriorityQueue" name="test_queue_configuration" time="0.039" /><testcase classname="tests.test_ai_supervisor_stress.TestPriorityQueue" name="test_priority_levels" time="0.042" /><testcase classname="tests.test_ai_supervisor_stress.TestCapacityMetrics" name="test_capacity_configuration" time="0.045" /><testcase classname="tests.test_ai_supervisor_stress.TestConcurrentLoadStress" name="test_concurrent_health_checks" time="2.125" /><testcase classname="tests.test_ai_supervisor_stress.TestConcurrentLoadStress" name="test_concurrent_job_searches" time="2.472" /><testcase classname="tests.test_ai_supervisor_stress.TestConcurrentLoadStress" name="test_mixed_endpoint_load" time="3.966" /><testcase classname="tests.test_ai_supervisor_stress.TestAuthenticationStress" name="test_concurrent_logins" time="3.842" /><testcase classname="tests.test_ai_supervisor_stress.TestTranslationBatchLoad" name="test_batch_translation_endpoint" time="3.307" /><testcase classname="tests.test_ai_supervisor_stress.Test39LanguageSupport" name="test_supported_languages_count" time="2.042" /></testsuite></testsuites>