<?xml version="1.0" encoding="utf-8"?><testsuites name="pytest tests"><testsuite name="pytest" errors="0" failures="0" skipped="0" tests="12" time="6.821" timestamp="2026-03-08T23:27:49.766964+00:00" hostname="agent-env-2bc15204-51fb-488c-bd83-320795504e48"><testcase classname="tests.test_auth_duplicate_credentials_iteration198.TestSharedAuthBackend" name="test_admin_login_success" time="4.620" /><testcase classname="tests.test_auth_duplicate_credentials_iteration198.TestSharedAuthBackend" name="test_test_user_login" time="0.317" /><testcase classname="tests.test_auth_duplicate_credentials_iteration198.TestSharedAuthBackend" name="test_invalid_credentials_rejected" time="0.109" /><testcase classname="tests.test_auth_duplicate_credentials_iteration198.TestGitHubSSOEndpoint" name="test_github_login_returns_auth_url" time="0.200" /><testcase classname="tests.test_auth_duplicate_credentials_iteration198.TestGitHubSSOEndpoint" name="test_github_config_status" time="0.142" /><testcase classname="tests.test_auth_duplicate_credentials_iteration198.TestMicrosoftSSOEndpoint" name="test_microsoft_login_endpoint" time="0.128" /><testcase classname="tests.test_auth_duplicate_credentials_iteration198.TestAppleSSOEndpoint" name="test_apple_config_endpoint" time="0.109" /><testcase classname="tests.test_auth_duplicate_credentials_iteration198.TestPasskeyEndpoints" name="test_passkey_login_start_requires_email" time="0.142" /><testcase classname="tests.test_auth_duplicate_credentials_iteration198.TestPasskeyEndpoints" name="test_passkey_login_start_unknown_email" time="0.130" /><testcase classname="tests.test_auth_duplicate_credentials_iteration198.TestAuthMeEndpoint" name="test_auth_me_with_valid_token" time="0.343" /><testcase classname="tests.test_auth_duplicate_credentials_iteration198.TestAuthMeEndpoint" name="test_auth_me_without_token" time="0.125" /><testcase classname="tests.test_auth_duplicate_credentials_iteration198.TestAllPortalsUseSharedAuth" name="test_same_credentials_work_for_all_portals" time="0.285" /></testsuite></testsuites>