<?xml version="1.0" encoding="utf-8"?><testsuites name="pytest tests"><testsuite name="pytest" errors="0" failures="5" skipped="0" tests="26" time="93.420" timestamp="2026-02-26T13:09:06.710313+00:00" hostname="agent-env-94e03d11-4226-4984-9ccf-2e9cffbb5f8a"><testcase classname="backend.tests.test_breakout_rooms_iteration111.TestBreakoutRoomFeature" name="test_start_breakout_session_manual_rooms" time="1.167" /><testcase classname="backend.tests.test_breakout_rooms_iteration111.TestBreakoutRoomFeature" name="test_start_breakout_session_with_auto_assign" time="0.983" /><testcase classname="backend.tests.test_breakout_rooms_iteration111.TestBreakoutRoomFeature" name="test_start_breakout_non_host_forbidden" time="0.982"><failure message="AssertionError: Expected auth error, got 500&#10;assert 500 in [401, 403, 422]&#10; +  where 500 = &lt;Response [500]&gt;.status_code">backend/tests/test_breakout_rooms_iteration111.py:129: in test_start_breakout_non_host_forbidden
    assert res.status_code in [401, 403, 422], f"Expected auth error, got {res.status_code}"
E   AssertionError: Expected auth error, got 500
E   assert 500 in [401, 403, 422]
E    +  where 500 = &lt;Response [500]&gt;.status_code</failure></testcase><testcase classname="backend.tests.test_breakout_rooms_iteration111.TestBreakoutRoomFeature" name="test_get_breakout_session_status_none" time="0.982" /><testcase classname="backend.tests.test_breakout_rooms_iteration111.TestBreakoutRoomFeature" name="test_get_breakout_session_status_active" time="1.149" /><testcase classname="backend.tests.test_breakout_rooms_iteration111.TestBreakoutRoomFeature" name="test_close_breakout_session" time="1.164" /><testcase classname="backend.tests.test_breakout_rooms_iteration111.TestBreakoutRoomFeature" name="test_close_breakout_non_host_forbidden" time="0.925"><failure message="AssertionError: Expected auth error, got 500&#10;assert 500 in [401, 403, 422]&#10; +  where 500 = &lt;Response [500]&gt;.status_code">backend/tests/test_breakout_rooms_iteration111.py:205: in test_close_breakout_non_host_forbidden
    assert res.status_code in [401, 403, 422], f"Expected auth error, got {res.status_code}"
E   AssertionError: Expected auth error, got 500
E   assert 500 in [401, 403, 422]
E    +  where 500 = &lt;Response [500]&gt;.status_code</failure></testcase><testcase classname="backend.tests.test_breakout_rooms_iteration111.TestBreakoutRoomFeature" name="test_move_participant_between_rooms" time="1.119" /><testcase classname="backend.tests.test_breakout_rooms_iteration111.TestBreakoutRoomFeature" name="test_move_participant_max_capacity" time="1.061" /><testcase classname="backend.tests.test_breakout_rooms_iteration111.TestBreakoutRoomFeature" name="test_move_participant_non_host_forbidden" time="1.001"><failure message="AssertionError: Expected auth error, got 500&#10;assert 500 in [401, 403, 422]&#10; +  where 500 = &lt;Response [500]&gt;.status_code">backend/tests/test_breakout_rooms_iteration111.py:277: in test_move_participant_non_host_forbidden
    assert res.status_code in [401, 403, 422], f"Expected auth error, got {res.status_code}"
E   AssertionError: Expected auth error, got 500
E   assert 500 in [401, 403, 422]
E    +  where 500 = &lt;Response [500]&gt;.status_code</failure></testcase><testcase classname="backend.tests.test_breakout_rooms_iteration111.TestBreakoutRoomFeature" name="test_ai_auto_assign_preview" time="0.969" /><testcase classname="backend.tests.test_breakout_rooms_iteration111.TestBreakoutRoomFeature" name="test_ai_auto_assign_excludes_host" time="1.091" /><testcase classname="backend.tests.test_breakout_rooms_iteration111.TestBreakoutRoomFeature" name="test_ai_auto_assign_non_host_forbidden" time="0.956"><failure message="AssertionError: Expected auth error, got 500&#10;assert 500 in [401, 403, 422]&#10; +  where 500 = &lt;Response [500]&gt;.status_code">backend/tests/test_breakout_rooms_iteration111.py:336: in test_ai_auto_assign_non_host_forbidden
    assert res.status_code in [401, 403, 422], f"Expected auth error, got {res.status_code}"
E   AssertionError: Expected auth error, got 500
E   assert 500 in [401, 403, 422]
E    +  where 500 = &lt;Response [500]&gt;.status_code</failure></testcase><testcase classname="backend.tests.test_breakout_rooms_iteration111.TestBreakoutRoomFeature" name="test_create_single_breakout_room" time="1.023" /><testcase classname="backend.tests.test_breakout_rooms_iteration111.TestBreakoutRoomFeature" name="test_create_single_breakout_room_non_host_forbidden" time="37.051"><failure message="AssertionError: Expected auth error, got 500&#10;assert 500 in [401, 403, 422]&#10; +  where 500 = &lt;Response [500]&gt;.status_code">backend/tests/test_breakout_rooms_iteration111.py:366: in test_create_single_breakout_room_non_host_forbidden
    assert res.status_code in [401, 403, 422], f"Expected auth error, got {res.status_code}"
E   AssertionError: Expected auth error, got 500
E   assert 500 in [401, 403, 422]
E    +  where 500 = &lt;Response [500]&gt;.status_code</failure></testcase><testcase classname="backend.tests.test_breakout_rooms_iteration111.TestLobbyRegressionIteration111" name="test_lobby_join_guest" time="0.490" /><testcase classname="backend.tests.test_breakout_rooms_iteration111.TestLobbyRegressionIteration111" name="test_lobby_join_authenticated" time="36.313" /><testcase classname="backend.tests.test_breakout_rooms_iteration111.TestLobbyRegressionIteration111" name="test_lobby_waiting_list_host_only" time="0.893" /><testcase classname="backend.tests.test_breakout_rooms_iteration111.TestLobbyRegressionIteration111" name="test_lobby_admit_guest" time="0.635" /><testcase classname="backend.tests.test_breakout_rooms_iteration111.TestLobbyRegressionIteration111" name="test_lobby_deny_guest" time="0.590" /><testcase classname="backend.tests.test_breakout_rooms_iteration111.TestLobbyRegressionIteration111" name="test_lobby_status_poll" time="0.631" /><testcase classname="backend.tests.test_breakout_rooms_iteration111.TestMeetingRegressionIteration111" name="test_create_meeting" time="0.321" /><testcase classname="backend.tests.test_breakout_rooms_iteration111.TestMeetingRegressionIteration111" name="test_get_meeting_info" time="0.531" /><testcase classname="backend.tests.test_breakout_rooms_iteration111.TestMeetingRegressionIteration111" name="test_join_meeting_authenticated" time="0.453" /><testcase classname="backend.tests.test_breakout_rooms_iteration111.TestMeetingRegressionIteration111" name="test_join_meeting_guest" time="0.456" /><testcase classname="backend.tests.test_breakout_rooms_iteration111.TestMeetingRegressionIteration111" name="test_list_user_meetings" time="0.327" /></testsuite></testsuites>