<?xml version="1.0" encoding="utf-8"?><testsuites name="pytest tests"><testsuite name="pytest" errors="0" failures="11" skipped="0" tests="38" time="5.568" timestamp="2026-02-05T12:10:30.151430+00:00" hostname="agent-env-7f3a04a5-2d8e-4e04-aef1-e244edddcddc"><testcase classname="backend.tests.test_bug_fixes_retest.TestBugFixes" name="test_html_entities_decoded_in_job_titles" time="0.920" /><testcase classname="backend.tests.test_bug_fixes_retest.TestBugFixes" name="test_jobs_saved_endpoint_returns_200" time="0.053" /><testcase classname="backend.tests.test_bug_fixes_retest.TestBugFixes" name="test_jobs_alerts_endpoint_returns_200" time="0.059" /><testcase classname="backend.tests.test_bug_fixes_retest.TestBugFixes" name="test_interviews_endpoint_returns_200" time="0.049" /><testcase classname="backend.tests.test_bug_fixes_retest.TestBugFixes" name="test_metrics_endpoint_returns_200" time="0.042" /><testcase classname="backend.tests.test_bug_fixes_retest.TestBugFixes" name="test_credentials_admin_pending_returns_200" time="0.055" /><testcase classname="backend.tests.test_bug_fixes_retest.TestCoreFeatures" name="test_health_endpoint" time="0.038" /><testcase classname="backend.tests.test_bug_fixes_retest.TestCoreFeatures" name="test_job_seeker_login" time="0.036" /><testcase classname="backend.tests.test_bug_fixes_retest.TestCoreFeatures" name="test_admin_login" time="0.044"><failure message="KeyError: 'role'">backend/tests/test_bug_fixes_retest.py:194: in test_admin_login
    assert data["user"]["role"] == "admin"
           ^^^^^^^^^^^^^^^^^^^^
E   KeyError: 'role'</failure></testcase><testcase classname="backend.tests.test_bug_fixes_retest.TestCoreFeatures" name="test_invalid_login_rejected" time="0.036" /><testcase classname="backend.tests.test_bug_fixes_retest.TestCoreFeatures" name="test_job_search_returns_results" time="0.246" /><testcase classname="backend.tests.test_bug_fixes_retest.TestCoreFeatures" name="test_job_search_with_location" time="0.562" /><testcase classname="backend.tests.test_bug_fixes_retest.TestCoreFeatures" name="test_job_sources_endpoint" time="0.035" /><testcase classname="backend.tests.test_bug_fixes_retest.TestCoreFeatures" name="test_quality_keywords_endpoint" time="0.034" /><testcase classname="backend.tests.test_bug_fixes_retest.TestCoreFeatures" name="test_get_notifications" time="0.050" /><testcase classname="backend.tests.test_bug_fixes_retest.TestCoreFeatures" name="test_notification_preferences" time="0.049" /><testcase classname="backend.tests.test_bug_fixes_retest.TestCoreFeatures" name="test_major_hubs" time="0.040"><failure message="assert 404 == 200&#10; +  where 404 = &lt;Response [404]&gt;.status_code">backend/tests/test_bug_fixes_retest.py:281: in test_major_hubs
    assert response.status_code == 200
E   assert 404 == 200
E    +  where 404 = &lt;Response [404]&gt;.status_code</failure></testcase><testcase classname="backend.tests.test_bug_fixes_retest.TestCoreFeatures" name="test_distance_calculation" time="0.036"><failure message="assert 405 == 200&#10; +  where 405 = &lt;Response [405]&gt;.status_code">backend/tests/test_bug_fixes_retest.py:297: in test_distance_calculation
    assert response.status_code == 200
E   assert 405 == 200
E    +  where 405 = &lt;Response [405]&gt;.status_code</failure></testcase><testcase classname="backend.tests.test_bug_fixes_retest.TestCoreFeatures" name="test_geolocation_preferences" time="0.050" /><testcase classname="backend.tests.test_bug_fixes_retest.TestCoreFeatures" name="test_certifications_list" time="0.034" /><testcase classname="backend.tests.test_bug_fixes_retest.TestCoreFeatures" name="test_trust_score" time="0.050" /><testcase classname="backend.tests.test_bug_fixes_retest.TestCoreFeatures" name="test_trust_score_history" time="0.065" /><testcase classname="backend.tests.test_bug_fixes_retest.TestCoreFeatures" name="test_my_credentials" time="0.051" /><testcase classname="backend.tests.test_bug_fixes_retest.TestCoreFeatures" name="test_dragon_ai_assistant" time="0.089"><failure message="assert 404 == 200&#10; +  where 404 = &lt;Response [404]&gt;.status_code">backend/tests/test_bug_fixes_retest.py:384: in test_dragon_ai_assistant
    assert response.status_code == 200
E   assert 404 == 200
E    +  where 404 = &lt;Response [404]&gt;.status_code</failure></testcase><testcase classname="backend.tests.test_bug_fixes_retest.TestCoreFeatures" name="test_ai_cover_letter" time="0.048"><failure message="assert 404 == 200&#10; +  where 404 = &lt;Response [404]&gt;.status_code">backend/tests/test_bug_fixes_retest.py:404: in test_ai_cover_letter
    assert response.status_code == 200
E   assert 404 == 200
E    +  where 404 = &lt;Response [404]&gt;.status_code</failure></testcase><testcase classname="backend.tests.test_bug_fixes_retest.TestCoreFeatures" name="test_ai_interview_questions" time="0.047"><failure message="assert 404 == 200&#10; +  where 404 = &lt;Response [404]&gt;.status_code">backend/tests/test_bug_fixes_retest.py:423: in test_ai_interview_questions
    assert response.status_code == 200
E   assert 404 == 200
E    +  where 404 = &lt;Response [404]&gt;.status_code</failure></testcase><testcase classname="backend.tests.test_bug_fixes_retest.TestCoreFeatures" name="test_ai_deep_search" time="1.084" /><testcase classname="backend.tests.test_bug_fixes_retest.TestCoreFeatures" name="test_supported_languages" time="0.050"><failure message="assert 404 == 200&#10; +  where 404 = &lt;Response [404]&gt;.status_code">backend/tests/test_bug_fixes_retest.py:450: in test_supported_languages
    assert response.status_code == 200
E   assert 404 == 200
E    +  where 404 = &lt;Response [404]&gt;.status_code</failure></testcase><testcase classname="backend.tests.test_bug_fixes_retest.TestCoreFeatures" name="test_translate_text" time="0.042"><failure message="assert 404 == 200&#10; +  where 404 = &lt;Response [404]&gt;.status_code">backend/tests/test_bug_fixes_retest.py:466: in test_translate_text
    assert response.status_code == 200
E   assert 404 == 200
E    +  where 404 = &lt;Response [404]&gt;.status_code</failure></testcase><testcase classname="backend.tests.test_bug_fixes_retest.TestCoreFeatures" name="test_admin_pending_reviews" time="0.073" /><testcase classname="backend.tests.test_bug_fixes_retest.TestCoreFeatures" name="test_admin_review_stats" time="0.047" /><testcase classname="backend.tests.test_bug_fixes_retest.TestCoreFeatures" name="test_job_freshness_badges" time="0.217" /><testcase classname="backend.tests.test_bug_fixes_retest.TestCoreFeatures" name="test_save_and_unsave_job" time="0.254"><failure message="assert 422 == 200&#10; +  where 422 = &lt;Response [422]&gt;.status_code">backend/tests/test_bug_fixes_retest.py:533: in test_save_and_unsave_job
    assert save_response.status_code == 200
E   assert 422 == 200
E    +  where 422 = &lt;Response [422]&gt;.status_code</failure></testcase><testcase classname="backend.tests.test_bug_fixes_retest.TestCoreFeatures" name="test_report_expired_job" time="0.055"><failure message="assert 404 in [200, 201, 400]&#10; +  where 404 = &lt;Response [404]&gt;.status_code">backend/tests/test_bug_fixes_retest.py:572: in test_report_expired_job
    assert response.status_code in [200, 201, 400]
E   assert 404 in [200, 201, 400]
E    +  where 404 = &lt;Response [404]&gt;.status_code</failure></testcase><testcase classname="backend.tests.test_bug_fixes_retest.TestCoreFeatures" name="test_job_alerts_crud" time="0.079" /><testcase classname="backend.tests.test_bug_fixes_retest.TestDataIntegrity" name="test_match_score_range" time="0.339" /><testcase classname="backend.tests.test_bug_fixes_retest.TestDataIntegrity" name="test_protected_routes_require_auth" time="0.121"><failure message="AssertionError: /api/credentials/my-credentials should require auth&#10;assert 520 == 401&#10; +  where 520 = &lt;Response [520]&gt;.status_code">backend/tests/test_bug_fixes_retest.py:651: in test_protected_routes_require_auth
    assert response.status_code == 401, f"{endpoint} should require auth"
E   AssertionError: /api/credentials/my-credentials should require auth
E   assert 520 == 401
E    +  where 520 = &lt;Response [520]&gt;.status_code</failure></testcase><testcase classname="backend.tests.test_bug_fixes_retest.TestDataIntegrity" name="test_job_deduplication" time="0.182" /></testsuite></testsuites>