<?xml version="1.0" encoding="utf-8"?><testsuites name="pytest tests"><testsuite name="pytest" errors="0" failures="0" skipped="0" tests="14" time="7.974" timestamp="2026-02-28T22:07:39.600242+00:00" hostname="agent-env-1d9d7823-bdd5-4d5c-be3f-7d5351e2dd8a"><testcase classname="backend.tests.test_cloud_recordings_analytics_iteration140.TestRecordingsAPI" name="test_get_recordings_list" time="4.862" /><testcase classname="backend.tests.test_cloud_recordings_analytics_iteration140.TestRecordingsAPI" name="test_get_recordings_stats" time="0.163" /><testcase classname="backend.tests.test_cloud_recordings_analytics_iteration140.TestRecordingsAPI" name="test_upload_recording" time="0.331" /><testcase classname="backend.tests.test_cloud_recordings_analytics_iteration140.TestRecordingsAPI" name="test_save_local_recording_metadata" time="0.140" /><testcase classname="backend.tests.test_cloud_recordings_analytics_iteration140.TestRecordingsAPI" name="test_delete_recording" time="0.372" /><testcase classname="backend.tests.test_cloud_recordings_analytics_iteration140.TestRecordingsAPI" name="test_download_local_recording_returns_error" time="0.384" /><testcase classname="backend.tests.test_cloud_recordings_analytics_iteration140.TestWebinarAnalyticsAPI" name="test_webinar_analytics_structure" time="0.353" /><testcase classname="backend.tests.test_cloud_recordings_analytics_iteration140.TestWebinarAnalyticsAPI" name="test_webinar_analytics_funnel" time="0.131" /><testcase classname="backend.tests.test_cloud_recordings_analytics_iteration140.TestWebinarAnalyticsAPI" name="test_webinar_analytics_qa_stats" time="0.145" /><testcase classname="backend.tests.test_cloud_recordings_analytics_iteration140.TestWebinarAnalyticsAPI" name="test_webinar_analytics_engagement" time="0.113" /><testcase classname="backend.tests.test_cloud_recordings_analytics_iteration140.TestWebinarAnalyticsAPI" name="test_webinar_analytics_org_breakdown" time="0.114" /><testcase classname="backend.tests.test_cloud_recordings_analytics_iteration140.TestWebinarAnalyticsAPI" name="test_webinar_analytics_timeline" time="0.108" /><testcase classname="backend.tests.test_cloud_recordings_analytics_iteration140.TestWebinarAnalyticsAPI" name="test_webinar_analytics_max_attendees" time="0.113" /><testcase classname="backend.tests.test_cloud_recordings_analytics_iteration140.TestCleanup" name="test_cleanup_test_recordings" time="0.449" /></testsuite></testsuites>