<?xml version="1.0" encoding="utf-8"?><testsuites name="pytest tests"><testsuite name="pytest" errors="0" failures="21" skipped="0" tests="48" time="5.706" timestamp="2026-01-22T21:44:27.127347+00:00" hostname="agent-env-9b05d5a3-8b6e-4961-98bc-882262d65a7d"><testcase classname="tests.test_comprehensive_assessment.TestSystemHealth" name="test_health_endpoint" time="0.078" /><testcase classname="tests.test_comprehensive_assessment.TestSystemHealth" name="test_status_endpoint" time="0.043" /><testcase classname="tests.test_comprehensive_assessment.TestSystemHealth" name="test_supervisor_status" time="0.039" /><testcase classname="tests.test_comprehensive_assessment.TestSystemHealth" name="test_circuit_breakers_closed" time="0.041" /><testcase classname="tests.test_comprehensive_assessment.TestSystemHealth" name="test_rate_limiter_functioning" time="0.038" /><testcase classname="tests.test_comprehensive_assessment.TestSystemHealth" name="test_cache_system_operational" time="0.039" /><testcase classname="tests.test_comprehensive_assessment.TestAuthentication" name="test_login_success" time="0.042"><failure message="AssertionError: assert ('session_id' in {'access_token': 'MFNad2MIbE3ED5YRejVHa54szOZzipURySv9l4pZPGk', 'token_type': 'bearer', 'user': {'auth_method': 'admin', 'created_at': '2026-01-14T13:58:31.077920+00:00', 'email': 'admin@medmatch.com', 'is_admin': True, ...}} or 'user_id' in {'access_token': 'MFNad2MIbE3ED5YRejVHa54szOZzipURySv9l4pZPGk', 'token_type': 'bearer', 'user': {'auth_method': 'admin', 'created_at': '2026-01-14T13:58:31.077920+00:00', 'email': 'admin@medmatch.com', 'is_admin': True, ...}})">tests/test_comprehensive_assessment.py:78: in test_login_success
    assert "session_id" in data or "user_id" in data
E   AssertionError: assert ('session_id' in {'access_token': 'MFNad2MIbE3ED5YRejVHa54szOZzipURySv9l4pZPGk', 'token_type': 'bearer', 'user': {'auth_method': 'admin', 'created_at': '2026-01-14T13:58:31.077920+00:00', 'email': 'admin@medmatch.com', 'is_admin': True, ...}} or 'user_id' in {'access_token': 'MFNad2MIbE3ED5YRejVHa54szOZzipURySv9l4pZPGk', 'token_type': 'bearer', 'user': {'auth_method': 'admin', 'created_at': '2026-01-14T13:58:31.077920+00:00', 'email': 'admin@medmatch.com', 'is_admin': True, ...}})</failure></testcase><testcase classname="tests.test_comprehensive_assessment.TestAuthentication" name="test_login_invalid_credentials" time="0.037" /><testcase classname="tests.test_comprehensive_assessment.TestAuthentication" name="test_auth_me_unauthorized" time="0.041" /><testcase classname="tests.test_comprehensive_assessment.TestAuthentication" name="test_google_oauth_config" time="0.034"><failure message="assert 404 == 200&#10; +  where 404 = &lt;Response [404]&gt;.status_code">tests/test_comprehensive_assessment.py:96: in test_google_oauth_config
    assert response.status_code == 200
E   assert 404 == 200
E    +  where 404 = &lt;Response [404]&gt;.status_code</failure></testcase><testcase classname="tests.test_comprehensive_assessment.TestAuthentication" name="test_apple_signin_config" time="0.032" /><testcase classname="tests.test_comprehensive_assessment.TestJobsAPI" name="test_job_search" time="0.670"><failure message="assert False&#10; +  where False = isinstance({'jobs': [{'company': 'DataKind', 'description': &quot;&lt;div&gt;&lt;h2&gt;&lt;strong&gt;DataKind is looking for a Technical Project Manager to support the technical development and scaling of products!&lt;/strong&gt;&lt;/h2&gt;\n&lt;h2&gt;&lt;strong&gt;Location&lt;/strong&gt;&lt;/h2&gt;\n&lt;p&gt;Remote position available anywhere in the U.S. with working hours primarily between 8am-6pm Eastern Time.&amp;nbsp;&lt;/p&gt;\n&lt;h2&gt;&lt;strong&gt;Salary Range&lt;/strong&gt;&lt;/h2&gt;\n&lt;p&gt;The salary range is $95,000 - $110,000.&lt;/p&gt;\n&lt;p&gt;This range is based on DataKind's senior manager level salary band. Actual salary within this range will be base&quot;, 'id': '1129694', 'location': '', ...}, {'company': 'Adyen', 'description': '&lt;div&gt;&lt;p&gt;&lt;strong&gt;This is Adyen&lt;/strong&gt;&lt;/p&gt;\n&lt;p&gt;&lt;span style=&quot;font-weight: 400;&quot;&gt;Adyen provides payments, data, and financial products in a single solution for customers like Meta, Uber, H&amp;amp;M, and Microsoft - making us the financial technology platform of choice. At Adyen, everything we do is engineered for ambition.&amp;nbsp;&lt;/span&gt;&lt;/p&gt;\n&lt;p&gt;&lt;span style=&quot;font-weight: 400;&quot;&gt;For our teams, we create an environment with opportunities for our people to succeed, backed by the culture and support to ensure', 'id': '1129692', 'location': 'Amsterdam', ...}, {'company':...EMEA', 'description': 'We are KRAFTON â\x80\x93 a collective of independent game development studios brought together to create innovative and engaging entertainment experiences for gamers across the world. Since the release of our flagship title â\x80\x93 PUBG: BATTLEGROUNDS â\x80\x93 in 2017, it has become one of the highest-selling video games of all time with over 70 million copies sold. We are headquartered in Seoul, South Korea, with regional KRAFTON offices located across the globe.  We are looking for a Contract Writer to suppo', 'id': '1129689', 'location': '', ...}, {'company': 'SkySlope', 'description': '&lt;p&gt;&lt;b&gt;OUR ORIGIN STORY &lt;/b&gt;ð\x9f\x8e\x82&lt;/p&gt;&lt;p&gt;&lt;br&gt;&lt;/p&gt;&lt;p&gt;In 2011 SkySlope started as an idea born at the kitchen table of our CEO, with just him and two others. Headquartered in Sacramento, California, we have since grown out of our previous 3 offices and many of our close to 150 employees are spread all across the United States. Those 150 employees support close to 300,000 users across 5,000 offices nationwide and now in Canada as well. Included in that is 8 out of the 15 largest Real Estate Brokerages', 'id': '1129688', 'location': 'Remote', ...}, ...], 'total': 130}, list)">tests/test_comprehensive_assessment.py:120: in test_job_search
    assert isinstance(data, list)
E   assert False
E    +  where False = isinstance({'jobs': [{'company': 'DataKind', 'description': "&lt;div&gt;&lt;h2&gt;&lt;strong&gt;DataKind is looking for a Technical Project Manager to support the technical development and scaling of products!&lt;/strong&gt;&lt;/h2&gt;\n&lt;h2&gt;&lt;strong&gt;Location&lt;/strong&gt;&lt;/h2&gt;\n&lt;p&gt;Remote position available anywhere in the U.S. with working hours primarily between 8am-6pm Eastern Time.&amp;nbsp;&lt;/p&gt;\n&lt;h2&gt;&lt;strong&gt;Salary Range&lt;/strong&gt;&lt;/h2&gt;\n&lt;p&gt;The salary range is $95,000 - $110,000.&lt;/p&gt;\n&lt;p&gt;This range is based on DataKind's senior manager level salary band. Actual salary within this range will be base", 'id': '1129694', 'location': '', ...}, {'company': 'Adyen', 'description': '&lt;div&gt;&lt;p&gt;&lt;strong&gt;This is Adyen&lt;/strong&gt;&lt;/p&gt;\n&lt;p&gt;&lt;span style="font-weight: 400;"&gt;Adyen provides payments, data, and financial products in a single solution for customers like Meta, Uber, H&amp;amp;M, and Microsoft - making us the financial technology platform of choice. At Adyen, everything we do is engineered for ambition.&amp;nbsp;&lt;/span&gt;&lt;/p&gt;\n&lt;p&gt;&lt;span style="font-weight: 400;"&gt;For our teams, we create an environment with opportunities for our people to succeed, backed by the culture and support to ensure', 'id': '1129692', 'location': 'Amsterdam', ...}, {'company':...EMEA', 'description': 'We are KRAFTON â\x80\x93 a collective of independent game development studios brought together to create innovative and engaging entertainment experiences for gamers across the world. Since the release of our flagship title â\x80\x93 PUBG: BATTLEGROUNDS â\x80\x93 in 2017, it has become one of the highest-selling video games of all time with over 70 million copies sold. We are headquartered in Seoul, South Korea, with regional KRAFTON offices located across the globe.  We are looking for a Contract Writer to suppo', 'id': '1129689', 'location': '', ...}, {'company': 'SkySlope', 'description': '&lt;p&gt;&lt;b&gt;OUR ORIGIN STORY &lt;/b&gt;ð\x9f\x8e\x82&lt;/p&gt;&lt;p&gt;&lt;br&gt;&lt;/p&gt;&lt;p&gt;In 2011 SkySlope started as an idea born at the kitchen table of our CEO, with just him and two others. Headquartered in Sacramento, California, we have since grown out of our previous 3 offices and many of our close to 150 employees are spread all across the United States. Those 150 employees support close to 300,000 users across 5,000 offices nationwide and now in Canada as well. Included in that is 8 out of the 15 largest Real Estate Brokerages', 'id': '1129688', 'location': 'Remote', ...}, ...], 'total': 130}, list)</failure></testcase><testcase classname="tests.test_comprehensive_assessment.TestJobsAPI" name="test_job_search_with_filters" time="0.572" /><testcase classname="tests.test_comprehensive_assessment.TestJobsAPI" name="test_ai_deep_search" time="0.084" /><testcase classname="tests.test_comprehensive_assessment.TestResumeAPI" name="test_get_resume" time="1.156"><failure message="assert 401 == 200&#10; +  where 401 = &lt;Response [401]&gt;.status_code">tests/test_comprehensive_assessment.py:147: in test_get_resume
    assert response.status_code == 200
E   assert 401 == 200
E    +  where 401 = &lt;Response [401]&gt;.status_code</failure></testcase><testcase classname="tests.test_comprehensive_assessment.TestResumeAPI" name="test_autofill_data" time="0.047"><failure message="assert 401 in [200, 404]&#10; +  where 401 = &lt;Response [401]&gt;.status_code">tests/test_comprehensive_assessment.py:153: in test_autofill_data
    assert response.status_code in [200, 404]
E   assert 401 in [200, 404]
E    +  where 401 = &lt;Response [401]&gt;.status_code</failure></testcase><testcase classname="tests.test_comprehensive_assessment.TestCloudStorage" name="test_cloud_status" time="0.038" /><testcase classname="tests.test_comprehensive_assessment.TestCloudStorage" name="test_google_drive_configured" time="0.041" /><testcase classname="tests.test_comprehensive_assessment.TestCloudStorage" name="test_onedrive_configured" time="0.034" /><testcase classname="tests.test_comprehensive_assessment.TestCloudStorage" name="test_dropbox_configured" time="0.040" /><testcase classname="tests.test_comprehensive_assessment.TestCloudStorage" name="test_dropbox_auth_url" time="0.039"><failure message="assert 422 == 200&#10; +  where 422 = &lt;Response [422]&gt;.status_code">tests/test_comprehensive_assessment.py:192: in test_dropbox_auth_url
    assert response.status_code == 200
E   assert 422 == 200
E    +  where 422 = &lt;Response [422]&gt;.status_code</failure></testcase><testcase classname="tests.test_comprehensive_assessment.TestCloudStorage" name="test_onedrive_auth_url" time="0.039"><failure message="assert 422 == 200&#10; +  where 422 = &lt;Response [422]&gt;.status_code">tests/test_comprehensive_assessment.py:200: in test_onedrive_auth_url
    assert response.status_code == 200
E   assert 422 == 200
E    +  where 422 = &lt;Response [422]&gt;.status_code</failure></testcase><testcase classname="tests.test_comprehensive_assessment.TestLinkedIn" name="test_linkedin_status" time="0.036"><failure message="assert 401 == 200&#10; +  where 401 = &lt;Response [401]&gt;.status_code">tests/test_comprehensive_assessment.py:212: in test_linkedin_status
    assert response.status_code == 200
E   assert 401 == 200
E    +  where 401 = &lt;Response [401]&gt;.status_code</failure></testcase><testcase classname="tests.test_comprehensive_assessment.TestLinkedIn" name="test_linkedin_auth_url" time="0.039"><failure message="assert 422 == 200&#10; +  where 422 = &lt;Response [422]&gt;.status_code">tests/test_comprehensive_assessment.py:219: in test_linkedin_auth_url
    assert response.status_code == 200
E   assert 422 == 200
E    +  where 422 = &lt;Response [422]&gt;.status_code</failure></testcase><testcase classname="tests.test_comprehensive_assessment.TestPayments" name="test_membership_status" time="0.034"><failure message="assert 401 == 200&#10; +  where 401 = &lt;Response [401]&gt;.status_code">tests/test_comprehensive_assessment.py:231: in test_membership_status
    assert response.status_code == 200
E   assert 401 == 200
E    +  where 401 = &lt;Response [401]&gt;.status_code</failure></testcase><testcase classname="tests.test_comprehensive_assessment.TestPayments" name="test_paypal_create_payment" time="0.037"><failure message="assert 422 == 200&#10; +  where 422 = &lt;Response [422]&gt;.status_code">tests/test_comprehensive_assessment.py:241: in test_paypal_create_payment
    assert response.status_code == 200
E   assert 422 == 200
E    +  where 422 = &lt;Response [422]&gt;.status_code</failure></testcase><testcase classname="tests.test_comprehensive_assessment.TestPayments" name="test_stripe_checkout" time="0.075"><failure message="assert 401 in [200, 400, 500, 520]&#10; +  where 401 = &lt;Response [401]&gt;.status_code">tests/test_comprehensive_assessment.py:254: in test_stripe_checkout
    assert response.status_code in [200, 400, 500, 520]
E   assert 401 in [200, 400, 500, 520]
E    +  where 401 = &lt;Response [401]&gt;.status_code</failure></testcase><testcase classname="tests.test_comprehensive_assessment.TestTranslation" name="test_get_languages" time="0.036" /><testcase classname="tests.test_comprehensive_assessment.TestTranslation" name="test_batch_translate" time="1.194" /><testcase classname="tests.test_comprehensive_assessment.TestInterviewFeatures" name="test_interview_questions" time="0.038" /><testcase classname="tests.test_comprehensive_assessment.TestInterviewFeatures" name="test_qa_practice_categories" time="0.041"><failure message="assert 404 == 200&#10; +  where 404 = &lt;Response [404]&gt;.status_code">tests/test_comprehensive_assessment.py:294: in test_qa_practice_categories
    assert response.status_code == 200
E   assert 404 == 200
E    +  where 404 = &lt;Response [404]&gt;.status_code</failure></testcase><testcase classname="tests.test_comprehensive_assessment.TestFeedback" name="test_feedback_categories" time="0.037" /><testcase classname="tests.test_comprehensive_assessment.TestNotifications" name="test_notifications_endpoint" time="0.049" /><testcase classname="tests.test_comprehensive_assessment.TestCompanies" name="test_companies_list" time="0.060" /><testcase classname="tests.test_comprehensive_assessment.TestSkills" name="test_skills_assessments" time="0.054"><failure message="assert 404 in [200, 401]&#10; +  where 404 = &lt;Response [404]&gt;.status_code">tests/test_comprehensive_assessment.py:337: in test_skills_assessments
    assert response.status_code in [200, 401]
E   assert 404 in [200, 401]
E    +  where 404 = &lt;Response [404]&gt;.status_code</failure></testcase><testcase classname="tests.test_comprehensive_assessment.TestIDVerification" name="test_verification_levels" time="0.039" /><testcase classname="tests.test_comprehensive_assessment.TestAnalytics" name="test_analytics_dashboard" time="0.039" /><testcase classname="tests.test_comprehensive_assessment.TestMessages" name="test_messages_endpoint" time="0.034"><failure message="assert 404 in [200, 401]&#10; +  where 404 = &lt;Response [404]&gt;.status_code">tests/test_comprehensive_assessment.py:368: in test_messages_endpoint
    assert response.status_code in [200, 401]
E   assert 404 in [200, 401]
E    +  where 404 = &lt;Response [404]&gt;.status_code</failure></testcase><testcase classname="tests.test_comprehensive_assessment.TestRecruiter" name="test_recruiter_jobs" time="0.036" /><testcase classname="tests.test_comprehensive_assessment.TestScheduling" name="test_scheduling_slots" time="0.038"><failure message="assert 404 in [200, 401]&#10; +  where 404 = &lt;Response [404]&gt;.status_code">tests/test_comprehensive_assessment.py:388: in test_scheduling_slots
    assert response.status_code in [200, 401]
E   assert 404 in [200, 401]
E    +  where 404 = &lt;Response [404]&gt;.status_code</failure></testcase><testcase classname="tests.test_comprehensive_assessment.TestDigest" name="test_digest_settings" time="0.036" /><testcase classname="tests.test_comprehensive_assessment.TestDragon" name="test_dragon_chat" time="0.039"><failure message="assert 404 in [200, 401]&#10; +  where 404 = &lt;Response [404]&gt;.status_code">tests/test_comprehensive_assessment.py:411: in test_dragon_chat
    assert response.status_code in [200, 401]
E   assert 404 in [200, 401]
E    +  where 404 = &lt;Response [404]&gt;.status_code</failure></testcase><testcase classname="tests.test_comprehensive_assessment.TestBiometric" name="test_biometric_status" time="0.033"><failure message="assert 429 in [200, 401]&#10; +  where 429 = &lt;Response [429]&gt;.status_code">tests/test_comprehensive_assessment.py:421: in test_biometric_status
    assert response.status_code in [200, 401]
E   assert 429 in [200, 401]
E    +  where 429 = &lt;Response [429]&gt;.status_code</failure></testcase><testcase classname="tests.test_comprehensive_assessment.TestVideoInterview" name="test_video_interview_status" time="0.035"><failure message="assert 429 in [200, 401]&#10; +  where 429 = &lt;Response [429]&gt;.status_code">tests/test_comprehensive_assessment.py:431: in test_video_interview_status
    assert response.status_code in [200, 401]
E   assert 429 in [200, 401]
E    +  where 429 = &lt;Response [429]&gt;.status_code</failure></testcase><testcase classname="tests.test_comprehensive_assessment.TestPushNotifications" name="test_push_subscribe" time="0.044"><failure message="assert 429 in [200, 400, 401]&#10; +  where 429 = &lt;Response [429]&gt;.status_code">tests/test_comprehensive_assessment.py:443: in test_push_subscribe
    assert response.status_code in [200, 400, 401]
E   assert 429 in [200, 400, 401]
E    +  where 429 = &lt;Response [429]&gt;.status_code</failure></testcase><testcase classname="tests.test_comprehensive_assessment.TestResponseTimes" name="test_health_response_time" time="0.033" /><testcase classname="tests.test_comprehensive_assessment.TestResponseTimes" name="test_status_response_time" time="0.037" /><testcase classname="tests.test_comprehensive_assessment.TestResponseTimes" name="test_job_search_response_time" time="0.033"><failure message="assert 429 == 200&#10; +  where 429 = &lt;Response [429]&gt;.status_code">tests/test_comprehensive_assessment.py:470: in test_job_search_response_time
    assert response.status_code == 200
E   assert 429 == 200
E    +  where 429 = &lt;Response [429]&gt;.status_code</failure></testcase></testsuite></testsuites>