<?xml version="1.0" encoding="utf-8"?><testsuites name="pytest tests"><testsuite name="pytest" errors="0" failures="0" skipped="0" tests="16" time="3.699" timestamp="2026-02-03T04:22:20.529389+00:00" hostname="agent-env-c10d5e9a-901c-4509-9b6b-7e9f493ad5aa"><testcase classname="backend.tests.test_comprehensive_i18n.TestLanguagesAPI" name="test_languages_returns_200" time="0.062" /><testcase classname="backend.tests.test_comprehensive_i18n.TestLanguagesAPI" name="test_languages_count_55_plus" time="0.037" /><testcase classname="backend.tests.test_comprehensive_i18n.TestLanguagesAPI" name="test_african_languages_present" time="0.037" /><testcase classname="backend.tests.test_comprehensive_i18n.TestGenderRulesAPI" name="test_gender_rules_returns_200" time="0.039" /><testcase classname="backend.tests.test_comprehensive_i18n.TestGenderRulesAPI" name="test_24_gendered_languages" time="0.039" /><testcase classname="backend.tests.test_comprehensive_i18n.TestGenderRulesAPI" name="test_gendered_languages_list" time="0.038" /><testcase classname="backend.tests.test_comprehensive_i18n.TestGenderAwareTranslation" name="test_spanish_feminine_translation" time="1.039" /><testcase classname="backend.tests.test_comprehensive_i18n.TestGenderAwareTranslation" name="test_french_masculine_translation" time="0.954" /><testcase classname="backend.tests.test_comprehensive_i18n.TestTranslationAnalyticsDashboard" name="test_dashboard_requires_admin" time="0.035" /><testcase classname="backend.tests.test_comprehensive_i18n.TestTranslationAnalyticsDashboard" name="test_dashboard_with_admin" time="0.081" /><testcase classname="backend.tests.test_comprehensive_i18n.TestTranslationAnalyticsDashboard" name="test_dashboard_summary_fields" time="0.083" /><testcase classname="backend.tests.test_comprehensive_i18n.TestTranslationMemory" name="test_memory_lookup" time="0.039" /><testcase classname="backend.tests.test_comprehensive_i18n.TestTranslationMemory" name="test_memory_stats" time="0.095" /><testcase classname="backend.tests.test_comprehensive_i18n.TestBatchTranslation" name="test_batch_translate" time="0.981" /><testcase classname="backend.tests.test_comprehensive_i18n.TestBatchTranslation" name="test_batch_translate_empty" time="0.033" /><testcase classname="backend.tests.test_comprehensive_i18n.TestQualityScoring" name="test_quality_score" time="0.037" /></testsuite></testsuites>