<?xml version="1.0" encoding="utf-8"?><testsuites name="pytest tests"><testsuite name="pytest" errors="0" failures="3" skipped="0" tests="26" time="28.784" timestamp="2026-02-02T20:45:21.899513+00:00" hostname="agent-env-8cabe7c9-b3fb-4d32-aafa-a4cfec47554c"><testcase classname="backend.tests.test_comprehensive_features.TestAuthentication" name="test_login_success" time="0.133" /><testcase classname="backend.tests.test_comprehensive_features.TestAuthentication" name="test_login_invalid_credentials" time="0.045" /><testcase classname="backend.tests.test_comprehensive_features.TestAuthentication" name="test_register_new_user" time="0.056" /><testcase classname="backend.tests.test_comprehensive_features.TestAuthentication" name="test_get_current_user" time="0.061" /><testcase classname="backend.tests.test_comprehensive_features.TestAuthentication" name="test_logout" time="0.061" /><testcase classname="backend.tests.test_comprehensive_features.TestJobSearch" name="test_search_jobs" time="0.607" /><testcase classname="backend.tests.test_comprehensive_features.TestJobSearch" name="test_search_jobs_with_filters" time="0.531" /><testcase classname="backend.tests.test_comprehensive_features.TestJobSearch" name="test_get_saved_jobs" time="0.066" /><testcase classname="backend.tests.test_comprehensive_features.TestJobSearch" name="test_save_job" time="0.076"><failure message="AssertionError: assert 'id' in {'message': 'Job saved', 'saved_job': {'id': 'c87e519b-7c8a-4bf8-9418-d9a0430176c3', 'job': {'company': 'Test Company', 'description': 'Test job description', 'id': '2e55f451-a3b9-43a1-b79c-b5ccf353795c', 'location': 'Remote', ...}, 'saved_at': '2026-02-02T20:45:23.594632+00:00', 'user_id': 'user_7b946e3f264d'}}">backend/tests/test_comprehensive_features.py:160: in test_save_job
    assert "id" in data
E   AssertionError: assert 'id' in {'message': 'Job saved', 'saved_job': {'id': 'c87e519b-7c8a-4bf8-9418-d9a0430176c3', 'job': {'company': 'Test Company', 'description': 'Test job description', 'id': '2e55f451-a3b9-43a1-b79c-b5ccf353795c', 'location': 'Remote', ...}, 'saved_at': '2026-02-02T20:45:23.594632+00:00', 'user_id': 'user_7b946e3f264d'}}</failure></testcase><testcase classname="backend.tests.test_comprehensive_features.TestApplications" name="test_create_application" time="0.103" /><testcase classname="backend.tests.test_comprehensive_features.TestApplications" name="test_get_applications" time="0.059" /><testcase classname="backend.tests.test_comprehensive_features.TestApplications" name="test_update_application_status" time="0.108"><failure message="AssertionError: Update status failed: {&quot;detail&quot;:&quot;Method Not Allowed&quot;}&#10;assert 405 == 200&#10; +  where 405 = &lt;Response [405]&gt;.status_code">backend/tests/test_comprehensive_features.py:234: in test_update_application_status
    assert response.status_code == 200, f"Update status failed: {response.text}"
E   AssertionError: Update status failed: {"detail":"Method Not Allowed"}
E   assert 405 == 200
E    +  where 405 = &lt;Response [405]&gt;.status_code</failure></testcase><testcase classname="backend.tests.test_comprehensive_features.TestResume" name="test_get_resume" time="0.061" /><testcase classname="backend.tests.test_comprehensive_features.TestAIFeatures" name="test_ai_assistant" time="9.038" /><testcase classname="backend.tests.test_comprehensive_features.TestAIFeatures" name="test_interview_prep_generate" time="11.837" /><testcase classname="backend.tests.test_comprehensive_features.TestAIFeatures" name="test_interview_prep_history" time="0.094" /><testcase classname="backend.tests.test_comprehensive_features.TestAIFeatures" name="test_quick_probability" time="0.056" /><testcase classname="backend.tests.test_comprehensive_features.TestAIFeatures" name="test_voice_coach" time="4.960" /><testcase classname="backend.tests.test_comprehensive_features.TestAIFeatures" name="test_stt_status" time="0.082" /><testcase classname="backend.tests.test_comprehensive_features.TestAIFeatures" name="test_cover_letter_history" time="0.104" /><testcase classname="backend.tests.test_comprehensive_features.TestAIFeatures" name="test_prediction_history" time="0.058" /><testcase classname="backend.tests.test_comprehensive_features.TestMembership" name="test_get_membership_status" time="0.060" /><testcase classname="backend.tests.test_comprehensive_features.TestNotifications" name="test_get_notifications" time="0.116" /><testcase classname="backend.tests.test_comprehensive_features.TestCompanies" name="test_get_companies" time="0.146" /><testcase classname="backend.tests.test_comprehensive_features.TestMessages" name="test_get_conversations" time="0.060" /><testcase classname="backend.tests.test_comprehensive_features.TestSkillAssessments" name="test_get_assessments" time="0.054"><failure message="AssertionError: Get assessments failed: {&quot;detail&quot;:&quot;Not Found&quot;}&#10;assert 404 == 200&#10; +  where 404 = &lt;Response [404]&gt;.status_code">backend/tests/test_comprehensive_features.py:477: in test_get_assessments
    assert response.status_code == 200, f"Get assessments failed: {response.text}"
E   AssertionError: Get assessments failed: {"detail":"Not Found"}
E   assert 404 == 200
E    +  where 404 = &lt;Response [404]&gt;.status_code</failure></testcase></testsuite></testsuites>