<?xml version="1.0" encoding="utf-8"?><testsuites name="pytest tests"><testsuite name="pytest" errors="0" failures="0" skipped="0" tests="56" time="18.376" timestamp="2026-02-27T01:32:21.932470+00:00" hostname="agent-env-8ea33314-3e0c-474d-8fd4-ef67cee881e3"><testcase classname="tests.test_comprehensive_final_validation.TestHealthAndBasics" name="test_health_endpoint" time="0.378" /><testcase classname="tests.test_comprehensive_final_validation.TestAuthUserManagement" name="test_admin_login_returns_access_token" time="0.158" /><testcase classname="tests.test_comprehensive_final_validation.TestAuthUserManagement" name="test_test_user_login_returns_access_token" time="0.117" /><testcase classname="tests.test_comprehensive_final_validation.TestAuthUserManagement" name="test_login_wrong_password_returns_error" time="0.143" /><testcase classname="tests.test_comprehensive_final_validation.TestAuthUserManagement" name="test_auth_me_with_valid_token" time="0.266" /><testcase classname="tests.test_comprehensive_final_validation.TestAuthUserManagement" name="test_auth_me_no_token_returns_401" time="0.121" /><testcase classname="tests.test_comprehensive_final_validation.TestAuthUserManagement" name="test_auth_me_invalid_token_returns_401" time="0.158" /><testcase classname="tests.test_comprehensive_final_validation.TestAuthUserManagement" name="test_auth_preferences_get" time="0.280" /><testcase classname="tests.test_comprehensive_final_validation.TestAuthUserManagement" name="test_auth_preferences_update" time="0.247" /><testcase classname="tests.test_comprehensive_final_validation.TestMeetingCRUD" name="test_create_meeting" time="0.285" /><testcase classname="tests.test_comprehensive_final_validation.TestMeetingCRUD" name="test_get_meetings_list" time="0.277" /><testcase classname="tests.test_comprehensive_final_validation.TestMeetingCRUD" name="test_get_meeting_info" time="0.353" /><testcase classname="tests.test_comprehensive_final_validation.TestMeetingCRUD" name="test_meetings_no_auth_returns_401" time="0.130" /><testcase classname="tests.test_comprehensive_final_validation.TestGuest2FAFlow" name="test_guest_register_sends_otp" time="0.418" /><testcase classname="tests.test_comprehensive_final_validation.TestGuest2FAFlow" name="test_guest_register_invalid_email" time="0.142" /><testcase classname="tests.test_comprehensive_final_validation.TestGuest2FAFlow" name="test_guest_verify_otp_correct" time="0.491" /><testcase classname="tests.test_comprehensive_final_validation.TestGuest2FAFlow" name="test_guest_verify_otp_wrong" time="0.145" /><testcase classname="tests.test_comprehensive_final_validation.TestGuest2FAFlow" name="test_guest_age_declaration_confirmed" time="0.548" /><testcase classname="tests.test_comprehensive_final_validation.TestGuest2FAFlow" name="test_guest_age_declaration_not_confirmed" time="0.122" /><testcase classname="tests.test_comprehensive_final_validation.TestGuest2FAFlow" name="test_guest_status" time="0.112" /><testcase classname="tests.test_comprehensive_final_validation.TestGuest2FAFlow" name="test_guest_resend_otp" time="0.511" /><testcase classname="tests.test_comprehensive_final_validation.TestLobbyFlow" name="test_lobby_join" time="0.407" /><testcase classname="tests.test_comprehensive_final_validation.TestLobbyFlow" name="test_lobby_waiting_list" time="0.509" /><testcase classname="tests.test_comprehensive_final_validation.TestLobbyFlow" name="test_lobby_admit" time="0.581" /><testcase classname="tests.test_comprehensive_final_validation.TestLobbyFlow" name="test_lobby_status" time="0.514" /><testcase classname="tests.test_comprehensive_final_validation.TestLobbyFlow" name="test_lobby_admit_all" time="0.651" /><testcase classname="tests.test_comprehensive_final_validation.TestBreakoutRooms" name="test_breakout_session_start" time="0.393" /><testcase classname="tests.test_comprehensive_final_validation.TestBreakoutRooms" name="test_breakout_session_close" time="0.484" /><testcase classname="tests.test_comprehensive_final_validation.TestCalendarAndSharing" name="test_calendar_ics_export" time="0.436" /><testcase classname="tests.test_comprehensive_final_validation.TestCalendarAndSharing" name="test_social_sharing_links" time="0.406" /><testcase classname="tests.test_comprehensive_final_validation.TestCalendarAndSharing" name="test_calendar_status" time="0.273" /><testcase classname="tests.test_comprehensive_final_validation.TestCalendarAndSharing" name="test_microsoft_calendar_connect" time="0.241" /><testcase classname="tests.test_comprehensive_final_validation.TestCalendarAndSharing" name="test_google_calendar_connect" time="0.297" /><testcase classname="tests.test_comprehensive_final_validation.TestCalendarAndSharing" name="test_calendar_disconnect" time="0.301" /><testcase classname="tests.test_comprehensive_final_validation.TestEnterpriseOrganizations" name="test_get_organization_details" time="0.244" /><testcase classname="tests.test_comprehensive_final_validation.TestEnterpriseOrganizations" name="test_get_organization_employees" time="0.245" /><testcase classname="tests.test_comprehensive_final_validation.TestEnterpriseOrganizations" name="test_get_organization_rooms" time="0.256" /><testcase classname="tests.test_comprehensive_final_validation.TestEnterpriseOrganizations" name="test_get_organization_branding" time="0.249" /><testcase classname="tests.test_comprehensive_final_validation.TestEnterpriseOrganizations" name="test_verify_domain" time="0.271" /><testcase classname="tests.test_comprehensive_final_validation.TestSSOSAML" name="test_sso_metadata" time="0.126" /><testcase classname="tests.test_comprehensive_final_validation.TestSSOSAML" name="test_sso_configure_admin" time="0.226" /><testcase classname="tests.test_comprehensive_final_validation.TestSSOSAML" name="test_sso_configure_non_admin_returns_403" time="0.275" /><testcase classname="tests.test_comprehensive_final_validation.TestSSOSAML" name="test_sso_get_config" time="0.238" /><testcase classname="tests.test_comprehensive_final_validation.TestSSOSAML" name="test_sso_update_config" time="0.246" /><testcase classname="tests.test_comprehensive_final_validation.TestSSOSAML" name="test_sso_delete_config" time="0.311" /><testcase classname="tests.test_comprehensive_final_validation.TestSSOSAML" name="test_sso_discover" time="0.286" /><testcase classname="tests.test_comprehensive_final_validation.TestTranslations" name="test_translate_text" time="2.940" /><testcase classname="tests.test_comprehensive_final_validation.TestTranslations" name="test_get_supported_languages" time="0.144" /><testcase classname="tests.test_comprehensive_final_validation.TestAccessibility" name="test_accessibility_settings" time="0.380" /><testcase classname="tests.test_comprehensive_final_validation.TestRecordings" name="test_recordings_with_auth" time="0.244" /><testcase classname="tests.test_comprehensive_final_validation.TestRecordings" name="test_recordings_no_auth" time="0.108" /><testcase classname="tests.test_comprehensive_final_validation.TestScheduling" name="test_scheduled_meetings" time="0.295" /><testcase classname="tests.test_comprehensive_final_validation.TestAnalytics" name="test_analytics_dashboard" time="0.263" /><testcase classname="tests.test_comprehensive_final_validation.TestTranslationFiles" name="test_locale_files_exist" time="0.000" /><testcase classname="tests.test_comprehensive_final_validation.TestTranslationFiles" name="test_en_locale_has_2005_keys" time="0.001" /><testcase classname="tests.test_comprehensive_final_validation.TestTranslationFiles" name="test_key_locales_have_same_structure" time="0.004" /></testsuite></testsuites>