<?xml version="1.0" encoding="utf-8"?><testsuites name="pytest tests"><testsuite name="pytest" errors="0" failures="15" skipped="0" tests="56" time="17.908" timestamp="2026-02-27T01:30:14.456977+00:00" hostname="agent-env-8ea33314-3e0c-474d-8fd4-ef67cee881e3"><testcase classname="tests.test_comprehensive_final_validation.TestHealthAndBasics" name="test_health_endpoint" time="0.320" /><testcase classname="tests.test_comprehensive_final_validation.TestAuthUserManagement" name="test_admin_login_returns_access_token" time="0.217" /><testcase classname="tests.test_comprehensive_final_validation.TestAuthUserManagement" name="test_test_user_login_returns_access_token" time="0.184" /><testcase classname="tests.test_comprehensive_final_validation.TestAuthUserManagement" name="test_login_wrong_password_returns_error" time="0.146" /><testcase classname="tests.test_comprehensive_final_validation.TestAuthUserManagement" name="test_auth_me_with_valid_token" time="0.260" /><testcase classname="tests.test_comprehensive_final_validation.TestAuthUserManagement" name="test_auth_me_no_token_returns_401" time="0.224" /><testcase classname="tests.test_comprehensive_final_validation.TestAuthUserManagement" name="test_auth_me_invalid_token_returns_401" time="0.134" /><testcase classname="tests.test_comprehensive_final_validation.TestAuthUserManagement" name="test_auth_preferences_get" time="0.313" /><testcase classname="tests.test_comprehensive_final_validation.TestAuthUserManagement" name="test_auth_preferences_update" time="0.316" /><testcase classname="tests.test_comprehensive_final_validation.TestMeetingCRUD" name="test_create_meeting" time="0.332" /><testcase classname="tests.test_comprehensive_final_validation.TestMeetingCRUD" name="test_get_meetings_list" time="0.312" /><testcase classname="tests.test_comprehensive_final_validation.TestMeetingCRUD" name="test_get_meeting_info" time="0.394" /><testcase classname="tests.test_comprehensive_final_validation.TestMeetingCRUD" name="test_meetings_no_auth_returns_401" time="0.400" /><testcase classname="tests.test_comprehensive_final_validation.TestGuest2FAFlow" name="test_guest_register_sends_otp" time="0.155"><failure message="assert 422 in [200, 201]&#10; +  where 422 = &lt;Response [422]&gt;.status_code">tests/test_comprehensive_final_validation.py:207: in test_guest_register_sends_otp
    assert response.status_code in [200, 201]
E   assert 422 in [200, 201]
E    +  where 422 = &lt;Response [422]&gt;.status_code</failure></testcase><testcase classname="tests.test_comprehensive_final_validation.TestGuest2FAFlow" name="test_guest_register_invalid_email" time="0.152" /><testcase classname="tests.test_comprehensive_final_validation.TestGuest2FAFlow" name="test_guest_verify_otp_correct" time="0.259"><failure message="assert 422 == 200&#10; +  where 422 = &lt;Response [422]&gt;.status_code">tests/test_comprehensive_final_validation.py:241: in test_guest_verify_otp_correct
    assert response.status_code == 200
E   assert 422 == 200
E    +  where 422 = &lt;Response [422]&gt;.status_code</failure></testcase><testcase classname="tests.test_comprehensive_final_validation.TestGuest2FAFlow" name="test_guest_verify_otp_wrong" time="0.115"><failure message="assert 422 in [400, 401, 404]&#10; +  where 422 = &lt;Response [422]&gt;.status_code">tests/test_comprehensive_final_validation.py:253: in test_guest_verify_otp_wrong
    assert response.status_code in [400, 401, 404]
E   assert 422 in [400, 401, 404]
E    +  where 422 = &lt;Response [422]&gt;.status_code</failure></testcase><testcase classname="tests.test_comprehensive_final_validation.TestGuest2FAFlow" name="test_guest_age_declaration_confirmed" time="0.395"><failure message="assert 422 == 200&#10; +  where 422 = &lt;Response [422]&gt;.status_code">tests/test_comprehensive_final_validation.py:277: in test_guest_age_declaration_confirmed
    assert response.status_code == 200
E   assert 422 == 200
E    +  where 422 = &lt;Response [422]&gt;.status_code</failure></testcase><testcase classname="tests.test_comprehensive_final_validation.TestGuest2FAFlow" name="test_guest_age_declaration_not_confirmed" time="0.140"><failure message="assert 422 in [400, 403]&#10; +  where 422 = &lt;Response [422]&gt;.status_code">tests/test_comprehensive_final_validation.py:289: in test_guest_age_declaration_not_confirmed
    assert response.status_code in [400, 403]
E   assert 422 in [400, 403]
E    +  where 422 = &lt;Response [422]&gt;.status_code</failure></testcase><testcase classname="tests.test_comprehensive_final_validation.TestGuest2FAFlow" name="test_guest_status" time="0.117"><failure message="assert 422 in [200, 404]&#10; +  where 422 = &lt;Response [422]&gt;.status_code">tests/test_comprehensive_final_validation.py:299: in test_guest_status
    assert response.status_code in [200, 404]
E   assert 422 in [200, 404]
E    +  where 422 = &lt;Response [422]&gt;.status_code</failure></testcase><testcase classname="tests.test_comprehensive_final_validation.TestGuest2FAFlow" name="test_guest_resend_otp" time="0.339"><failure message="assert 422 == 200&#10; +  where 422 = &lt;Response [422]&gt;.status_code">tests/test_comprehensive_final_validation.py:314: in test_guest_resend_otp
    assert response.status_code == 200
E   assert 422 == 200
E    +  where 422 = &lt;Response [422]&gt;.status_code</failure></testcase><testcase classname="tests.test_comprehensive_final_validation.TestLobbyFlow" name="test_lobby_join" time="0.399" /><testcase classname="tests.test_comprehensive_final_validation.TestLobbyFlow" name="test_lobby_waiting_list" time="0.589" /><testcase classname="tests.test_comprehensive_final_validation.TestLobbyFlow" name="test_lobby_admit" time="0.729"><failure message="assert 422 == 200&#10; +  where 422 = &lt;Response [422]&gt;.status_code">tests/test_comprehensive_final_validation.py:394: in test_lobby_admit
    assert response.status_code == 200
E   assert 422 == 200
E    +  where 422 = &lt;Response [422]&gt;.status_code</failure></testcase><testcase classname="tests.test_comprehensive_final_validation.TestLobbyFlow" name="test_lobby_status" time="0.531"><failure message="assert 422 == 200&#10; +  where 422 = &lt;Response [422]&gt;.status_code">tests/test_comprehensive_final_validation.py:412: in test_lobby_status
    assert response.status_code == 200
E   assert 422 == 200
E    +  where 422 = &lt;Response [422]&gt;.status_code</failure></testcase><testcase classname="tests.test_comprehensive_final_validation.TestLobbyFlow" name="test_lobby_admit_all" time="1.053" /><testcase classname="tests.test_comprehensive_final_validation.TestBreakoutRooms" name="test_breakout_session_start" time="0.391" /><testcase classname="tests.test_comprehensive_final_validation.TestBreakoutRooms" name="test_breakout_session_close" time="0.717" /><testcase classname="tests.test_comprehensive_final_validation.TestCalendarAndSharing" name="test_calendar_ics_export" time="0.454" /><testcase classname="tests.test_comprehensive_final_validation.TestCalendarAndSharing" name="test_social_sharing_links" time="0.504"><failure message="AssertionError: Missing linkedin link&#10;assert 'linkedin' in {'calendar_ics_url': '/api/karau-meet/share/calendar/2BD01B10.ics', 'join_url': 'https://aikarau.com/karau-meet/join/2BD01B10', 'meeting_id': '2BD01B10', 'share_links': {'email': 'mailto:?subject=TEST_Sharing%20Meeting&amp;body=Join%20my%20AI%20KARAU%20meeting%3A%20TEST_Sharing%20Meeting%0A%0AJoin%20here%3A%20https%3A//aikarau.com/karau-meet/join/2BD01B10%0A%0AHost%3A%20Admin', 'facebook': 'https://www.facebook.com/sharer/sharer.php?u=https%3A//aikarau.com/karau-meet/join/2BD01B10', 'linkedin': 'https://www.linkedin.com/sharing/share-offsite/?url=https%3A//aikarau.com/karau-meet/join/2BD01B10', 'twitter': 'https://twitter.com/intent/tweet?text=Join%20my%20AI%20KARAU%20meeting%3A%20TEST_Sharing%20Meeting&amp;url=https%3A//aikarau.com/karau-meet/join/2BD01B10', ...}, ...}">tests/test_comprehensive_final_validation.py:537: in test_social_sharing_links
    assert platform in data, f"Missing {platform} link"
E   AssertionError: Missing linkedin link
E   assert 'linkedin' in {'calendar_ics_url': '/api/karau-meet/share/calendar/2BD01B10.ics', 'join_url': 'https://aikarau.com/karau-meet/join/2BD01B10', 'meeting_id': '2BD01B10', 'share_links': {'email': 'mailto:?subject=TEST_Sharing%20Meeting&amp;body=Join%20my%20AI%20KARAU%20meeting%3A%20TEST_Sharing%20Meeting%0A%0AJoin%20here%3A%20https%3A//aikarau.com/karau-meet/join/2BD01B10%0A%0AHost%3A%20Admin', 'facebook': 'https://www.facebook.com/sharer/sharer.php?u=https%3A//aikarau.com/karau-meet/join/2BD01B10', 'linkedin': 'https://www.linkedin.com/sharing/share-offsite/?url=https%3A//aikarau.com/karau-meet/join/2BD01B10', 'twitter': 'https://twitter.com/intent/tweet?text=Join%20my%20AI%20KARAU%20meeting%3A%20TEST_Sharing%20Meeting&amp;url=https%3A//aikarau.com/karau-meet/join/2BD01B10', ...}, ...}</failure></testcase><testcase classname="tests.test_comprehensive_final_validation.TestCalendarAndSharing" name="test_calendar_status" time="0.376" /><testcase classname="tests.test_comprehensive_final_validation.TestCalendarAndSharing" name="test_microsoft_calendar_connect" time="0.240" /><testcase classname="tests.test_comprehensive_final_validation.TestCalendarAndSharing" name="test_google_calendar_connect" time="0.471" /><testcase classname="tests.test_comprehensive_final_validation.TestCalendarAndSharing" name="test_calendar_disconnect" time="0.292"><failure message="assert 422 in [200, 204]&#10; +  where 422 = &lt;Response [422]&gt;.status_code">tests/test_comprehensive_final_validation.py:604: in test_calendar_disconnect
    assert response.status_code in [200, 204]
E   assert 422 in [200, 204]
E    +  where 422 = &lt;Response [422]&gt;.status_code</failure></testcase><testcase classname="tests.test_comprehensive_final_validation.TestEnterpriseOrganizations" name="test_get_organization_details" time="0.363" /><testcase classname="tests.test_comprehensive_final_validation.TestEnterpriseOrganizations" name="test_get_organization_employees" time="0.267" /><testcase classname="tests.test_comprehensive_final_validation.TestEnterpriseOrganizations" name="test_get_organization_rooms" time="0.274" /><testcase classname="tests.test_comprehensive_final_validation.TestEnterpriseOrganizations" name="test_get_organization_branding" time="0.266" /><testcase classname="tests.test_comprehensive_final_validation.TestEnterpriseOrganizations" name="test_verify_domain" time="0.267"><failure message="assert 422 in [200, 400, 409]&#10; +  where 422 = &lt;Response [422]&gt;.status_code">tests/test_comprehensive_final_validation.py:668: in test_verify_domain
    assert response.status_code in [200, 400, 409]  # May already be verified
    ^^^^^^^^^^^^^^^^^^^^^^^^^^^^^^^^^^^^^^^^^^^^^^
E   assert 422 in [200, 400, 409]
E    +  where 422 = &lt;Response [422]&gt;.status_code</failure></testcase><testcase classname="tests.test_comprehensive_final_validation.TestSSOSAML" name="test_sso_metadata" time="0.154" /><testcase classname="tests.test_comprehensive_final_validation.TestSSOSAML" name="test_sso_configure_admin" time="0.339" /><testcase classname="tests.test_comprehensive_final_validation.TestSSOSAML" name="test_sso_configure_non_admin_returns_403" time="0.259"><failure message="assert 422 in [401, 403]&#10; +  where 422 = &lt;Response [422]&gt;.status_code">tests/test_comprehensive_final_validation.py:725: in test_sso_configure_non_admin_returns_403
    assert response.status_code in [401, 403]
E   assert 422 in [401, 403]
E    +  where 422 = &lt;Response [422]&gt;.status_code</failure></testcase><testcase classname="tests.test_comprehensive_final_validation.TestSSOSAML" name="test_sso_get_config" time="0.252" /><testcase classname="tests.test_comprehensive_final_validation.TestSSOSAML" name="test_sso_update_config" time="0.307" /><testcase classname="tests.test_comprehensive_final_validation.TestSSOSAML" name="test_sso_delete_config" time="0.293" /><testcase classname="tests.test_comprehensive_final_validation.TestSSOSAML" name="test_sso_discover" time="0.312" /><testcase classname="tests.test_comprehensive_final_validation.TestTranslations" name="test_translate_text" time="0.244"><failure message="assert 422 == 200&#10; +  where 422 = &lt;Response [422]&gt;.status_code">tests/test_comprehensive_final_validation.py:783: in test_translate_text
    assert response.status_code == 200
E   assert 422 == 200
E    +  where 422 = &lt;Response [422]&gt;.status_code</failure></testcase><testcase classname="tests.test_comprehensive_final_validation.TestTranslations" name="test_get_supported_languages" time="0.225" /><testcase classname="tests.test_comprehensive_final_validation.TestAccessibility" name="test_accessibility_settings" time="0.439" /><testcase classname="tests.test_comprehensive_final_validation.TestRecordings" name="test_recordings_with_auth" time="0.411"><failure message="assert 401 == 200&#10; +  where 401 = &lt;Response [401]&gt;.status_code">tests/test_comprehensive_final_validation.py:831: in test_recordings_with_auth
    assert response.status_code == 200
E   assert 401 == 200
E    +  where 401 = &lt;Response [401]&gt;.status_code</failure></testcase><testcase classname="tests.test_comprehensive_final_validation.TestRecordings" name="test_recordings_no_auth" time="0.297" /><testcase classname="tests.test_comprehensive_final_validation.TestScheduling" name="test_scheduled_meetings" time="0.365" /><testcase classname="tests.test_comprehensive_final_validation.TestAnalytics" name="test_analytics_dashboard" time="0.305" /><testcase classname="tests.test_comprehensive_final_validation.TestTranslationFiles" name="test_locale_files_exist" time="0.000" /><testcase classname="tests.test_comprehensive_final_validation.TestTranslationFiles" name="test_en_locale_has_2005_keys" time="0.001" /><testcase classname="tests.test_comprehensive_final_validation.TestTranslationFiles" name="test_key_locales_have_same_structure" time="0.012" /></testsuite></testsuites>