<?xml version="1.0" encoding="utf-8"?><testsuites name="pytest tests"><testsuite name="pytest" errors="0" failures="10" skipped="0" tests="40" time="15.663" timestamp="2026-02-05T11:25:52.143877+00:00" hostname="agent-env-7f3a04a5-2d8e-4e04-aef1-e244edddcddc"><testcase classname="backend.tests.test_comprehensive_functional.TestHealthAndStatus" name="test_health_endpoint" time="0.084" /><testcase classname="backend.tests.test_comprehensive_functional.TestHealthAndStatus" name="test_status_endpoint" time="0.048" /><testcase classname="backend.tests.test_comprehensive_functional.TestAuthentication" name="test_admin_login" time="0.042" /><testcase classname="backend.tests.test_comprehensive_functional.TestAuthentication" name="test_job_seeker_login" time="0.044" /><testcase classname="backend.tests.test_comprehensive_functional.TestAuthentication" name="test_recruiter_login" time="0.090" /><testcase classname="backend.tests.test_comprehensive_functional.TestAuthentication" name="test_invalid_login" time="0.051" /><testcase classname="backend.tests.test_comprehensive_functional.TestAuthentication" name="test_get_current_user" time="0.100" /><testcase classname="backend.tests.test_comprehensive_functional.TestJobSearch" name="test_job_search_basic" time="3.487" /><testcase classname="backend.tests.test_comprehensive_functional.TestJobSearch" name="test_job_search_with_location" time="1.031" /><testcase classname="backend.tests.test_comprehensive_functional.TestJobSearch" name="test_job_sources" time="0.066" /><testcase classname="backend.tests.test_comprehensive_functional.TestJobSearch" name="test_quality_keywords" time="0.078" /><testcase classname="backend.tests.test_comprehensive_functional.TestNotifications" name="test_get_notifications" time="0.106" /><testcase classname="backend.tests.test_comprehensive_functional.TestNotifications" name="test_get_notification_preferences" time="0.086" /><testcase classname="backend.tests.test_comprehensive_functional.TestNotifications" name="test_update_notification_preferences" time="0.080" /><testcase classname="backend.tests.test_comprehensive_functional.TestGeolocation" name="test_get_major_hubs" time="0.122" /><testcase classname="backend.tests.test_comprehensive_functional.TestGeolocation" name="test_calculate_distance" time="0.083"><failure message="assert 422 == 200&#10; +  where 422 = &lt;Response [422]&gt;.status_code">backend/tests/test_comprehensive_functional.py:240: in test_calculate_distance
    assert response.status_code == 200
E   assert 422 == 200
E    +  where 422 = &lt;Response [422]&gt;.status_code</failure></testcase><testcase classname="backend.tests.test_comprehensive_functional.TestGeolocation" name="test_get_geolocation_preferences" time="0.074" /><testcase classname="backend.tests.test_comprehensive_functional.TestJobVerification" name="test_report_expired_job" time="0.074"><failure message="AssertionError: assert ('report_id' in {'message': 'Job has been hidden due to multiple reports', 'report_count': 6, 'status': 'job_hidden'} or 'success' in {'message': 'Job has been hidden due to multiple reports', 'report_count': 6, 'status': 'job_hidden'})">backend/tests/test_comprehensive_functional.py:284: in test_report_expired_job
    assert "report_id" in data or "success" in data
E   AssertionError: assert ('report_id' in {'message': 'Job has been hidden due to multiple reports', 'report_count': 6, 'status': 'job_hidden'} or 'success' in {'message': 'Job has been hidden due to multiple reports', 'report_count': 6, 'status': 'job_hidden'})</failure></testcase><testcase classname="backend.tests.test_comprehensive_functional.TestJobVerification" name="test_get_job_verification_status" time="0.083" /><testcase classname="backend.tests.test_comprehensive_functional.TestCredentials" name="test_get_certifications" time="1.096" /><testcase classname="backend.tests.test_comprehensive_functional.TestCredentials" name="test_get_trust_score" time="0.099" /><testcase classname="backend.tests.test_comprehensive_functional.TestCredentials" name="test_get_my_credentials" time="0.079" /><testcase classname="backend.tests.test_comprehensive_functional.TestEmployerReviews" name="test_get_strength_suggestions" time="0.117" /><testcase classname="backend.tests.test_comprehensive_functional.TestEmployerReviews" name="test_get_my_reviews" time="0.108" /><testcase classname="backend.tests.test_comprehensive_functional.TestAIFeatures" name="test_dragon_ai_assistant" time="5.524" /><testcase classname="backend.tests.test_comprehensive_functional.TestAIFeatures" name="test_ai_cover_letter" time="0.157"><failure message="assert 404 == 200&#10; +  where 404 = &lt;Response [404]&gt;.status_code">backend/tests/test_comprehensive_functional.py:423: in test_ai_cover_letter
    assert response.status_code == 200
E   assert 404 == 200
E    +  where 404 = &lt;Response [404]&gt;.status_code</failure></testcase><testcase classname="backend.tests.test_comprehensive_functional.TestAIFeatures" name="test_ai_interview_questions" time="0.082"><failure message="assert 404 == 200&#10; +  where 404 = &lt;Response [404]&gt;.status_code">backend/tests/test_comprehensive_functional.py:437: in test_ai_interview_questions
    assert response.status_code == 200
E   assert 404 == 200
E    +  where 404 = &lt;Response [404]&gt;.status_code</failure></testcase><testcase classname="backend.tests.test_comprehensive_functional.TestTranslation" name="test_get_supported_languages" time="0.040" /><testcase classname="backend.tests.test_comprehensive_functional.TestTranslation" name="test_translate_text" time="0.040"><failure message="assert 404 == 200&#10; +  where 404 = &lt;Response [404]&gt;.status_code">backend/tests/test_comprehensive_functional.py:460: in test_translate_text
    assert response.status_code == 200
E   assert 404 == 200
E    +  where 404 = &lt;Response [404]&gt;.status_code</failure></testcase><testcase classname="backend.tests.test_comprehensive_functional.TestTranslation" name="test_translation_analytics" time="0.042"><failure message="assert 404 == 200&#10; +  where 404 = &lt;Response [404]&gt;.status_code">backend/tests/test_comprehensive_functional.py:468: in test_translation_analytics
    assert response.status_code == 200
E   assert 404 == 200
E    +  where 404 = &lt;Response [404]&gt;.status_code</failure></testcase><testcase classname="backend.tests.test_comprehensive_functional.TestAdminFeatures" name="test_admin_pending_reviews" time="0.083" /><testcase classname="backend.tests.test_comprehensive_functional.TestAdminFeatures" name="test_admin_review_stats" time="0.112" /><testcase classname="backend.tests.test_comprehensive_functional.TestAdminFeatures" name="test_admin_credentials_pending" time="0.097" /><testcase classname="backend.tests.test_comprehensive_functional.TestProductionMetrics" name="test_production_metrics" time="0.037"><failure message="assert 404 == 200&#10; +  where 404 = &lt;Response [404]&gt;.status_code">backend/tests/test_comprehensive_functional.py:513: in test_production_metrics
    assert response.status_code == 200
E   assert 404 == 200
E    +  where 404 = &lt;Response [404]&gt;.status_code</failure></testcase><testcase classname="backend.tests.test_comprehensive_functional.TestProductionMetrics" name="test_supervisor_status" time="0.034" /><testcase classname="backend.tests.test_comprehensive_functional.TestProductionMetrics" name="test_rate_limit_status" time="0.037" /><testcase classname="backend.tests.test_comprehensive_functional.TestJobAlerts" name="test_get_job_alerts" time="0.078"><failure message="assert 404 == 200&#10; +  where 404 = &lt;Response [404]&gt;.status_code">backend/tests/test_comprehensive_functional.py:554: in test_get_job_alerts
    assert response.status_code == 200
E   assert 404 == 200
E    +  where 404 = &lt;Response [404]&gt;.status_code</failure></testcase><testcase classname="backend.tests.test_comprehensive_functional.TestJobAlerts" name="test_create_job_alert" time="0.068"><failure message="assert 404 == 200&#10; +  where 404 = &lt;Response [404]&gt;.status_code">backend/tests/test_comprehensive_functional.py:569: in test_create_job_alert
    assert response.status_code == 200
E   assert 404 == 200
E    +  where 404 = &lt;Response [404]&gt;.status_code</failure></testcase><testcase classname="backend.tests.test_comprehensive_functional.TestDeepSearch" name="test_deep_search" time="1.582" /><testcase classname="backend.tests.test_comprehensive_functional.TestPrivacy" name="test_data_export" time="0.092"><failure message="assert 404 == 200&#10; +  where 404 = &lt;Response [404]&gt;.status_code">backend/tests/test_comprehensive_functional.py:626: in test_data_export
    assert response.status_code == 200
E   assert 404 == 200
E    +  where 404 = &lt;Response [404]&gt;.status_code</failure></testcase></testsuite></testsuites>