<?xml version="1.0" encoding="utf-8"?><testsuites name="pytest tests"><testsuite name="pytest" errors="0" failures="0" skipped="0" tests="18" time="2.970" timestamp="2026-02-28T23:52:56.692346+00:00" hostname="agent-env-1d9d7823-bdd5-4d5c-be3f-7d5351e2dd8a"><testcase classname="backend.tests.test_coordinator_transcription_iteration142.TestCoordinatorWebinarCreation" name="test_create_webinar_with_coordinator_emails" time="0.428" /><testcase classname="backend.tests.test_coordinator_transcription_iteration142.TestCoordinatorRoomInfo" name="test_room_info_returns_can_drive_slides" time="0.122" /><testcase classname="backend.tests.test_coordinator_transcription_iteration142.TestCoordinatorRoomInfo" name="test_host_has_full_permissions" time="0.107" /><testcase classname="backend.tests.test_coordinator_transcription_iteration142.TestCoordinatorRoles" name="test_get_roles_returns_coordinator_emails" time="0.111" /><testcase classname="backend.tests.test_coordinator_transcription_iteration142.TestCoordinatorRoles" name="test_promote_to_coordinator_requires_host" time="0.250" /><testcase classname="backend.tests.test_coordinator_transcription_iteration142.TestCoordinatorRoles" name="test_coordinator_can_promote_presenter_panelist" time="0.252" /><testcase classname="backend.tests.test_coordinator_transcription_iteration142.TestCoordinatorRoles" name="test_demote_works_for_coordinator" time="0.246" /><testcase classname="backend.tests.test_coordinator_transcription_iteration142.TestCoordinatorPermissions" name="test_coordinator_role_permissions_structure" time="0.153" /><testcase classname="backend.tests.test_coordinator_transcription_iteration142.TestRecordingTranscription" name="test_get_transcript_endpoint_exists" time="0.137" /><testcase classname="backend.tests.test_coordinator_transcription_iteration142.TestRecordingTranscription" name="test_get_recordings_list" time="0.120" /><testcase classname="backend.tests.test_coordinator_transcription_iteration142.TestRecordingTranscription" name="test_get_recordings_stats" time="0.147" /><testcase classname="backend.tests.test_coordinator_transcription_iteration142.TestRecordingTranscription" name="test_transcript_response_structure" time="0.107" /><testcase classname="backend.tests.test_coordinator_transcription_iteration142.TestUploadTriggersTranscription" name="test_upload_endpoint_exists" time="0.129" /><testcase classname="backend.tests.test_coordinator_transcription_iteration142.TestWebinarWebRTC" name="test_room_info_for_webrtc_ready" time="0.116" /><testcase classname="backend.tests.test_coordinator_transcription_iteration142.TestExistingWebinarFunctionality" name="test_list_webinars" time="0.111" /><testcase classname="backend.tests.test_coordinator_transcription_iteration142.TestExistingWebinarFunctionality" name="test_get_webinar_details" time="0.115" /><testcase classname="backend.tests.test_coordinator_transcription_iteration142.TestExistingWebinarFunctionality" name="test_qa_endpoint" time="0.106" /><testcase classname="backend.tests.test_coordinator_transcription_iteration142.TestExistingWebinarFunctionality" name="test_hand_raises" time="0.124" /></testsuite></testsuites>