<?xml version="1.0" encoding="utf-8"?><testsuites name="pytest tests"><testsuite name="pytest" errors="0" failures="1" skipped="0" tests="35" time="3.757" timestamp="2026-01-22T21:45:31.937699+00:00" hostname="agent-env-9b05d5a3-8b6e-4961-98bc-882262d65a7d"><testcase classname="tests.test_deployment_assessment.TestSystemHealth" name="test_health_endpoint" time="0.078" /><testcase classname="tests.test_deployment_assessment.TestSystemHealth" name="test_status_endpoint" time="0.043" /><testcase classname="tests.test_deployment_assessment.TestSystemHealth" name="test_supervisor_status" time="0.036" /><testcase classname="tests.test_deployment_assessment.TestSystemHealth" name="test_circuit_breakers_closed" time="0.036" /><testcase classname="tests.test_deployment_assessment.TestSystemHealth" name="test_rate_limiter_functioning" time="0.042" /><testcase classname="tests.test_deployment_assessment.TestSystemHealth" name="test_cache_system_operational" time="0.042" /><testcase classname="tests.test_deployment_assessment.TestAuthentication" name="test_login_success" time="0.080" /><testcase classname="tests.test_deployment_assessment.TestAuthentication" name="test_login_invalid_credentials" time="0.038" /><testcase classname="tests.test_deployment_assessment.TestAuthentication" name="test_auth_me_unauthorized" time="0.042" /><testcase classname="tests.test_deployment_assessment.TestAuthentication" name="test_auth_me_with_token" time="0.076" /><testcase classname="tests.test_deployment_assessment.TestAuthentication" name="test_apple_signin_config" time="0.040" /><testcase classname="tests.test_deployment_assessment.TestJobsAPI" name="test_job_search" time="0.635" /><testcase classname="tests.test_deployment_assessment.TestJobsAPI" name="test_job_search_with_filters" time="0.612" /><testcase classname="tests.test_deployment_assessment.TestResumeAPI" name="test_get_resume_with_auth" time="0.038" /><testcase classname="tests.test_deployment_assessment.TestResumeAPI" name="test_autofill_data_with_auth" time="0.040" /><testcase classname="tests.test_deployment_assessment.TestCloudStorage" name="test_cloud_status" time="0.043" /><testcase classname="tests.test_deployment_assessment.TestCloudStorage" name="test_google_drive_configured" time="0.042" /><testcase classname="tests.test_deployment_assessment.TestCloudStorage" name="test_onedrive_configured" time="0.042" /><testcase classname="tests.test_deployment_assessment.TestCloudStorage" name="test_dropbox_configured" time="0.038" /><testcase classname="tests.test_deployment_assessment.TestLinkedIn" name="test_linkedin_status_with_auth" time="0.037" /><testcase classname="tests.test_deployment_assessment.TestPayments" name="test_membership_status_with_auth" time="0.042" /><testcase classname="tests.test_deployment_assessment.TestPayments" name="test_paypal_create_payment_with_auth" time="0.034" /><testcase classname="tests.test_deployment_assessment.TestTranslation" name="test_get_languages" time="0.036" /><testcase classname="tests.test_deployment_assessment.TestTranslation" name="test_batch_translate" time="0.995" /><testcase classname="tests.test_deployment_assessment.TestFeedback" name="test_feedback_categories" time="0.035" /><testcase classname="tests.test_deployment_assessment.TestNotifications" name="test_notifications_endpoint" time="0.059" /><testcase classname="tests.test_deployment_assessment.TestCompanies" name="test_companies_list" time="0.046" /><testcase classname="tests.test_deployment_assessment.TestIDVerification" name="test_verification_levels" time="0.032" /><testcase classname="tests.test_deployment_assessment.TestAnalytics" name="test_analytics_dashboard" time="0.050" /><testcase classname="tests.test_deployment_assessment.TestRecruiter" name="test_recruiter_jobs" time="0.041"><failure message="assert 403 in [200, 401]&#10; +  where 403 = &lt;Response [403]&gt;.status_code">tests/test_deployment_assessment.py:364: in test_recruiter_jobs
    assert response.status_code in [200, 401]
E   assert 403 in [200, 401]
E    +  where 403 = &lt;Response [403]&gt;.status_code</failure></testcase><testcase classname="tests.test_deployment_assessment.TestDigest" name="test_digest_settings" time="0.039" /><testcase classname="tests.test_deployment_assessment.TestResponseTimes" name="test_health_response_time" time="0.039" /><testcase classname="tests.test_deployment_assessment.TestResponseTimes" name="test_status_response_time" time="0.035" /><testcase classname="tests.test_deployment_assessment.TestEnvironmentConfig" name="test_cors_headers" time="0.031" /><testcase classname="tests.test_deployment_assessment.TestEnvironmentConfig" name="test_api_prefix" time="0.040" /></testsuite></testsuites>