<?xml version="1.0" encoding="utf-8"?><testsuites name="pytest tests"><testsuite name="pytest" errors="0" failures="0" skipped="0" tests="36" time="6.277" timestamp="2026-03-01T23:53:25.939545+00:00" hostname="agent-env-c81b6187-d46e-4f56-a8dc-8dbdf74f9b82"><testcase classname="backend.tests.test_distance_zero_features_iteration152.TestGamificationAuthFix" name="test_reaction_without_auth_returns_401" time="0.210" /><testcase classname="backend.tests.test_distance_zero_features_iteration152.TestGamificationAuthFix" name="test_leaderboard_track_without_auth_returns_401" time="0.150" /><testcase classname="backend.tests.test_distance_zero_features_iteration152.TestGamificationAuthFix" name="test_recent_reactions_public_no_auth" time="0.169" /><testcase classname="backend.tests.test_distance_zero_features_iteration152.TestGamificationAuthFix" name="test_leaderboard_public_no_auth" time="0.142" /><testcase classname="backend.tests.test_distance_zero_features_iteration152.TestDirectorMode" name="test_set_director_mode_with_auth" time="0.227" /><testcase classname="backend.tests.test_distance_zero_features_iteration152.TestDirectorMode" name="test_set_director_mode_panoramic" time="0.110" /><testcase classname="backend.tests.test_distance_zero_features_iteration152.TestDirectorMode" name="test_set_director_mode_speaker_closeup" time="0.179" /><testcase classname="backend.tests.test_distance_zero_features_iteration152.TestDirectorMode" name="test_set_director_mode_conversation" time="0.116" /><testcase classname="backend.tests.test_distance_zero_features_iteration152.TestDirectorMode" name="test_set_director_mode_invalid" time="0.118" /><testcase classname="backend.tests.test_distance_zero_features_iteration152.TestDirectorMode" name="test_get_director_mode_public" time="0.129" /><testcase classname="backend.tests.test_distance_zero_features_iteration152.TestDirectorMode" name="test_analyze_director_with_auth" time="0.113" /><testcase classname="backend.tests.test_distance_zero_features_iteration152.TestQRCodeEntry" name="test_generate_qr_code_requires_auth" time="0.133" /><testcase classname="backend.tests.test_distance_zero_features_iteration152.TestQRCodeEntry" name="test_generate_qr_code_meeting_not_found" time="0.115" /><testcase classname="backend.tests.test_distance_zero_features_iteration152.TestQRCodeEntry" name="test_validate_qr_code_invalid" time="0.140" /><testcase classname="backend.tests.test_distance_zero_features_iteration152.TestQRCodeEntry" name="test_list_qr_codes_requires_auth" time="0.102" /><testcase classname="backend.tests.test_distance_zero_features_iteration152.TestQRCodeEntry" name="test_list_qr_codes_with_auth" time="0.115" /><testcase classname="backend.tests.test_distance_zero_features_iteration152.TestQRCodeEntry" name="test_deactivate_qr_code_requires_auth" time="0.128" /><testcase classname="backend.tests.test_distance_zero_features_iteration152.TestGhostBooking" name="test_activity_ping_requires_auth" time="0.132" /><testcase classname="backend.tests.test_distance_zero_features_iteration152.TestGhostBooking" name="test_activity_ping_with_auth" time="0.122" /><testcase classname="backend.tests.test_distance_zero_features_iteration152.TestGhostBooking" name="test_check_ghost_status_requires_auth" time="0.126" /><testcase classname="backend.tests.test_distance_zero_features_iteration152.TestGhostBooking" name="test_check_ghost_status_with_auth" time="0.125" /><testcase classname="backend.tests.test_distance_zero_features_iteration152.TestGhostBooking" name="test_release_meeting_requires_auth" time="0.112" /><testcase classname="backend.tests.test_distance_zero_features_iteration152.TestGhostBooking" name="test_release_meeting_with_auth" time="0.124" /><testcase classname="backend.tests.test_distance_zero_features_iteration152.TestGhostBooking" name="test_keep_alive_requires_auth" time="0.232" /><testcase classname="backend.tests.test_distance_zero_features_iteration152.TestGhostBooking" name="test_keep_alive_with_auth" time="0.154" /><testcase classname="backend.tests.test_distance_zero_features_iteration152.TestGhostBooking" name="test_update_ghost_settings_requires_auth" time="0.113" /><testcase classname="backend.tests.test_distance_zero_features_iteration152.TestGhostBooking" name="test_update_ghost_settings_with_auth" time="0.148" /><testcase classname="backend.tests.test_distance_zero_features_iteration152.TestSentimentDashboard" name="test_update_sentiment_requires_auth" time="0.106" /><testcase classname="backend.tests.test_distance_zero_features_iteration152.TestSentimentDashboard" name="test_update_sentiment_with_auth" time="0.116" /><testcase classname="backend.tests.test_distance_zero_features_iteration152.TestSentimentDashboard" name="test_get_heatmap_requires_auth" time="0.103" /><testcase classname="backend.tests.test_distance_zero_features_iteration152.TestSentimentDashboard" name="test_get_heatmap_with_auth" time="0.141" /><testcase classname="backend.tests.test_distance_zero_features_iteration152.TestAICopilot" name="test_copilot_query_requires_auth" time="0.194" /><testcase classname="backend.tests.test_distance_zero_features_iteration152.TestAICopilot" name="test_copilot_query_with_auth" time="1.312" /><testcase classname="backend.tests.test_distance_zero_features_iteration152.TestAICopilot" name="test_copilot_history_requires_auth" time="0.135" /><testcase classname="backend.tests.test_distance_zero_features_iteration152.TestAICopilot" name="test_copilot_history_with_auth" time="0.128" /><testcase classname="backend.tests.test_distance_zero_features_iteration152.TestHealthCheck" name="test_api_health" time="0.152" /></testsuite></testsuites>