<?xml version="1.0" encoding="utf-8"?><testsuites name="pytest tests"><testsuite name="pytest" errors="0" failures="1" skipped="0" tests="18" time="2.149" timestamp="2026-03-09T10:47:48.115009+00:00" hostname="agent-env-d115fd5e-1bfc-43aa-9878-dea00fc3613d"><testcase classname="backend.tests.test_drag_resize_bot_store_channel_tools_iteration201.TestBotCatalog" name="test_get_bot_catalog" time="0.361" /><testcase classname="backend.tests.test_drag_resize_bot_store_channel_tools_iteration201.TestBotInstallation" name="test_install_bot_to_channel" time="0.116" /><testcase classname="backend.tests.test_drag_resize_bot_store_channel_tools_iteration201.TestBotInstallation" name="test_get_installed_bots" time="0.049" /><testcase classname="backend.tests.test_drag_resize_bot_store_channel_tools_iteration201.TestBotInstallation" name="test_install_poll_bot_and_verify" time="0.103" /><testcase classname="backend.tests.test_drag_resize_bot_store_channel_tools_iteration201.TestBotToggle" name="test_toggle_bot_pause" time="0.110" /><testcase classname="backend.tests.test_drag_resize_bot_store_channel_tools_iteration201.TestBotToggle" name="test_toggle_bot_activate" time="0.115" /><testcase classname="backend.tests.test_drag_resize_bot_store_channel_tools_iteration201.TestBotConfigure" name="test_configure_bot" time="0.108" /><testcase classname="backend.tests.test_drag_resize_bot_store_channel_tools_iteration201.TestBotConfigure" name="test_configure_and_verify_persistence" time="0.166" /><testcase classname="backend.tests.test_drag_resize_bot_store_channel_tools_iteration201.TestChannelTemplates" name="test_list_channel_templates" time="0.050" /><testcase classname="backend.tests.test_drag_resize_bot_store_channel_tools_iteration201.TestChannelTemplates" name="test_create_channel_from_template" time="0.113"><failure message="assert None is not None">backend/tests/test_drag_resize_bot_store_channel_tools_iteration201.py:288: in test_create_channel_from_template
    assert created is not None
E   assert None is not None</failure></testcase><testcase classname="backend.tests.test_drag_resize_bot_store_channel_tools_iteration201.TestChannelTemplates" name="test_create_channel_without_prefix_fails" time="0.052" /><testcase classname="backend.tests.test_drag_resize_bot_store_channel_tools_iteration201.TestWebhookTemplates" name="test_list_webhook_templates" time="0.050" /><testcase classname="backend.tests.test_drag_resize_bot_store_channel_tools_iteration201.TestWebhookTemplates" name="test_create_webhook_from_template" time="0.061" /><testcase classname="backend.tests.test_drag_resize_bot_store_channel_tools_iteration201.TestWebhookTemplates" name="test_list_active_webhooks" time="0.060" /><testcase classname="backend.tests.test_drag_resize_bot_store_channel_tools_iteration201.TestWebhookTemplates" name="test_webhook_receives_message" time="0.178" /><testcase classname="backend.tests.test_drag_resize_bot_store_channel_tools_iteration201.TestBotUninstall" name="test_uninstall_bot" time="0.169" /><testcase classname="backend.tests.test_drag_resize_bot_store_channel_tools_iteration201.TestBotChannelActions" name="test_get_channel_bots_with_actions" time="0.055" /><testcase classname="backend.tests.test_drag_resize_bot_store_channel_tools_iteration201.TestBotChannelActions" name="test_execute_bot_action" time="0.105" /></testsuite></testsuites>