<?xml version="1.0" encoding="utf-8"?><testsuites name="pytest tests"><testsuite name="pytest" errors="0" failures="0" skipped="0" tests="31" time="7.222" timestamp="2026-03-08T17:17:57.029441+00:00" hostname="agent-env-2e1a92cb-63b4-4d54-8513-4a1883737582"><testcase classname="backend.tests.test_enzi_ai_automation_notifications_iteration191.TestAIAutoReplySuggestions" name="test_auto_reply_suggestions_urgent" time="0.503" /><testcase classname="backend.tests.test_enzi_ai_automation_notifications_iteration191.TestAIAutoReplySuggestions" name="test_auto_reply_suggestions_action_required" time="0.122" /><testcase classname="backend.tests.test_enzi_ai_automation_notifications_iteration191.TestAIAutoReplySuggestions" name="test_auto_reply_suggestions_meeting_request" time="0.143" /><testcase classname="backend.tests.test_enzi_ai_automation_notifications_iteration191.TestAIAutoReplySuggestions" name="test_auto_reply_suggestions_fyi" time="0.156" /><testcase classname="backend.tests.test_enzi_ai_automation_notifications_iteration191.TestAIAutoReplySuggestions" name="test_auto_reply_suggestions_no_bucket" time="0.104" /><testcase classname="backend.tests.test_enzi_ai_automation_notifications_iteration191.TestAIAutoReplySuggestions" name="test_auto_reply_suggestions_unauthorized" time="0.180" /><testcase classname="backend.tests.test_enzi_ai_automation_notifications_iteration191.TestAISummarize" name="test_summarize_conversation" time="0.392" /><testcase classname="backend.tests.test_enzi_ai_automation_notifications_iteration191.TestAISummarize" name="test_summarize_empty_channel" time="0.110" /><testcase classname="backend.tests.test_enzi_ai_automation_notifications_iteration191.TestAISummarize" name="test_summarize_unauthorized" time="0.148" /><testcase classname="backend.tests.test_enzi_ai_automation_notifications_iteration191.TestScheduledMessages" name="test_schedule_message_create" time="0.342" /><testcase classname="backend.tests.test_enzi_ai_automation_notifications_iteration191.TestScheduledMessages" name="test_schedule_message_list" time="0.109" /><testcase classname="backend.tests.test_enzi_ai_automation_notifications_iteration191.TestScheduledMessages" name="test_schedule_message_cancel" time="0.225" /><testcase classname="backend.tests.test_enzi_ai_automation_notifications_iteration191.TestScheduledMessages" name="test_schedule_message_past_time" time="0.115" /><testcase classname="backend.tests.test_enzi_ai_automation_notifications_iteration191.TestScheduledMessages" name="test_schedule_message_cancel_nonexistent" time="0.143" /><testcase classname="backend.tests.test_enzi_ai_automation_notifications_iteration191.TestWebhooks" name="test_webhook_create" time="0.359" /><testcase classname="backend.tests.test_enzi_ai_automation_notifications_iteration191.TestWebhooks" name="test_webhook_list" time="0.110" /><testcase classname="backend.tests.test_enzi_ai_automation_notifications_iteration191.TestWebhooks" name="test_webhook_send_message" time="0.233" /><testcase classname="backend.tests.test_enzi_ai_automation_notifications_iteration191.TestWebhooks" name="test_webhook_send_message_invalid" time="0.119" /><testcase classname="backend.tests.test_enzi_ai_automation_notifications_iteration191.TestWebhooks" name="test_webhook_send_empty_message" time="0.104" /><testcase classname="backend.tests.test_enzi_ai_automation_notifications_iteration191.TestWebhooks" name="test_webhook_delete" time="0.224" /><testcase classname="backend.tests.test_enzi_ai_automation_notifications_iteration191.TestAutoResponders" name="test_auto_responder_create" time="0.366" /><testcase classname="backend.tests.test_enzi_ai_automation_notifications_iteration191.TestAutoResponders" name="test_auto_responder_list" time="0.103" /><testcase classname="backend.tests.test_enzi_ai_automation_notifications_iteration191.TestAutoResponders" name="test_auto_responder_delete" time="0.228" /><testcase classname="backend.tests.test_enzi_ai_automation_notifications_iteration191.TestNotificationPreferences" name="test_get_notification_preferences" time="0.206" /><testcase classname="backend.tests.test_enzi_ai_automation_notifications_iteration191.TestNotificationPreferences" name="test_set_channel_notification_level" time="0.246" /><testcase classname="backend.tests.test_enzi_ai_automation_notifications_iteration191.TestNotificationPreferences" name="test_set_channel_notification_invalid_level" time="0.125" /><testcase classname="backend.tests.test_enzi_ai_automation_notifications_iteration191.TestNotificationPreferences" name="test_toggle_dnd_on" time="0.106" /><testcase classname="backend.tests.test_enzi_ai_automation_notifications_iteration191.TestNotificationPreferences" name="test_toggle_dnd_off" time="0.115" /><testcase classname="backend.tests.test_enzi_ai_automation_notifications_iteration191.TestNotificationPreferences" name="test_add_keyword_alert" time="0.115" /><testcase classname="backend.tests.test_enzi_ai_automation_notifications_iteration191.TestNotificationPreferences" name="test_remove_keyword_alert" time="0.239" /><testcase classname="backend.tests.test_enzi_ai_automation_notifications_iteration191.TestEndpointHealth" name="test_all_endpoints_reachable" time="1.316" /></testsuite></testsuites>