<?xml version="1.0" encoding="utf-8"?><testsuites name="pytest tests"><testsuite name="pytest" errors="0" failures="0" skipped="12" tests="32" time="9.333" timestamp="2026-03-08T18:15:12.020644+00:00" hostname="agent-env-2e1a92cb-63b4-4d54-8513-4a1883737582"><testcase classname="backend.tests.test_enzi_sentiment_templates_iteration192.TestSentimentAnalysis" name="test_sentiment_analyze_urgent" time="2.454" /><testcase classname="backend.tests.test_enzi_sentiment_templates_iteration192.TestSentimentAnalysis" name="test_sentiment_analyze_positive" time="0.280" /><testcase classname="backend.tests.test_enzi_sentiment_templates_iteration192.TestSentimentAnalysis" name="test_sentiment_analyze_negative" time="0.315" /><testcase classname="backend.tests.test_enzi_sentiment_templates_iteration192.TestSentimentAnalysis" name="test_sentiment_analyze_neutral" time="0.341" /><testcase classname="backend.tests.test_enzi_sentiment_templates_iteration192.TestSentimentAnalysis" name="test_sentiment_channel_mood" time="0.228"><skipped type="pytest.skip" message="No channels available for mood test">/app/backend/tests/test_enzi_sentiment_templates_iteration192.py:79: No channels available for mood test</skipped></testcase><testcase classname="backend.tests.test_enzi_sentiment_templates_iteration192.TestSentimentAnalysis" name="test_sentiment_unauthorized" time="0.219" /><testcase classname="backend.tests.test_enzi_sentiment_templates_iteration192.TestChannelTemplates" name="test_list_channel_templates" time="0.239" /><testcase classname="backend.tests.test_enzi_sentiment_templates_iteration192.TestChannelTemplates" name="test_channel_template_structure" time="0.280" /><testcase classname="backend.tests.test_enzi_sentiment_templates_iteration192.TestChannelTemplates" name="test_create_channel_from_template_project" time="0.232" /><testcase classname="backend.tests.test_enzi_sentiment_templates_iteration192.TestChannelTemplates" name="test_create_channel_from_template_sprint" time="0.218" /><testcase classname="backend.tests.test_enzi_sentiment_templates_iteration192.TestChannelTemplates" name="test_create_channel_from_template_incident" time="0.218" /><testcase classname="backend.tests.test_enzi_sentiment_templates_iteration192.TestChannelTemplates" name="test_create_channel_invalid_template" time="0.254" /><testcase classname="backend.tests.test_enzi_sentiment_templates_iteration192.TestChannelTemplates" name="test_create_channel_unauthorized" time="0.225" /><testcase classname="backend.tests.test_enzi_sentiment_templates_iteration192.TestWebhookTemplates" name="test_list_webhook_templates" time="0.328" /><testcase classname="backend.tests.test_enzi_sentiment_templates_iteration192.TestWebhookTemplates" name="test_webhook_template_structure" time="0.344" /><testcase classname="backend.tests.test_enzi_sentiment_templates_iteration192.TestWebhookTemplates" name="test_create_webhook_from_template_github" time="0.247"><skipped type="pytest.skip" message="No channel available for webhook test">/app/backend/tests/test_enzi_sentiment_templates_iteration192.py:253: No channel available for webhook test</skipped></testcase><testcase classname="backend.tests.test_enzi_sentiment_templates_iteration192.TestWebhookTemplates" name="test_create_webhook_from_template_jira" time="0.248"><skipped type="pytest.skip" message="No channel available for webhook test">/app/backend/tests/test_enzi_sentiment_templates_iteration192.py:269: No channel available for webhook test</skipped></testcase><testcase classname="backend.tests.test_enzi_sentiment_templates_iteration192.TestWebhookTemplates" name="test_create_webhook_from_template_cicd" time="0.233"><skipped type="pytest.skip" message="No channel available for webhook test">/app/backend/tests/test_enzi_sentiment_templates_iteration192.py:282: No channel available for webhook test</skipped></testcase><testcase classname="backend.tests.test_enzi_sentiment_templates_iteration192.TestWebhookTemplates" name="test_create_webhook_from_template_slack" time="0.259"><skipped type="pytest.skip" message="No channel available for webhook test">/app/backend/tests/test_enzi_sentiment_templates_iteration192.py:295: No channel available for webhook test</skipped></testcase><testcase classname="backend.tests.test_enzi_sentiment_templates_iteration192.TestWebhookTemplates" name="test_create_webhook_from_template_monitoring" time="0.225"><skipped type="pytest.skip" message="No channel available for webhook test">/app/backend/tests/test_enzi_sentiment_templates_iteration192.py:308: No channel available for webhook test</skipped></testcase><testcase classname="backend.tests.test_enzi_sentiment_templates_iteration192.TestWebhookTemplates" name="test_create_webhook_invalid_template" time="0.246"><skipped type="pytest.skip" message="No channel available for webhook test">/app/backend/tests/test_enzi_sentiment_templates_iteration192.py:321: No channel available for webhook test</skipped></testcase><testcase classname="backend.tests.test_enzi_sentiment_templates_iteration192.TestWebhookTemplates" name="test_create_webhook_unauthorized" time="0.367" /><testcase classname="backend.tests.test_enzi_sentiment_templates_iteration192.TestRichMessageFormatting" name="test_send_markdown_bold_message" time="0.236"><skipped type="pytest.skip" message="No channel available">/app/backend/tests/test_enzi_sentiment_templates_iteration192.py:362: No channel available</skipped></testcase><testcase classname="backend.tests.test_enzi_sentiment_templates_iteration192.TestRichMessageFormatting" name="test_send_markdown_italic_message" time="0.221"><skipped type="pytest.skip" message="No channel available">/app/backend/tests/test_enzi_sentiment_templates_iteration192.py:376: No channel available</skipped></testcase><testcase classname="backend.tests.test_enzi_sentiment_templates_iteration192.TestRichMessageFormatting" name="test_send_code_block_message" time="0.227"><skipped type="pytest.skip" message="No channel available">/app/backend/tests/test_enzi_sentiment_templates_iteration192.py:390: No channel available</skipped></testcase><testcase classname="backend.tests.test_enzi_sentiment_templates_iteration192.TestRichMessageFormatting" name="test_send_inline_code_message" time="0.227"><skipped type="pytest.skip" message="No channel available">/app/backend/tests/test_enzi_sentiment_templates_iteration192.py:404: No channel available</skipped></testcase><testcase classname="backend.tests.test_enzi_sentiment_templates_iteration192.TestRichMessageFormatting" name="test_send_link_message" time="0.243"><skipped type="pytest.skip" message="No channel available">/app/backend/tests/test_enzi_sentiment_templates_iteration192.py:418: No channel available</skipped></testcase><testcase classname="backend.tests.test_enzi_sentiment_templates_iteration192.TestKineticTypographyAnimations" name="test_index_css_has_stagger_animations" time="0.000" /><testcase classname="backend.tests.test_enzi_sentiment_templates_iteration192.TestKineticTypographyAnimations" name="test_index_css_has_scale_in_animation" time="0.000" /><testcase classname="backend.tests.test_enzi_sentiment_templates_iteration192.TestKineticTypographyAnimations" name="test_index_css_has_shimmer_animation" time="0.000" /><testcase classname="backend.tests.test_enzi_sentiment_templates_iteration192.TestKineticTypographyAnimations" name="test_index_css_has_float_animation" time="0.000" /><testcase classname="backend.tests.test_enzi_sentiment_templates_iteration192.TestKineticTypographyAnimations" name="test_index_css_has_sentiment_tone_badges" time="0.000" /></testsuite></testsuites>