<?xml version="1.0" encoding="utf-8"?><testsuites name="pytest tests"><testsuite name="pytest" errors="0" failures="0" skipped="0" tests="13" time="0.882" timestamp="2026-02-03T12:48:06.053228+00:00" hostname="agent-env-49ab1ec3-9b1f-4ad7-af0a-156b2ef1d6c5"><testcase classname="backend.tests.test_explainable_ai_pricing.TestExplainableAI" name="test_health_check" time="0.071" /><testcase classname="backend.tests.test_explainable_ai_pricing.TestExplainableAI" name="test_job_seeker_login" time="0.040" /><testcase classname="backend.tests.test_explainable_ai_pricing.TestExplainableAI" name="test_recruiter_login" time="0.036" /><testcase classname="backend.tests.test_explainable_ai_pricing.TestExplainableAI" name="test_explain_match_endpoint_exists" time="0.047" /><testcase classname="backend.tests.test_explainable_ai_pricing.TestExplainableAI" name="test_explain_match_returns_factors" time="0.088" /><testcase classname="backend.tests.test_explainable_ai_pricing.TestExplainableAI" name="test_human_review_request_endpoint" time="0.070" /><testcase classname="backend.tests.test_explainable_ai_pricing.TestExplainableAI" name="test_contact_requests_received_endpoint" time="0.046" /><testcase classname="backend.tests.test_explainable_ai_pricing.TestExplainableAI" name="test_contact_requests_sent_endpoint" time="0.096" /><testcase classname="backend.tests.test_explainable_ai_pricing.TestPricingTiers" name="test_membership_status_endpoint" time="0.089" /><testcase classname="backend.tests.test_explainable_ai_pricing.TestPricingTiers" name="test_recruiter_membership_status" time="0.045" /><testcase classname="backend.tests.test_explainable_ai_pricing.TestBlindScreeningDashboard" name="test_candidate_search_endpoint" time="0.050" /><testcase classname="backend.tests.test_explainable_ai_pricing.TestBlindScreeningDashboard" name="test_blind_screening_status" time="0.090" /><testcase classname="backend.tests.test_explainable_ai_pricing.TestBlindScreeningDashboard" name="test_send_contact_request" time="0.049" /></testsuite></testsuites>