<?xml version="1.0" encoding="utf-8"?><testsuites name="pytest tests"><testsuite name="pytest" errors="0" failures="1" skipped="0" tests="19" time="4.361" timestamp="2026-01-22T20:30:54.751211+00:00" hostname="agent-env-9b05d5a3-8b6e-4961-98bc-882262d65a7d"><testcase classname="backend.tests.test_full_integrations.TestAppleSignIn" name="test_apple_config_endpoint" time="0.096" /><testcase classname="backend.tests.test_full_integrations.TestLinkedInIntegration" name="test_linkedin_status_configured" time="0.093" /><testcase classname="backend.tests.test_full_integrations.TestLinkedInIntegration" name="test_linkedin_auth_url" time="0.075" /><testcase classname="backend.tests.test_full_integrations.TestCloudStorageIntegrations" name="test_cloud_status_all_providers" time="0.049" /><testcase classname="backend.tests.test_full_integrations.TestCloudStorageIntegrations" name="test_dropbox_auth_url" time="0.036" /><testcase classname="backend.tests.test_full_integrations.TestCloudStorageIntegrations" name="test_onedrive_auth_url" time="0.042" /><testcase classname="backend.tests.test_full_integrations.TestPaymentIntegrations" name="test_paypal_create_payment" time="0.875" /><testcase classname="backend.tests.test_full_integrations.TestPaymentIntegrations" name="test_stripe_create_checkout" time="0.271"><failure message="Failed: Unexpected status 520: {&quot;detail&quot;:&quot;Failed to create checkout session&quot;}">backend/tests/test_full_integrations.py:215: in test_stripe_create_checkout
    pytest.fail(f"Unexpected status {response.status_code}: {response.text}")
E   Failed: Unexpected status 520: {"detail":"Failed to create checkout session"}</failure></testcase><testcase classname="backend.tests.test_full_integrations.TestPaymentIntegrations" name="test_membership_status" time="0.126" /><testcase classname="backend.tests.test_full_integrations.TestAISupervisor" name="test_supervisor_status" time="0.040" /><testcase classname="backend.tests.test_full_integrations.TestTranslationAPI" name="test_translate_batch" time="1.430" /><testcase classname="backend.tests.test_full_integrations.TestTranslationAPI" name="test_languages_list" time="0.040" /><testcase classname="backend.tests.test_full_integrations.TestJobSearchAPI" name="test_job_search" time="0.755" /><testcase classname="backend.tests.test_full_integrations.TestFeedbackAPI" name="test_feedback_categories" time="0.039" /><testcase classname="backend.tests.test_full_integrations.TestAutoFillAPI" name="test_autofill_data" time="0.089" /><testcase classname="backend.tests.test_full_integrations.TestAuthenticationFlow" name="test_admin_login" time="0.040" /><testcase classname="backend.tests.test_full_integrations.TestAuthenticationFlow" name="test_auth_me_endpoint" time="0.079" /><testcase classname="backend.tests.test_full_integrations.TestHealthEndpoints" name="test_health_endpoint" time="0.036" /><testcase classname="backend.tests.test_full_integrations.TestHealthEndpoints" name="test_status_endpoint" time="0.036" /></testsuite></testsuites>