<?xml version="1.0" encoding="utf-8"?><testsuites name="pytest tests"><testsuite name="pytest" errors="0" failures="0" skipped="0" tests="23" time="36.524" timestamp="2026-02-27T15:36:34.076732+00:00" hostname="agent-env-717cfc58-cf60-424c-8e48-e74ad8379a1c"><testcase classname="backend.tests.test_gap_assessment_features.TestHealthAndSetup" name="test_api_health" time="0.348" /><testcase classname="backend.tests.test_gap_assessment_features.TestHealthAndSetup" name="test_admin_login" time="0.208" /><testcase classname="backend.tests.test_gap_assessment_features.TestKarauMeetPolls" name="test_get_polls_empty" time="0.113" /><testcase classname="backend.tests.test_gap_assessment_features.TestKarauMeetPolls" name="test_create_poll" time="0.184" /><testcase classname="backend.tests.test_gap_assessment_features.TestKarauMeetPolls" name="test_get_polls_after_create" time="0.116" /><testcase classname="backend.tests.test_gap_assessment_features.TestKarauMeetPolls" name="test_vote_on_poll" time="0.121" /><testcase classname="backend.tests.test_gap_assessment_features.TestKarauMeetPolls" name="test_vote_invalid_option" time="0.159" /><testcase classname="backend.tests.test_gap_assessment_features.TestKarauMeetPolls" name="test_close_poll" time="0.114" /><testcase classname="backend.tests.test_gap_assessment_features.TestKarauMeetPolls" name="test_vote_on_closed_poll" time="0.101" /><testcase classname="backend.tests.test_gap_assessment_features.TestAIMeetingSummary" name="test_summarize_meeting_basic" time="2.685" /><testcase classname="backend.tests.test_gap_assessment_features.TestAIMeetingSummary" name="test_summarize_empty_transcript" time="0.124" /><testcase classname="backend.tests.test_gap_assessment_features.TestAIMeetingSummary" name="test_get_meeting_summaries" time="0.157" /><testcase classname="backend.tests.test_gap_assessment_features.TestAICandidateScoring" name="test_score_candidate" time="5.433" /><testcase classname="backend.tests.test_gap_assessment_features.TestAICandidateScoring" name="test_score_candidate_minimal_info" time="4.691" /><testcase classname="backend.tests.test_gap_assessment_features.TestJobDescriptionGenerator" name="test_generate_job_description" time="8.955" /><testcase classname="backend.tests.test_gap_assessment_features.TestJobDescriptionGenerator" name="test_generate_jd_minimal" time="12.320" /><testcase classname="backend.tests.test_gap_assessment_features.TestHiringMetrics" name="test_get_hiring_metrics" time="0.179" /><testcase classname="backend.tests.test_gap_assessment_features.TestInterviewScorecards" name="test_create_scorecard" time="0.193" /><testcase classname="backend.tests.test_gap_assessment_features.TestInterviewScorecards" name="test_create_second_scorecard" time="0.116" /><testcase classname="backend.tests.test_gap_assessment_features.TestInterviewScorecards" name="test_get_scorecards" time="0.115" /><testcase classname="backend.tests.test_gap_assessment_features.TestFrontendPages" name="test_ai_scoring_page_exists" time="0.000" /><testcase classname="backend.tests.test_gap_assessment_features.TestFrontendPages" name="test_jd_generator_page_exists" time="0.000" /><testcase classname="backend.tests.test_gap_assessment_features.TestFrontendPages" name="test_hiring_metrics_page_exists" time="0.000" /></testsuite></testsuites>