<?xml version="1.0" encoding="utf-8"?><testsuites name="pytest tests"><testsuite name="pytest" errors="0" failures="4" skipped="0" tests="20" time="8.728" timestamp="2026-02-03T02:11:33.275319+00:00" hostname="agent-env-8cabe7c9-b3fb-4d32-aafa-a4cfec47554c"><testcase classname="backend.tests.test_i18n_translation.TestTranslationAPIs" name="test_health_check" time="0.079" /><testcase classname="backend.tests.test_i18n_translation.TestTranslationAPIs" name="test_supported_languages_endpoint" time="0.039"><failure message="AssertionError: Language ja not found in supported languages&#10;assert 'ja' in [{'code': 'en', 'flag': '#x1F1FA#x1F1F8', 'name': 'English', 'native': 'English'}, {'code': 'en-GB', 'flag': '#x1F1EC#x1F1E7', 'name': 'English (UK)', 'native': 'English (UK)'}, {'code': 'en-IE', 'flag': '#x1F1EE#x1F1EA', 'name': 'English (Ireland)', 'native': 'English (Ireland)'}, {'code': 'en-SG', 'flag': '#x1F1F8#x1F1EC', 'name': 'English (Singapore)', 'native': 'English (Singapore)'}, {'code': 'es', 'flag': '#x1F1EA#x1F1F8', 'name': 'Spanish', 'native': 'Español'}, {'code': 'fr', 'flag': '#x1F1EB#x1F1F7', 'name': 'French', 'native': 'Français'}, ...]">backend/tests/test_i18n_translation.py:41: in test_supported_languages_endpoint
    assert lang in languages, f"Language {lang} not found in supported languages"
E   AssertionError: Language ja not found in supported languages
E   assert 'ja' in [{'code': 'en', 'flag': '#x1F1FA#x1F1F8', 'name': 'English', 'native': 'English'}, {'code': 'en-GB', 'flag': '#x1F1EC#x1F1E7', 'name': 'English (UK)', 'native': 'English (UK)'}, {'code': 'en-IE', 'flag': '#x1F1EE#x1F1EA', 'name': 'English (Ireland)', 'native': 'English (Ireland)'}, {'code': 'en-SG', 'flag': '#x1F1F8#x1F1EC', 'name': 'English (Singapore)', 'native': 'English (Singapore)'}, {'code': 'es', 'flag': '#x1F1EA#x1F1F8', 'name': 'Spanish', 'native': 'Español'}, {'code': 'fr', 'flag': '#x1F1EB#x1F1F7', 'name': 'French', 'native': 'Français'}, ...]</failure></testcase><testcase classname="backend.tests.test_i18n_translation.TestTranslationAPIs" name="test_prerender_japanese" time="0.039" /><testcase classname="backend.tests.test_i18n_translation.TestTranslationAPIs" name="test_prerender_arabic_rtl" time="0.040" /><testcase classname="backend.tests.test_i18n_translation.TestTranslationAPIs" name="test_prerender_hindi" time="0.038" /><testcase classname="backend.tests.test_i18n_translation.TestTranslationAPIs" name="test_prerender_swahili" time="0.035" /><testcase classname="backend.tests.test_i18n_translation.TestTranslationAPIs" name="test_prerender_korean" time="0.039" /><testcase classname="backend.tests.test_i18n_translation.TestTranslationAPIs" name="test_prerender_portuguese_br" time="0.040" /><testcase classname="backend.tests.test_i18n_translation.TestTranslationMemoryAPI" name="test_memory_store" time="0.037"><failure message="AssertionError: Unexpected status: 400&#10;assert 400 in [200, 201]&#10; +  where 400 = &lt;Response [400]&gt;.status_code">backend/tests/test_i18n_translation.py:179: in test_memory_store
    assert response.status_code in [200, 201], f"Unexpected status: {response.status_code}"
E   AssertionError: Unexpected status: 400
E   assert 400 in [200, 201]
E    +  where 400 = &lt;Response [400]&gt;.status_code</failure></testcase><testcase classname="backend.tests.test_i18n_translation.TestTranslationMemoryAPI" name="test_memory_lookup" time="0.038"><failure message="AssertionError: Unexpected status: 405&#10;assert 405 == 200&#10; +  where 405 = &lt;Response [405]&gt;.status_code">backend/tests/test_i18n_translation.py:196: in test_memory_lookup
    assert response.status_code == 200, f"Unexpected status: {response.status_code}"
E   AssertionError: Unexpected status: 405
E   assert 405 == 200
E    +  where 405 = &lt;Response [405]&gt;.status_code</failure></testcase><testcase classname="backend.tests.test_i18n_translation.TestAnalyticsDashboardAPI" name="test_analytics_dashboard" time="0.036"><failure message="AssertionError: Unexpected status: 403&#10;assert 403 == 200&#10; +  where 403 = &lt;Response [403]&gt;.status_code">backend/tests/test_i18n_translation.py:219: in test_analytics_dashboard
    assert response.status_code == 200, f"Unexpected status: {response.status_code}"
E   AssertionError: Unexpected status: 403
E   assert 403 == 200
E    +  where 403 = &lt;Response [403]&gt;.status_code</failure></testcase><testcase classname="backend.tests.test_i18n_translation.TestBatchTranslation" name="test_batch_translation_under_limit" time="3.076" /><testcase classname="backend.tests.test_i18n_translation.TestBatchTranslation" name="test_batch_translation_at_limit" time="2.533" /><testcase classname="backend.tests.test_i18n_translation.TestBatchTranslation" name="test_batch_translation_empty_array" time="0.053" /><testcase classname="backend.tests.test_i18n_translation.TestBundledLanguages" name="test_spanish_prerender" time="0.037" /><testcase classname="backend.tests.test_i18n_translation.TestBundledLanguages" name="test_french_prerender" time="0.036" /><testcase classname="backend.tests.test_i18n_translation.TestBundledLanguages" name="test_german_prerender" time="0.035" /><testcase classname="backend.tests.test_i18n_translation.TestBundledLanguages" name="test_chinese_prerender" time="0.033" /><testcase classname="backend.tests.test_i18n_translation.TestSingleTextTranslation" name="test_single_text_japanese" time="1.271" /><testcase classname="backend.tests.test_i18n_translation.TestSingleTextTranslation" name="test_single_text_arabic" time="1.082" /></testsuite></testsuites>