<?xml version="1.0" encoding="utf-8"?><testsuites name="pytest tests"><testsuite name="pytest" errors="0" failures="1" skipped="0" tests="22" time="5.331" timestamp="2026-02-03T04:02:26.282503+00:00" hostname="agent-env-c10d5e9a-901c-4509-9b6b-7e9f493ad5aa"><testcase classname="backend.tests.test_i18n_gender_analytics.TestGenderRulesAPI" name="test_gender_rules_returns_200" time="0.072" /><testcase classname="backend.tests.test_i18n_gender_analytics.TestGenderRulesAPI" name="test_gender_rules_structure" time="0.039" /><testcase classname="backend.tests.test_i18n_gender_analytics.TestGenderRulesAPI" name="test_gender_rules_spanish_is_gendered" time="0.039" /><testcase classname="backend.tests.test_i18n_gender_analytics.TestGenderRulesAPI" name="test_gender_rules_english_not_gendered" time="0.037" /><testcase classname="backend.tests.test_i18n_gender_analytics.TestGenderRulesAPI" name="test_gender_rules_24_gendered_languages" time="0.037" /><testcase classname="backend.tests.test_i18n_gender_analytics.TestGenderAwareTranslation" name="test_gender_aware_spanish_feminine" time="1.309" /><testcase classname="backend.tests.test_i18n_gender_analytics.TestGenderAwareTranslation" name="test_gender_aware_spanish_masculine" time="0.926" /><testcase classname="backend.tests.test_i18n_gender_analytics.TestGenderAwareTranslation" name="test_gender_aware_french_feminine" time="1.297" /><testcase classname="backend.tests.test_i18n_gender_analytics.TestGenderAwareTranslation" name="test_gender_aware_non_gendered_language" time="0.717"><failure message="assert 200 == 400&#10; +  where 200 = &lt;Response [200]&gt;.status_code">backend/tests/test_i18n_gender_analytics.py:125: in test_gender_aware_non_gendered_language
    assert response.status_code == 400
E   assert 200 == 400
E    +  where 200 = &lt;Response [200]&gt;.status_code</failure></testcase><testcase classname="backend.tests.test_i18n_gender_analytics.TestGenderAwareTranslation" name="test_gender_aware_missing_gender_field" time="0.039" /><testcase classname="backend.tests.test_i18n_gender_analytics.TestTranslationAnalyticsDashboard" name="test_analytics_dashboard_requires_auth" time="0.041" /><testcase classname="backend.tests.test_i18n_gender_analytics.TestTranslationAnalyticsDashboard" name="test_analytics_dashboard_with_admin_auth" time="0.113" /><testcase classname="backend.tests.test_i18n_gender_analytics.TestTranslationAnalyticsDashboard" name="test_analytics_dashboard_structure" time="0.084" /><testcase classname="backend.tests.test_i18n_gender_analytics.TestTranslationAnalyticsDashboard" name="test_analytics_dashboard_summary_values" time="0.075" /><testcase classname="backend.tests.test_i18n_gender_analytics.TestBundledLanguages" name="test_languages_endpoint" time="0.035" /><testcase classname="backend.tests.test_i18n_gender_analytics.TestBundledLanguages" name="test_swahili_is_bundled" time="0.034" /><testcase classname="backend.tests.test_i18n_gender_analytics.TestBundledLanguages" name="test_african_languages_bundled" time="0.035" /><testcase classname="backend.tests.test_i18n_gender_analytics.TestTranslationMemory" name="test_memory_stats_endpoint" time="0.074" /><testcase classname="backend.tests.test_i18n_gender_analytics.TestTranslationMemory" name="test_memory_lookup_endpoint" time="0.070" /><testcase classname="backend.tests.test_i18n_gender_analytics.TestQualityScoring" name="test_quality_score_endpoint" time="0.041" /><testcase classname="backend.tests.test_i18n_gender_analytics.TestQualityScoring" name="test_quality_stats_requires_admin" time="0.035" /><testcase classname="backend.tests.test_i18n_gender_analytics.TestQualityScoring" name="test_quality_stats_with_admin" time="0.078" /></testsuite></testsuites>