<?xml version="1.0" encoding="utf-8"?><testsuites name="pytest tests"><testsuite name="pytest" errors="0" failures="2" skipped="0" tests="10" time="0.661" timestamp="2026-01-18T19:00:19.288281+00:00" hostname="agent-env-ff1c1d82-f4be-4695-ad0e-bc91d748fdfe"><testcase classname="tests.test_i18n_pages.TestHealthAndStatus" name="test_health_endpoint" time="0.083" /><testcase classname="tests.test_i18n_pages.TestHealthAndStatus" name="test_status_endpoint" time="0.039" /><testcase classname="tests.test_i18n_pages.TestSkillAssessmentsAPI" name="test_skills_available" time="0.043" /><testcase classname="tests.test_i18n_pages.TestSkillAssessmentsAPI" name="test_skills_my_badges" time="0.041" /><testcase classname="tests.test_i18n_pages.TestQAPracticeAPI" name="test_qa_favorites" time="0.043" /><testcase classname="tests.test_i18n_pages.TestSuccessPredictorAPI" name="test_predictor_history" time="0.040"><failure message="assert 404 in [200, 401]&#10; +  where 404 = &lt;Response [404]&gt;.status_code">tests/test_i18n_pages.py:81: in test_predictor_history
    assert response.status_code in [200, 401]
E   assert 404 in [200, 401]
E    +  where 404 = &lt;Response [404]&gt;.status_code</failure></testcase><testcase classname="tests.test_i18n_pages.TestJobAlertsAPI" name="test_scheduler_status" time="0.037"><failure message="assert 405 in [200, 401]&#10; +  where 405 = &lt;Response [405]&gt;.status_code">tests/test_i18n_pages.py:94: in test_scheduler_status
    assert response.status_code in [200, 401]
E   assert 405 in [200, 401]
E    +  where 405 = &lt;Response [405]&gt;.status_code</failure></testcase><testcase classname="tests.test_i18n_pages.TestVoiceCoachAPI" name="test_voice_sessions" time="0.037" /><testcase classname="tests.test_i18n_pages.TestCachedEndpoints" name="test_cached_languages" time="0.039" /><testcase classname="tests.test_i18n_pages.TestCachedEndpoints" name="test_cached_id_levels" time="0.041" /></testsuite></testsuites>