<?xml version="1.0" encoding="utf-8"?><testsuites name="pytest tests"><testsuite name="pytest" errors="0" failures="0" skipped="0" tests="11" time="10.524" timestamp="2026-08-19T15:12:19.713346+00:00" hostname="agent-env-31fc3276-6de8-49c5-90f4-0dbb0735a08f"><testcase classname="tests.test_iteration224_enzi_ai_captions.TestLumiRegression" name="test_channels_list_auth" time="5.898" /><testcase classname="tests.test_iteration224_enzi_ai_captions.TestLumiRegression" name="test_channels_requires_auth" time="0.125" /><testcase classname="tests.test_iteration224_enzi_ai_captions.TestLumiRegression" name="test_messages_list" time="0.383" /><testcase classname="tests.test_iteration224_enzi_ai_captions.TestEnziAI" name="test_ai_requires_auth" time="0.143" /><testcase classname="tests.test_iteration224_enzi_ai_captions.TestEnziAI" name="test_ai_forbidden_for_non_member" time="0.144" /><testcase classname="tests.test_iteration224_enzi_ai_captions.TestEnziAI" name="test_ai_empty_query_rejected" time="0.183" /><testcase classname="tests.test_iteration224_enzi_ai_captions.TestEnziAI" name="test_ai_summarize_posts_message" time="1.499" /><testcase classname="tests.test_iteration224_enzi_ai_captions.TestEnziAI" name="test_ai_actions_intent" time="1.009" /><testcase classname="tests.test_iteration224_enzi_ai_captions.TestCaptionsBackend" name="test_translate_languages_endpoint" time="0.234" /><testcase classname="tests.test_iteration224_enzi_ai_captions.TestCaptionsBackend" name="test_realtime_stt_status" time="0.157" /><testcase classname="tests.test_iteration224_enzi_ai_captions.TestCaptionsBackend" name="test_lumi_translate" time="0.688" /></testsuite></testsuites>