<?xml version="1.0" encoding="utf-8"?><testsuites name="pytest tests"><testsuite name="pytest" errors="0" failures="0" skipped="0" tests="17" time="13.691" timestamp="2026-03-03T14:39:31.329910+00:00" hostname="agent-env-d73fc091-808a-4f6a-a2b0-8ec6a3de7de6"><testcase classname="backend.tests.test_karau_iteration162.TestAuthentication" name="test_login_returns_token" time="6.535" /><testcase classname="backend.tests.test_karau_iteration162.TestAuthentication" name="test_login_returns_user_info" time="0.134" /><testcase classname="backend.tests.test_karau_iteration162.TestDashboardAPIs" name="test_dashboard_stats" time="0.277" /><testcase classname="backend.tests.test_karau_iteration162.TestDashboardAPIs" name="test_meeting_insights" time="0.232" /><testcase classname="backend.tests.test_karau_iteration162.TestDashboardAPIs" name="test_trending_topics" time="3.350" /><testcase classname="backend.tests.test_karau_iteration162.TestDashboardAPIs" name="test_activity_feed" time="0.225" /><testcase classname="backend.tests.test_karau_iteration162.TestDashboardAPIs" name="test_upcoming_meetings" time="0.303" /><testcase classname="backend.tests.test_karau_iteration162.TestReplayAPIs" name="test_demo_replay_returns_chapters" time="0.224" /><testcase classname="backend.tests.test_karau_iteration162.TestReplayAPIs" name="test_demo_replay_returns_transcript" time="0.243" /><testcase classname="backend.tests.test_karau_iteration162.TestReplayAPIs" name="test_demo_replay_returns_waveform" time="0.251" /><testcase classname="backend.tests.test_karau_iteration162.TestReplayAPIs" name="test_demo_replay_returns_key_moments" time="0.303" /><testcase classname="backend.tests.test_karau_iteration162.TestReplayAPIs" name="test_replay_requires_auth" time="0.144" /><testcase classname="backend.tests.test_karau_iteration162.TestSimulationAPIs" name="test_slam_stream_returns_positions" time="0.229" /><testcase classname="backend.tests.test_karau_iteration162.TestSimulationAPIs" name="test_slam_stream_returns_point_cloud" time="0.304" /><testcase classname="backend.tests.test_karau_iteration162.TestAnalyticsAPIs" name="test_effectiveness_analytics" time="0.227" /><testcase classname="backend.tests.test_karau_iteration162.TestAnalyticsAPIs" name="test_gamification_analytics" time="0.225" /><testcase classname="backend.tests.test_karau_iteration162.TestAnalyticsAPIs" name="test_leaderboard" time="0.304" /></testsuite></testsuites>