<?xml version="1.0" encoding="utf-8"?><testsuites name="pytest tests"><testsuite name="pytest" errors="0" failures="0" skipped="0" tests="14" time="0.682" timestamp="2026-02-08T20:26:45.134083+00:00" hostname="agent-env-9eff7516-1004-4bfa-aae8-a1197e0b10ad"><testcase classname="backend.tests.test_iteration_58.TestVideoTutorials" name="test_list_all_videos" time="0.067" /><testcase classname="backend.tests.test_iteration_58.TestVideoTutorials" name="test_video_metadata_structure" time="0.042" /><testcase classname="backend.tests.test_iteration_58.TestVideoTutorials" name="test_video_categories" time="0.043" /><testcase classname="backend.tests.test_iteration_58.TestVideoTutorials" name="test_filter_by_category" time="0.041" /><testcase classname="backend.tests.test_iteration_58.TestSkillAssessments" name="test_list_available_assessments" time="0.044" /><testcase classname="backend.tests.test_iteration_58.TestSkillAssessments" name="test_assessment_structure" time="0.045" /><testcase classname="backend.tests.test_iteration_58.TestSkillAssessments" name="test_categories_available" time="0.045" /><testcase classname="backend.tests.test_iteration_58.TestDragonAIAssistant" name="test_assistant_endpoint_exists" time="0.040" /><testcase classname="backend.tests.test_iteration_58.TestDragonAIAssistant" name="test_assistant_with_job_search_context" time="0.037" /><testcase classname="backend.tests.test_iteration_58.TestAuthEndpoints" name="test_login_endpoint" time="0.042" /><testcase classname="backend.tests.test_iteration_58.TestAuthEndpoints" name="test_register_endpoint_structure" time="0.044" /><testcase classname="backend.tests.test_iteration_58.TestHealthAndStatus" name="test_api_health" time="0.040" /><testcase classname="backend.tests.test_iteration_58.TestHealthAndStatus" name="test_tutorials_endpoint_accessible" time="0.043" /><testcase classname="backend.tests.test_iteration_58.TestHealthAndStatus" name="test_skills_endpoint_accessible" time="0.042" /></testsuite></testsuites>