<?xml version="1.0" encoding="utf-8"?><testsuites name="pytest tests"><testsuite name="pytest" errors="0" failures="0" skipped="0" tests="22" time="7.912" timestamp="2026-02-26T16:17:44.184903+00:00" hostname="agent-env-8ea33314-3e0c-474d-8fd4-ef67cee881e3"><testcase classname="tests.test_iteration116_roadmap_complete.TestAuthFixVerification" name="test_auth_me_without_token_returns_401" time="0.293" /><testcase classname="tests.test_iteration116_roadmap_complete.TestAuthFixVerification" name="test_auth_preferences_without_token_returns_401" time="0.149" /><testcase classname="tests.test_iteration116_roadmap_complete.TestAuthFixVerification" name="test_karau_meetings_without_token_returns_401" time="0.134" /><testcase classname="tests.test_iteration116_roadmap_complete.TestAuthFixVerification" name="test_analytics_dashboard_without_token_returns_401" time="0.171" /><testcase classname="tests.test_iteration116_roadmap_complete.TestAuthFixVerification" name="test_calendar_status_without_token_returns_401" time="0.173" /><testcase classname="tests.test_iteration116_roadmap_complete.TestAuthenticatedEndpoints" name="test_auth_me_with_valid_token_returns_200" time="0.438" /><testcase classname="tests.test_iteration116_roadmap_complete.TestAuthenticatedEndpoints" name="test_auth_preferences_with_valid_token_returns_200" time="0.323" /><testcase classname="tests.test_iteration116_roadmap_complete.TestCalendarIntegration" name="test_calendar_status_shows_all_providers" time="0.495" /><testcase classname="tests.test_iteration116_roadmap_complete.TestCalendarIntegration" name="test_microsoft_connect_returns_503_not_configured" time="0.358" /><testcase classname="tests.test_iteration116_roadmap_complete.TestCalendarIntegration" name="test_google_connect_returns_503_not_configured" time="0.318" /><testcase classname="tests.test_iteration116_roadmap_complete.TestCalendarIntegration" name="test_calendar_disconnect_works" time="0.292" /><testcase classname="tests.test_iteration116_roadmap_complete.TestSSOSAMLEndpoints" name="test_sso_metadata_returns_valid_xml" time="0.437" /><testcase classname="tests.test_iteration116_roadmap_complete.TestSSOSAMLEndpoints" name="test_sso_discover_works" time="0.523" /><testcase classname="tests.test_iteration116_roadmap_complete.TestSSOSAMLEndpoints" name="test_sso_configure_requires_admin" time="0.446" /><testcase classname="tests.test_iteration116_roadmap_complete.TestSSOSAMLEndpoints" name="test_sso_config_crud" time="0.715" /><testcase classname="tests.test_iteration116_roadmap_complete.TestGuestVerification2FA" name="test_guest_register_sends_otp" time="0.511" /><testcase classname="tests.test_iteration116_roadmap_complete.TestGuestVerification2FA" name="test_guest_verify_otp_validates_code" time="0.599" /><testcase classname="tests.test_iteration116_roadmap_complete.TestGuestVerification2FA" name="test_guest_status_endpoint" time="0.277" /><testcase classname="tests.test_iteration116_roadmap_complete.TestPWAManifest" name="test_manifest_json_accessible" time="0.169" /><testcase classname="tests.test_iteration116_roadmap_complete.TestPWAManifest" name="test_manifest_has_karau_branding" time="0.182" /><testcase classname="tests.test_iteration116_roadmap_complete.TestPWAManifest" name="test_manifest_has_meeting_shortcuts" time="0.187" /><testcase classname="tests.test_iteration116_roadmap_complete.TestMeetingsEndpoint" name="test_meetings_list_with_auth" time="0.482" /></testsuite></testsuites>