<?xml version="1.0" encoding="utf-8"?><testsuites name="pytest tests"><testsuite name="pytest" errors="0" failures="0" skipped="0" tests="11" time="3.463" timestamp="2026-06-23T00:53:57.616289+00:00" hostname="agent-env-31fc3276-6de8-49c5-90f4-0dbb0735a08f"><testcase classname="backend.tests.test_iteration223_refactor_regression.TestTranslationPackage" name="test_languages_public" time="1.993" /><testcase classname="backend.tests.test_iteration223_refactor_regression.TestTranslationPackage" name="test_analytics_admin" time="0.215" /><testcase classname="backend.tests.test_iteration223_refactor_regression.TestTranslationPackage" name="test_memory_stats_admin" time="0.129" /><testcase classname="backend.tests.test_iteration223_refactor_regression.TestTranslationPackage" name="test_quality_stats_admin" time="0.120" /><testcase classname="backend.tests.test_iteration223_refactor_regression.TestLumiMessengerPackage" name="test_channels_no_auth_is_401" time="0.117" /><testcase classname="backend.tests.test_iteration223_refactor_regression.TestLumiMessengerPackage" name="test_channels_admin_200" time="0.128" /><testcase classname="backend.tests.test_iteration223_refactor_regression.TestLumiMessengerPackage" name="test_presence_admin" time="0.104" /><testcase classname="backend.tests.test_iteration223_refactor_regression.TestLumiMessengerPackage" name="test_compliance_frameworks_admin" time="0.113" /><testcase classname="backend.tests.test_iteration223_refactor_regression.TestLumiMessengerPackage" name="test_admin_org_settings" time="0.111" /><testcase classname="backend.tests.test_iteration223_refactor_regression.TestLiveKitTokenRoles" name="test_host_can_publish" time="0.251" /><testcase classname="backend.tests.test_iteration223_refactor_regression.TestLiveKitTokenRoles" name="test_attendee_subscribe_only" time="0.124" /></testsuite></testsuites>