<?xml version="1.0" encoding="utf-8"?><testsuites name="pytest tests"><testsuite name="pytest" errors="0" failures="0" skipped="0" tests="89" time="2.525" timestamp="2026-02-10T17:55:45.301571+00:00" hostname="agent-env-1b9395c2-e7f2-4e45-93d1-ab795d01b870"><testcase classname="backend.tests.test_diverse_videos.TestTutorialVideoStreaming" name="test_tutorial_video_accessible[lang_info0]" time="0.151" /><testcase classname="backend.tests.test_diverse_videos.TestTutorialVideoStreaming" name="test_tutorial_video_accessible[lang_info1]" time="0.104" /><testcase classname="backend.tests.test_diverse_videos.TestTutorialVideoStreaming" name="test_tutorial_video_accessible[lang_info2]" time="0.112" /><testcase classname="backend.tests.test_diverse_videos.TestTutorialVideoStreaming" name="test_tutorial_video_accessible[lang_info3]" time="0.091" /><testcase classname="backend.tests.test_diverse_videos.TestTutorialVideoStreaming" name="test_tutorial_video_accessible[lang_info4]" time="0.080" /><testcase classname="backend.tests.test_diverse_videos.TestTutorialVideoStreaming" name="test_tutorial_video_accessible[lang_info5]" time="0.092" /><testcase classname="backend.tests.test_diverse_videos.TestTutorialVideoStreaming" name="test_tutorial_video_accessible[lang_info6]" time="0.138" /><testcase classname="backend.tests.test_diverse_videos.TestTutorialVideoStreaming" name="test_tutorial_video_accessible[lang_info7]" time="0.135" /><testcase classname="backend.tests.test_diverse_videos.TestTutorialVideoStreaming" name="test_tutorial_video_accessible[lang_info8]" time="0.148" /><testcase classname="backend.tests.test_diverse_videos.TestTutorialVideoStreaming" name="test_tutorial_video_accessible[lang_info9]" time="0.096" /><testcase classname="backend.tests.test_diverse_videos.TestTutorialVideoStreaming" name="test_tutorial_video_accessible[lang_info10]" time="0.108" /><testcase classname="backend.tests.test_diverse_videos.TestTutorialVideoStreaming" name="test_tutorial_video_accessible[lang_info11]" time="0.098" /><testcase classname="backend.tests.test_diverse_videos.TestTutorialVideoStreaming" name="test_tutorial_video_accessible[lang_info12]" time="0.088" /><testcase classname="backend.tests.test_diverse_videos.TestTutorialVideoStreaming" name="test_tutorial_video_accessible[lang_info13]" time="0.087" /><testcase classname="backend.tests.test_diverse_videos.TestTutorialVideoStreaming" name="test_tutorial_video_accessible[lang_info14]" time="0.184" /><testcase classname="backend.tests.test_diverse_videos.TestTutorialVideoStreaming" name="test_tutorial_video_accessible[lang_info15]" time="0.080" /><testcase classname="backend.tests.test_diverse_videos.TestTutorialVideoStreaming" name="test_tutorial_video_range_requests[lang_info0]" time="0.039" /><testcase classname="backend.tests.test_diverse_videos.TestTutorialVideoStreaming" name="test_tutorial_video_range_requests[lang_info1]" time="0.041" /><testcase classname="backend.tests.test_diverse_videos.TestTutorialVideoStreaming" name="test_tutorial_video_range_requests[lang_info2]" time="0.039" /><testcase classname="backend.tests.test_diverse_videos.TestTutorialVideoStreaming" name="test_tutorial_video_range_requests[lang_info3]" time="0.046" /><testcase classname="backend.tests.test_diverse_videos.TestTutorialVideoStreaming" name="test_tutorial_video_range_requests[lang_info4]" time="0.037" /><testcase classname="backend.tests.test_diverse_videos.TestTutorialVideoStreaming" name="test_tutorial_video_range_requests[lang_info5]" time="0.039" /><testcase classname="backend.tests.test_diverse_videos.TestTutorialVideoStreaming" name="test_tutorial_video_range_requests[lang_info6]" time="0.038" /><testcase classname="backend.tests.test_diverse_videos.TestTutorialVideoStreaming" name="test_tutorial_video_range_requests[lang_info7]" time="0.039" /><testcase classname="backend.tests.test_diverse_videos.TestTutorialVideoStreaming" name="test_tutorial_video_range_requests[lang_info8]" time="0.044" /><testcase classname="backend.tests.test_diverse_videos.TestTutorialVideoStreaming" name="test_tutorial_video_range_requests[lang_info9]" time="0.040" /><testcase classname="backend.tests.test_diverse_videos.TestTutorialVideoStreaming" name="test_tutorial_video_range_requests[lang_info10]" time="0.040" /><testcase classname="backend.tests.test_diverse_videos.TestTutorialVideoStreaming" name="test_tutorial_video_range_requests[lang_info11]" time="0.036" /><testcase classname="backend.tests.test_diverse_videos.TestTutorialVideoStreaming" name="test_tutorial_video_range_requests[lang_info12]" time="0.037" /><testcase classname="backend.tests.test_diverse_videos.TestTutorialVideoStreaming" name="test_tutorial_video_range_requests[lang_info13]" time="0.041" /><testcase classname="backend.tests.test_diverse_videos.TestTutorialVideoStreaming" name="test_tutorial_video_range_requests[lang_info14]" time="0.039" /><testcase classname="backend.tests.test_diverse_videos.TestTutorialVideoStreaming" name="test_tutorial_video_range_requests[lang_info15]" time="0.037" /><testcase classname="backend.tests.test_diverse_videos.TestPresenterDistribution" name="test_male_presenter_count" time="0.000" /><testcase classname="backend.tests.test_diverse_videos.TestPresenterDistribution" name="test_female_presenter_count" time="0.000" /><testcase classname="backend.tests.test_diverse_videos.TestPresenterDistribution" name="test_total_languages" time="0.000" /><testcase classname="backend.tests.test_diverse_videos.TestBundledLocales" name="test_total_bundled_locales" time="0.000" /><testcase classname="backend.tests.test_diverse_videos.TestBundledLocales" name="test_new_locales_included" time="0.000" /><testcase classname="backend.tests.test_diverse_videos.TestBundledLocales" name="test_african_languages_included" time="0.000" /><testcase classname="backend.tests.test_diverse_videos.TestVideoFilesExist" name="test_video_files_count" time="0.000" /><testcase classname="backend.tests.test_diverse_videos.TestVideoFilesExist" name="test_video_file_exists[lang_info0]" time="0.000" /><testcase classname="backend.tests.test_diverse_videos.TestVideoFilesExist" name="test_video_file_exists[lang_info1]" time="0.000" /><testcase classname="backend.tests.test_diverse_videos.TestVideoFilesExist" name="test_video_file_exists[lang_info2]" time="0.000" /><testcase classname="backend.tests.test_diverse_videos.TestVideoFilesExist" name="test_video_file_exists[lang_info3]" time="0.000" /><testcase classname="backend.tests.test_diverse_videos.TestVideoFilesExist" name="test_video_file_exists[lang_info4]" time="0.000" /><testcase classname="backend.tests.test_diverse_videos.TestVideoFilesExist" name="test_video_file_exists[lang_info5]" time="0.000" /><testcase classname="backend.tests.test_diverse_videos.TestVideoFilesExist" name="test_video_file_exists[lang_info6]" time="0.000" /><testcase classname="backend.tests.test_diverse_videos.TestVideoFilesExist" name="test_video_file_exists[lang_info7]" time="0.000" /><testcase classname="backend.tests.test_diverse_videos.TestVideoFilesExist" name="test_video_file_exists[lang_info8]" time="0.000" /><testcase classname="backend.tests.test_diverse_videos.TestVideoFilesExist" name="test_video_file_exists[lang_info9]" time="0.000" /><testcase classname="backend.tests.test_diverse_videos.TestVideoFilesExist" name="test_video_file_exists[lang_info10]" time="0.000" /><testcase classname="backend.tests.test_diverse_videos.TestVideoFilesExist" name="test_video_file_exists[lang_info11]" time="0.000" /><testcase classname="backend.tests.test_diverse_videos.TestVideoFilesExist" name="test_video_file_exists[lang_info12]" time="0.000" /><testcase classname="backend.tests.test_diverse_videos.TestVideoFilesExist" name="test_video_file_exists[lang_info13]" time="0.000" /><testcase classname="backend.tests.test_diverse_videos.TestVideoFilesExist" name="test_video_file_exists[lang_info14]" time="0.000" /><testcase classname="backend.tests.test_diverse_videos.TestVideoFilesExist" name="test_video_file_exists[lang_info15]" time="0.000" /><testcase classname="backend.tests.test_diverse_videos.TestLocaleFilesExist" name="test_locale_files_count" time="0.000" /><testcase classname="backend.tests.test_diverse_videos.TestLocaleFilesExist" name="test_locale_file_exists[en]" time="0.000" /><testcase classname="backend.tests.test_diverse_videos.TestLocaleFilesExist" name="test_locale_file_exists[es]" time="0.000" /><testcase classname="backend.tests.test_diverse_videos.TestLocaleFilesExist" name="test_locale_file_exists[fr]" time="0.000" /><testcase classname="backend.tests.test_diverse_videos.TestLocaleFilesExist" name="test_locale_file_exists[zh]" time="0.000" /><testcase classname="backend.tests.test_diverse_videos.TestLocaleFilesExist" name="test_locale_file_exists[de]" time="0.000" /><testcase classname="backend.tests.test_diverse_videos.TestLocaleFilesExist" name="test_locale_file_exists[ja]" time="0.000" /><testcase classname="backend.tests.test_diverse_videos.TestLocaleFilesExist" name="test_locale_file_exists[ar]" time="0.000" /><testcase classname="backend.tests.test_diverse_videos.TestLocaleFilesExist" name="test_locale_file_exists[hi]" time="0.000" /><testcase classname="backend.tests.test_diverse_videos.TestLocaleFilesExist" name="test_locale_file_exists[pt-BR]" time="0.000" /><testcase classname="backend.tests.test_diverse_videos.TestLocaleFilesExist" name="test_locale_file_exists[sw]" time="0.000" /><testcase classname="backend.tests.test_diverse_videos.TestLocaleFilesExist" name="test_locale_file_exists[ha]" time="0.000" /><testcase classname="backend.tests.test_diverse_videos.TestLocaleFilesExist" name="test_locale_file_exists[yo]" time="0.000" /><testcase classname="backend.tests.test_diverse_videos.TestLocaleFilesExist" name="test_locale_file_exists[ig]" time="0.000" /><testcase classname="backend.tests.test_diverse_videos.TestLocaleFilesExist" name="test_locale_file_exists[zu]" time="0.000" /><testcase classname="backend.tests.test_diverse_videos.TestLocaleFilesExist" name="test_locale_file_exists[xh]" time="0.000" /><testcase classname="backend.tests.test_diverse_videos.TestLocaleFilesExist" name="test_locale_file_exists[af]" time="0.000" /><testcase classname="backend.tests.test_diverse_videos.TestLocaleFilesExist" name="test_locale_file_exists[am]" time="0.000" /><testcase classname="backend.tests.test_diverse_videos.TestLocaleFilesExist" name="test_locale_file_exists[om]" time="0.000" /><testcase classname="backend.tests.test_diverse_videos.TestLocaleFilesExist" name="test_locale_file_exists[so]" time="0.000" /><testcase classname="backend.tests.test_diverse_videos.TestLocaleFilesExist" name="test_locale_file_exists[rw]" time="0.000" /><testcase classname="backend.tests.test_diverse_videos.TestLocaleFilesExist" name="test_locale_file_exists[sn]" time="0.000" /><testcase classname="backend.tests.test_diverse_videos.TestLocaleFilesExist" name="test_locale_file_exists[ny]" time="0.000" /><testcase classname="backend.tests.test_diverse_videos.TestLocaleFilesExist" name="test_locale_file_exists[tw]" time="0.000" /><testcase classname="backend.tests.test_diverse_videos.TestLocaleFilesExist" name="test_locale_file_exists[wo]" time="0.000" /><testcase classname="backend.tests.test_diverse_videos.TestLocaleFilesExist" name="test_locale_file_exists[lg]" time="0.000" /><testcase classname="backend.tests.test_diverse_videos.TestLocaleFilesExist" name="test_locale_file_exists[nl]" time="0.000" /><testcase classname="backend.tests.test_diverse_videos.TestLocaleFilesExist" name="test_locale_file_exists[it]" time="0.000" /><testcase classname="backend.tests.test_diverse_videos.TestLocaleFilesExist" name="test_locale_file_exists[vi]" time="0.000" /><testcase classname="backend.tests.test_diverse_videos.TestLocaleFilesExist" name="test_locale_file_exists[ko]" time="0.000" /><testcase classname="backend.tests.test_diverse_videos.TestLocaleFilesExist" name="test_locale_file_exists[ru]" time="0.000" /><testcase classname="backend.tests.test_diverse_videos.TestLocaleFilesExist" name="test_locale_file_exists[pl]" time="0.000" /><testcase classname="backend.tests.test_diverse_videos.TestLocaleFilesExist" name="test_locale_file_exists[sv]" time="0.000" /><testcase classname="backend.tests.test_diverse_videos.TestLocaleFilesExist" name="test_locale_file_exists[tr]" time="0.000" /></testsuite></testsuites>