<?xml version="1.0" encoding="utf-8"?><testsuites name="pytest tests"><testsuite name="pytest" errors="0" failures="2" skipped="0" tests="21" time="6.818" timestamp="2026-02-15T09:29:10.933015+00:00" hostname="agent-env-431f8495-43c2-4b1a-8181-ff469be8aa35"><testcase classname="backend.tests.test_karau_phase3_ai_webrtc.TestKarauPhase3AIWebRTC" name="test_create_meeting" time="0.394" /><testcase classname="backend.tests.test_karau_phase3_ai_webrtc.TestKarauPhase3AIWebRTC" name="test_get_meeting_details" time="0.241" /><testcase classname="backend.tests.test_karau_phase3_ai_webrtc.TestKarauPhase3AIWebRTC" name="test_get_user_meetings" time="0.227" /><testcase classname="backend.tests.test_karau_phase3_ai_webrtc.TestKarauPhase3AIWebRTC" name="test_get_transcript_empty" time="0.216" /><testcase classname="backend.tests.test_karau_phase3_ai_webrtc.TestKarauPhase3AIWebRTC" name="test_transcribe_audio_mock" time="1.699" /><testcase classname="backend.tests.test_karau_phase3_ai_webrtc.TestKarauPhase3AIWebRTC" name="test_generate_summary_no_transcript" time="0.239"><failure message="assert 520 == 200&#10; +  where 520 = &lt;Response [520]&gt;.status_code">backend/tests/test_karau_phase3_ai_webrtc.py:206: in test_generate_summary_no_transcript
    assert response.status_code == 200
E   assert 520 == 200
E    +  where 520 = &lt;Response [520]&gt;.status_code</failure></testcase><testcase classname="backend.tests.test_karau_phase3_ai_webrtc.TestKarauPhase3AIWebRTC" name="test_get_summary_not_found" time="0.213" /><testcase classname="backend.tests.test_karau_phase3_ai_webrtc.TestKarauPhase3AIWebRTC" name="test_extract_action_items_no_transcript" time="0.198"><failure message="assert 520 == 200&#10; +  where 520 = &lt;Response [520]&gt;.status_code">backend/tests/test_karau_phase3_ai_webrtc.py:242: in test_extract_action_items_no_transcript
    assert response.status_code == 200
E   assert 520 == 200
E    +  where 520 = &lt;Response [520]&gt;.status_code</failure></testcase><testcase classname="backend.tests.test_karau_phase3_ai_webrtc.TestKarauPhase3AIWebRTC" name="test_get_action_items" time="0.224" /><testcase classname="backend.tests.test_karau_phase3_ai_webrtc.TestKarauPhase3AIWebRTC" name="test_update_action_item_status_invalid" time="0.192" /><testcase classname="backend.tests.test_karau_phase3_ai_webrtc.TestKarauPhase3AIWebRTC" name="test_update_action_item_invalid_status" time="0.212" /><testcase classname="backend.tests.test_karau_phase3_ai_webrtc.TestKarauPhase3AIWebRTC" name="test_get_room_status" time="0.360" /><testcase classname="backend.tests.test_karau_phase3_ai_webrtc.TestKarauPhase3AIWebRTC" name="test_get_room_participants" time="0.224" /><testcase classname="backend.tests.test_karau_phase3_ai_webrtc.TestKarauPhase3AIWebRTC" name="test_join_meeting" time="0.220" /><testcase classname="backend.tests.test_karau_phase3_ai_webrtc.TestKarauPhase3AIWebRTC" name="test_leave_meeting" time="0.218" /><testcase classname="backend.tests.test_karau_phase3_ai_webrtc.TestKarauPhase3AIWebRTC" name="test_send_chat_message" time="0.399" /><testcase classname="backend.tests.test_karau_phase3_ai_webrtc.TestKarauPhase3AIWebRTC" name="test_update_participant_status" time="0.387" /><testcase classname="backend.tests.test_karau_phase3_ai_webrtc.TestKarauPhase3EdgeCases" name="test_get_nonexistent_meeting" time="0.214" /><testcase classname="backend.tests.test_karau_phase3_ai_webrtc.TestKarauPhase3EdgeCases" name="test_join_nonexistent_meeting" time="0.213" /><testcase classname="backend.tests.test_karau_phase3_ai_webrtc.TestKarauPhase3EdgeCases" name="test_transcribe_without_auth" time="0.205" /><testcase classname="backend.tests.test_karau_phase3_ai_webrtc.TestKarauPhase3EdgeCases" name="test_room_status_nonexistent" time="0.239" /></testsuite></testsuites>