<?xml version="1.0" encoding="utf-8"?><testsuites name="pytest tests"><testsuite name="pytest" errors="0" failures="0" skipped="0" tests="16" time="5.556" timestamp="2026-02-24T18:49:04.502842+00:00" hostname="agent-env-6bd4af11-5f53-4a35-879e-a87532cbb523"><testcase classname="backend.tests.test_karau_meeting_portal.TestKarauMeetHealth" name="test_api_health" time="1.433" /><testcase classname="backend.tests.test_karau_meeting_portal.TestKarauMeetGuestJoin" name="test_get_meeting_info" time="0.232" /><testcase classname="backend.tests.test_karau_meeting_portal.TestKarauMeetGuestJoin" name="test_guest_join_meeting" time="0.117" /><testcase classname="backend.tests.test_karau_meeting_portal.TestKarauMeetGuestJoin" name="test_guest_join_nonexistent_meeting" time="0.211" /><testcase classname="backend.tests.test_karau_meeting_portal.TestKarauMeetICEServers" name="test_get_ice_servers" time="0.475" /><testcase classname="backend.tests.test_karau_meeting_portal.TestKarauMeetICEServers" name="test_ice_servers_in_meeting_response" time="0.170" /><testcase classname="backend.tests.test_karau_meeting_portal.TestKarauMeetSettings" name="test_meeting_settings_structure" time="0.275" /><testcase classname="backend.tests.test_karau_meeting_portal.TestAuthenticatedMeetingFlow" name="test_authenticated_join_meeting" time="0.538" /><testcase classname="backend.tests.test_karau_meeting_portal.TestAuthenticatedMeetingFlow" name="test_create_meeting" time="0.318" /><testcase classname="backend.tests.test_karau_meeting_portal.TestAuthenticatedMeetingFlow" name="test_list_meetings" time="0.372" /><testcase classname="backend.tests.test_karau_meeting_portal.TestAuthenticatedMeetingFlow" name="test_leave_meeting" time="0.403" /><testcase classname="backend.tests.test_karau_meeting_portal.TestWebRTCEndpoints" name="test_websocket_url_format" time="0.000" /><testcase classname="backend.tests.test_karau_meeting_portal.TestWebRTCEndpoints" name="test_meeting_participants" time="0.133" /><testcase classname="backend.tests.test_karau_meeting_portal.TestRecordingsMetadata" name="test_save_recording_metadata" time="0.506" /><testcase classname="backend.tests.test_karau_meeting_portal.TestMeetingErrorHandling" name="test_invalid_meeting_id_format" time="0.164" /><testcase classname="backend.tests.test_karau_meeting_portal.TestMeetingErrorHandling" name="test_guest_join_without_name" time="0.131" /></testsuite></testsuites>