<?xml version="1.0" encoding="utf-8"?><testsuites name="pytest tests"><testsuite name="pytest" errors="0" failures="0" skipped="0" tests="18" time="22.102" timestamp="2026-03-03T13:23:58.439761+00:00" hostname="agent-env-d73fc091-808a-4f6a-a2b0-8ec6a3de7de6"><testcase classname="backend.tests.test_karau_iteration161.TestAuthentication" name="test_login_admin" time="8.849" /><testcase classname="backend.tests.test_karau_iteration161.TestDashboardAPIs" name="test_dashboard_stats" time="0.273" /><testcase classname="backend.tests.test_karau_iteration161.TestDashboardAPIs" name="test_meeting_insights" time="0.118" /><testcase classname="backend.tests.test_karau_iteration161.TestDashboardAPIs" name="test_trending_topics" time="2.556" /><testcase classname="backend.tests.test_karau_iteration161.TestDashboardAPIs" name="test_activity_feed" time="0.113" /><testcase classname="backend.tests.test_karau_iteration161.TestDashboardAPIs" name="test_upcoming_meetings" time="0.110" /><testcase classname="backend.tests.test_karau_iteration161.TestReplayAPI" name="test_get_demo_replay" time="0.129" /><testcase classname="backend.tests.test_karau_iteration161.TestReplayAPI" name="test_replay_requires_auth" time="0.109" /><testcase classname="backend.tests.test_karau_iteration161.TestReplayAPI" name="test_replay_timeline" time="0.107" /><testcase classname="backend.tests.test_karau_iteration161.TestReplayAPI" name="test_generate_highlights" time="8.443" /><testcase classname="backend.tests.test_karau_iteration161.TestSimulationEndpointsMocked" name="test_slam_stream" time="0.137" /><testcase classname="backend.tests.test_karau_iteration161.TestSimulationEndpointsMocked" name="test_camera_stream" time="0.160" /><testcase classname="backend.tests.test_karau_iteration161.TestSimulationEndpointsMocked" name="test_audio_stream" time="0.110" /><testcase classname="backend.tests.test_karau_iteration161.TestSimulationEndpointsMocked" name="test_iot_stream" time="0.114" /><testcase classname="backend.tests.test_karau_iteration161.TestSimulationEndpointsMocked" name="test_biometric_stream" time="0.130" /><testcase classname="backend.tests.test_karau_iteration161.TestAnalyticsAPIs" name="test_effectiveness_analytics" time="0.107" /><testcase classname="backend.tests.test_karau_iteration161.TestAnalyticsAPIs" name="test_gamification_analytics" time="0.128" /><testcase classname="backend.tests.test_karau_iteration161.TestAnalyticsAPIs" name="test_leaderboard" time="0.192" /></testsuite></testsuites>