<?xml version="1.0" encoding="utf-8"?><testsuites name="pytest tests"><testsuite name="pytest" errors="0" failures="0" skipped="0" tests="16" time="5.016" timestamp="2026-02-15T18:46:22.510670+00:00" hostname="agent-env-ab313d42-40ba-4f01-a84a-1b4962ec16e3"><testcase classname="test_karau_e2e.TestKarauMeetingE2E" name="test_01_health_check" time="0.399" /><testcase classname="test_karau_e2e.TestKarauMeetingE2E" name="test_02_ice_servers_endpoint" time="0.494" /><testcase classname="test_karau_e2e.TestKarauMeetingE2E" name="test_03_create_meeting" time="0.222" /><testcase classname="test_karau_e2e.TestKarauMeetingE2E" name="test_04_list_meetings" time="0.185" /><testcase classname="test_karau_e2e.TestKarauMeetingE2E" name="test_05_join_meeting" time="0.188" /><testcase classname="test_karau_e2e.TestKarauMeetingE2E" name="test_06_get_meeting_participants" time="0.253" /><testcase classname="test_karau_e2e.TestKarauMeetingE2E" name="test_07_room_status" time="0.169" /><testcase classname="test_karau_e2e.TestKarauMeetingE2E" name="test_08_send_chat_message" time="0.166" /><testcase classname="test_karau_e2e.TestKarauMeetingE2E" name="test_09_accessibility_settings" time="0.272" /><testcase classname="test_karau_e2e.TestKarauMeetingE2E" name="test_10_security_compliance" time="0.181" /><testcase classname="test_karau_e2e.TestKarauMeetingE2E" name="test_11_recordings_stats" time="0.192" /><testcase classname="test_karau_e2e.TestKarauMeetingE2E" name="test_12_recordings_list" time="0.158" /><testcase classname="test_karau_e2e.TestKarauMeetingE2E" name="test_13_ai_transcript" time="0.255" /><testcase classname="test_karau_e2e.TestKarauMeetingE2E" name="test_14_ai_action_items" time="0.191" /><testcase classname="test_karau_e2e.TestKarauMeetingE2E" name="test_15_leave_meeting" time="0.209" /><testcase classname="test_karau_e2e.TestWebSocketSignaling" name="test_websocket_connection" time="1.337" /></testsuite></testsuites>