<?xml version="1.0" encoding="utf-8"?><testsuites name="pytest tests"><testsuite name="pytest" errors="0" failures="0" skipped="0" tests="13" time="11.548" timestamp="2026-03-03T12:35:26.119408+00:00" hostname="agent-env-d73fc091-808a-4f6a-a2b0-8ec6a3de7de6"><testcase classname="backend.tests.test_karau_replay_simulation_iteration160.TestAuthentication" name="test_login_success" time="1.541" /><testcase classname="backend.tests.test_karau_replay_simulation_iteration160.TestReplayEndpoints" name="test_get_demo_replay" time="0.263" /><testcase classname="backend.tests.test_karau_replay_simulation_iteration160.TestReplayEndpoints" name="test_get_replay_timeline" time="0.123" /><testcase classname="backend.tests.test_karau_replay_simulation_iteration160.TestReplayEndpoints" name="test_replay_requires_auth" time="0.125" /><testcase classname="backend.tests.test_karau_replay_simulation_iteration160.TestReplayEndpoints" name="test_generate_highlights" time="7.742" /><testcase classname="backend.tests.test_karau_replay_simulation_iteration160.TestSimulationEndpoints" name="test_slam_stream" time="0.246" /><testcase classname="backend.tests.test_karau_replay_simulation_iteration160.TestSimulationEndpoints" name="test_camera_stream" time="0.123" /><testcase classname="backend.tests.test_karau_replay_simulation_iteration160.TestSimulationEndpoints" name="test_audio_stream" time="0.105" /><testcase classname="backend.tests.test_karau_replay_simulation_iteration160.TestSimulationEndpoints" name="test_iot_stream" time="0.118" /><testcase classname="backend.tests.test_karau_replay_simulation_iteration160.TestSimulationEndpoints" name="test_biometric_stream" time="0.121" /><testcase classname="backend.tests.test_karau_replay_simulation_iteration160.TestSimulationEndpoints" name="test_simulation_requires_auth" time="0.550" /><testcase classname="backend.tests.test_karau_replay_simulation_iteration160.TestDashboardEndpoints" name="test_dashboard_stats" time="0.243" /><testcase classname="backend.tests.test_karau_replay_simulation_iteration160.TestDashboardEndpoints" name="test_meeting_insights" time="0.109" /></testsuite></testsuites>