<?xml version="1.0" encoding="utf-8"?><testsuites name="pytest tests"><testsuite name="pytest" errors="0" failures="0" skipped="0" tests="21" time="11.167" timestamp="2026-02-15T09:29:57.162077+00:00" hostname="agent-env-431f8495-43c2-4b1a-8181-ff469be8aa35"><testcase classname="backend.tests.test_karau_phase3_ai_webrtc.TestKarauPhase3AIWebRTC" name="test_create_meeting" time="0.278" /><testcase classname="backend.tests.test_karau_phase3_ai_webrtc.TestKarauPhase3AIWebRTC" name="test_get_meeting_details" time="0.214" /><testcase classname="backend.tests.test_karau_phase3_ai_webrtc.TestKarauPhase3AIWebRTC" name="test_get_user_meetings" time="0.223" /><testcase classname="backend.tests.test_karau_phase3_ai_webrtc.TestKarauPhase3AIWebRTC" name="test_get_transcript_empty" time="0.223" /><testcase classname="backend.tests.test_karau_phase3_ai_webrtc.TestKarauPhase3AIWebRTC" name="test_transcribe_audio_mock" time="1.618" /><testcase classname="backend.tests.test_karau_phase3_ai_webrtc.TestKarauPhase3AIWebRTC" name="test_generate_summary_no_transcript" time="4.079" /><testcase classname="backend.tests.test_karau_phase3_ai_webrtc.TestKarauPhase3AIWebRTC" name="test_get_summary_not_found" time="0.229" /><testcase classname="backend.tests.test_karau_phase3_ai_webrtc.TestKarauPhase3AIWebRTC" name="test_extract_action_items_no_transcript" time="0.977" /><testcase classname="backend.tests.test_karau_phase3_ai_webrtc.TestKarauPhase3AIWebRTC" name="test_get_action_items" time="0.205" /><testcase classname="backend.tests.test_karau_phase3_ai_webrtc.TestKarauPhase3AIWebRTC" name="test_update_action_item_status_invalid" time="0.224" /><testcase classname="backend.tests.test_karau_phase3_ai_webrtc.TestKarauPhase3AIWebRTC" name="test_update_action_item_invalid_status" time="0.204" /><testcase classname="backend.tests.test_karau_phase3_ai_webrtc.TestKarauPhase3AIWebRTC" name="test_get_room_status" time="0.274" /><testcase classname="backend.tests.test_karau_phase3_ai_webrtc.TestKarauPhase3AIWebRTC" name="test_get_room_participants" time="0.219" /><testcase classname="backend.tests.test_karau_phase3_ai_webrtc.TestKarauPhase3AIWebRTC" name="test_join_meeting" time="0.219" /><testcase classname="backend.tests.test_karau_phase3_ai_webrtc.TestKarauPhase3AIWebRTC" name="test_leave_meeting" time="0.429" /><testcase classname="backend.tests.test_karau_phase3_ai_webrtc.TestKarauPhase3AIWebRTC" name="test_send_chat_message" time="0.331" /><testcase classname="backend.tests.test_karau_phase3_ai_webrtc.TestKarauPhase3AIWebRTC" name="test_update_participant_status" time="0.320" /><testcase classname="backend.tests.test_karau_phase3_ai_webrtc.TestKarauPhase3EdgeCases" name="test_get_nonexistent_meeting" time="0.207" /><testcase classname="backend.tests.test_karau_phase3_ai_webrtc.TestKarauPhase3EdgeCases" name="test_join_nonexistent_meeting" time="0.211" /><testcase classname="backend.tests.test_karau_phase3_ai_webrtc.TestKarauPhase3EdgeCases" name="test_transcribe_without_auth" time="0.200" /><testcase classname="backend.tests.test_karau_phase3_ai_webrtc.TestKarauPhase3EdgeCases" name="test_room_status_nonexistent" time="0.212" /></testsuite></testsuites>