<?xml version="1.0" encoding="utf-8"?><testsuites name="pytest tests"><testsuite name="pytest" errors="0" failures="0" skipped="0" tests="27" time="11.797" timestamp="2026-02-26T21:12:17.545793+00:00" hostname="agent-env-8ea33314-3e0c-474d-8fd4-ef67cee881e3"><testcase classname="backend.tests.test_karau_live_e2e_iteration117.TestAuthentication" name="test_login_admin" time="0.278" /><testcase classname="backend.tests.test_karau_live_e2e_iteration117.TestAuthentication" name="test_login_test_user" time="0.188" /><testcase classname="backend.tests.test_karau_live_e2e_iteration117.TestAuthentication" name="test_auth_required_endpoint" time="0.229" /><testcase classname="backend.tests.test_karau_live_e2e_iteration117.TestGuestVerification" name="test_guest_register_sends_otp" time="1.031" /><testcase classname="backend.tests.test_karau_live_e2e_iteration117.TestGuestVerification" name="test_full_guest_2fa_flow" time="0.964" /><testcase classname="backend.tests.test_karau_live_e2e_iteration117.TestMeetingCRUD" name="test_create_meeting" time="0.340" /><testcase classname="backend.tests.test_karau_live_e2e_iteration117.TestMeetingCRUD" name="test_get_meeting_info_public" time="0.397" /><testcase classname="backend.tests.test_karau_live_e2e_iteration117.TestMeetingCRUD" name="test_get_meetings_list" time="0.307" /><testcase classname="backend.tests.test_karau_live_e2e_iteration117.TestLobbyFlow" name="test_guest_joins_lobby_returns_waiting_status" time="0.400" /><testcase classname="backend.tests.test_karau_live_e2e_iteration117.TestLobbyFlow" name="test_host_sees_waiting_list" time="0.668" /><testcase classname="backend.tests.test_karau_live_e2e_iteration117.TestLobbyFlow" name="test_host_admits_guest" time="0.812" /><testcase classname="backend.tests.test_karau_live_e2e_iteration117.TestBreakoutRooms" name="test_start_breakout_session" time="0.508" /><testcase classname="backend.tests.test_karau_live_e2e_iteration117.TestBreakoutRooms" name="test_get_breakout_session_status" time="0.586" /><testcase classname="backend.tests.test_karau_live_e2e_iteration117.TestBreakoutRooms" name="test_close_breakout_session" time="0.691" /><testcase classname="backend.tests.test_karau_live_e2e_iteration117.TestCalendarSharing" name="test_ics_export" time="0.424" /><testcase classname="backend.tests.test_karau_live_e2e_iteration117.TestCalendarSharing" name="test_social_sharing_links" time="0.424" /><testcase classname="backend.tests.test_karau_live_e2e_iteration117.TestEnterpriseOrganizations" name="test_get_organization_details" time="0.250" /><testcase classname="backend.tests.test_karau_live_e2e_iteration117.TestEnterpriseOrganizations" name="test_list_organizations" time="0.268" /><testcase classname="backend.tests.test_karau_live_e2e_iteration117.TestEnterpriseOrganizations" name="test_get_employees" time="0.233" /><testcase classname="backend.tests.test_karau_live_e2e_iteration117.TestEnterpriseOrganizations" name="test_get_conference_rooms" time="0.287" /><testcase classname="backend.tests.test_karau_live_e2e_iteration117.TestEnterpriseOrganizations" name="test_get_branding" time="0.502" /><testcase classname="backend.tests.test_karau_live_e2e_iteration117.TestSSOConfiguration" name="test_sso_configure" time="0.793" /><testcase classname="backend.tests.test_karau_live_e2e_iteration117.TestSSOConfiguration" name="test_sso_discover" time="0.371" /><testcase classname="backend.tests.test_karau_live_e2e_iteration117.TestSSOConfiguration" name="test_sso_metadata" time="0.136" /><testcase classname="backend.tests.test_karau_live_e2e_iteration117.TestCalendarStatus" name="test_calendar_status_shows_providers" time="0.263" /><testcase classname="backend.tests.test_karau_live_e2e_iteration117.TestHealthAndBasics" name="test_api_health" time="0.118" /><testcase classname="backend.tests.test_karau_live_e2e_iteration117.TestHealthAndBasics" name="test_frontend_accessible" time="0.216" /></testsuite></testsuites>