<?xml version="1.0" encoding="utf-8"?><testsuites name="pytest tests"><testsuite name="pytest" errors="0" failures="0" skipped="0" tests="12" time="2.278" timestamp="2026-03-01T16:27:56.753479+00:00" hostname="agent-env-a67a787b-ec5b-4ed3-926b-5f7b95f0a054"><testcase classname="backend.tests.test_live_transcription_iteration144.TestRealtimeSTTEndpoints" name="test_stt_status_returns_available" time="0.281" /><testcase classname="backend.tests.test_live_transcription_iteration144.TestRealtimeSTTEndpoints" name="test_stt_status_requires_auth" time="0.147" /><testcase classname="backend.tests.test_live_transcription_iteration144.TestRealtimeSTTEndpoints" name="test_transcribe_base64_validates_input" time="0.115" /><testcase classname="backend.tests.test_live_transcription_iteration144.TestRealtimeSTTEndpoints" name="test_transcribe_base64_endpoint_exists" time="0.109" /><testcase classname="backend.tests.test_live_transcription_iteration144.TestLiveTranscriptSaveEndpoint" name="test_save_transcript_nonexistent_webinar_404" time="0.121" /><testcase classname="backend.tests.test_live_transcription_iteration144.TestLiveTranscriptSaveEndpoint" name="test_save_transcript_host_can_save" time="0.267" /><testcase classname="backend.tests.test_live_transcription_iteration144.TestLiveTranscriptSaveEndpoint" name="test_save_transcript_nonhost_403" time="0.354" /><testcase classname="backend.tests.test_live_transcription_iteration144.TestLiveTranscriptSaveEndpoint" name="test_save_transcript_requires_auth" time="0.118" /><testcase classname="backend.tests.test_live_transcription_iteration144.TestLiveTranscriptGetEndpoint" name="test_get_transcript_nonexistent_webinar_404" time="0.126" /><testcase classname="backend.tests.test_live_transcription_iteration144.TestLiveTranscriptGetEndpoint" name="test_get_transcript_returns_saved_data" time="0.254" /><testcase classname="backend.tests.test_live_transcription_iteration144.TestWebinarRoomInfoLiveTranscription" name="test_room_info_host_has_stream_permissions" time="0.119" /><testcase classname="backend.tests.test_live_transcription_iteration144.TestRegressionSTTEndpoints" name="test_transcription_history_endpoint" time="0.122" /></testsuite></testsuites>