<?xml version="1.0" encoding="utf-8"?><testsuites name="pytest tests"><testsuite name="pytest" errors="0" failures="0" skipped="3" tests="15" time="7.149" timestamp="2026-02-26T04:21:29.507211+00:00" hostname="agent-env-94e03d11-4226-4984-9ccf-2e9cffbb5f8a"><testcase classname="backend.tests.test_lobby_features.TestLobbyAuthentication" name="test_admin_login" time="0.333" /><testcase classname="backend.tests.test_lobby_features.TestLobbyGuestJoin" name="test_guest_join_lobby" time="0.367" /><testcase classname="backend.tests.test_lobby_features.TestLobbyGuestJoin" name="test_guest_lobby_status_poll" time="0.498" /><testcase classname="backend.tests.test_lobby_features.TestLobbyAuthenticatedJoin" name="test_host_auto_admitted" time="0.350" /><testcase classname="backend.tests.test_lobby_features.TestLobbyAuthenticatedJoin" name="test_non_host_placed_in_waiting" time="0.339"><skipped type="pytest.skip" message="Test user not available">/app/backend/tests/test_lobby_features.py:171: Test user not available</skipped></testcase><testcase classname="backend.tests.test_lobby_features.TestLobbyHostControls" name="test_host_admit_guest" time="0.589" /><testcase classname="backend.tests.test_lobby_features.TestLobbyHostControls" name="test_host_deny_guest" time="0.564" /><testcase classname="backend.tests.test_lobby_features.TestLobbyHostControls" name="test_host_get_waiting_list" time="0.649" /><testcase classname="backend.tests.test_lobby_features.TestLobbyHostControls" name="test_host_admit_all" time="1.142" /><testcase classname="backend.tests.test_lobby_features.TestWaitingRoomSettings" name="test_toggle_waiting_room_off" time="0.459" /><testcase classname="backend.tests.test_lobby_features.TestWaitingRoomSettings" name="test_toggle_waiting_room_on" time="0.366" /><testcase classname="backend.tests.test_lobby_features.TestMeetingInfo" name="test_get_meeting_info_public" time="0.333" /><testcase classname="backend.tests.test_lobby_features.TestMeetingInfo" name="test_meeting_info_not_found" time="0.339" /><testcase classname="backend.tests.test_lobby_features.TestNonHostRestrictions" name="test_non_host_cannot_view_waiting_list" time="0.345"><skipped type="pytest.skip" message="Test user not available">/app/backend/tests/test_lobby_features.py:468: Test user not available</skipped></testcase><testcase classname="backend.tests.test_lobby_features.TestNonHostRestrictions" name="test_non_host_cannot_admit" time="0.392"><skipped type="pytest.skip" message="Test user not available">/app/backend/tests/test_lobby_features.py:480: Test user not available</skipped></testcase></testsuite></testsuites>