<?xml version="1.0" encoding="utf-8"?><testsuites name="pytest tests"><testsuite name="pytest" errors="0" failures="0" skipped="0" tests="22" time="4.582" timestamp="2026-03-05T16:15:59.903709+00:00" hostname="agent-env-3d2fa9fb-5334-45ad-baa7-f71724f3769c"><testcase classname="backend.tests.test_lumi_new_features_iteration176.TestAuthAndSetup" name="test_admin_login" time="0.184" /><testcase classname="backend.tests.test_lumi_new_features_iteration176.TestContentModeration" name="test_moderation_check_clean_text" time="0.242" /><testcase classname="backend.tests.test_lumi_new_features_iteration176.TestContentModeration" name="test_moderation_check_profanity" time="0.129" /><testcase classname="backend.tests.test_lumi_new_features_iteration176.TestContentModeration" name="test_moderation_settings_get" time="0.136" /><testcase classname="backend.tests.test_lumi_new_features_iteration176.TestContentModeration" name="test_moderation_settings_update" time="0.151" /><testcase classname="backend.tests.test_lumi_new_features_iteration176.TestContentModeration" name="test_moderation_unauthorized" time="0.116" /><testcase classname="backend.tests.test_lumi_new_features_iteration176.TestComplianceFrameworks" name="test_compliance_frameworks_list" time="0.292" /><testcase classname="backend.tests.test_lumi_new_features_iteration176.TestComplianceFrameworks" name="test_compliance_frameworks_have_requirements" time="0.118" /><testcase classname="backend.tests.test_lumi_new_features_iteration176.TestComplianceFrameworks" name="test_compliance_status" time="0.158" /><testcase classname="backend.tests.test_lumi_new_features_iteration176.TestComplianceFrameworks" name="test_compliance_karau_reference" time="0.122" /><testcase classname="backend.tests.test_lumi_new_features_iteration176.TestComplianceFrameworks" name="test_compliance_unauthorized" time="0.138" /><testcase classname="backend.tests.test_lumi_new_features_iteration176.TestAdminAuditLog" name="test_audit_log_get" time="0.258" /><testcase classname="backend.tests.test_lumi_new_features_iteration176.TestAdminAuditLog" name="test_audit_log_category_filter" time="0.126" /><testcase classname="backend.tests.test_lumi_new_features_iteration176.TestAdminAuditLog" name="test_audit_log_all_category" time="0.123" /><testcase classname="backend.tests.test_lumi_new_features_iteration176.TestAdminAuditLog" name="test_audit_log_unauthorized" time="0.131" /><testcase classname="backend.tests.test_lumi_new_features_iteration176.TestCalendarSync" name="test_calendar_sync_non_google_user" time="0.240" /><testcase classname="backend.tests.test_lumi_new_features_iteration176.TestCalendarSync" name="test_calendar_sync_unauthorized" time="0.109" /><testcase classname="backend.tests.test_lumi_new_features_iteration176.TestLumiChannelsAndMessages" name="test_get_channels" time="0.271" /><testcase classname="backend.tests.test_lumi_new_features_iteration176.TestLumiChannelsAndMessages" name="test_send_clean_message" time="0.246" /><testcase classname="backend.tests.test_lumi_new_features_iteration176.TestEmojiPicker" name="test_emoji_in_message" time="0.508" /><testcase classname="backend.tests.test_lumi_new_features_iteration176.TestEmojiPicker" name="test_message_reactions" time="0.412" /><testcase classname="backend.tests.test_lumi_new_features_iteration176.TestProfileAndCapabilities" name="test_profile_capabilities" time="0.262" /></testsuite></testsuites>