<?xml version="1.0" encoding="utf-8"?><testsuites name="pytest tests"><testsuite name="pytest" errors="0" failures="0" skipped="0" tests="18" time="4.373" timestamp="2026-03-03T23:06:35.689826+00:00" hostname="agent-env-1d2a9626-d5dd-4c5f-a8d1-4c9b805324f4"><testcase classname="tests.test_lumi_messenger.TestLumiMessengerAuth" name="test_login_returns_user_data" time="0.953" /><testcase classname="tests.test_lumi_messenger.TestLumiChannels" name="test_seed_channels" time="0.263" /><testcase classname="tests.test_lumi_messenger.TestLumiChannels" name="test_list_channels" time="0.112" /><testcase classname="tests.test_lumi_messenger.TestLumiChannels" name="test_create_channel" time="0.144" /><testcase classname="tests.test_lumi_messenger.TestLumiChannels" name="test_create_private_channel" time="0.125" /><testcase classname="tests.test_lumi_messenger.TestLumiChannels" name="test_create_announcement_channel" time="0.129" /><testcase classname="tests.test_lumi_messenger.TestLumiChannels" name="test_get_channel" time="0.287" /><testcase classname="tests.test_lumi_messenger.TestLumiChannels" name="test_channel_requires_auth" time="0.115" /><testcase classname="tests.test_lumi_messenger.TestLumiChannels" name="test_create_channel_requires_auth" time="0.110" /><testcase classname="tests.test_lumi_messenger.TestLumiMessages" name="test_send_message" time="0.354" /><testcase classname="tests.test_lumi_messenger.TestLumiMessages" name="test_get_messages" time="0.122" /><testcase classname="tests.test_lumi_messenger.TestLumiMessages" name="test_send_message_and_verify_retrieval" time="0.250" /><testcase classname="tests.test_lumi_messenger.TestLumiMessages" name="test_message_requires_auth" time="0.155" /><testcase classname="tests.test_lumi_messenger.TestLumiMessages" name="test_send_message_requires_membership" time="0.114" /><testcase classname="tests.test_lumi_messenger.TestLumiPresence" name="test_get_presence" time="0.231" /><testcase classname="tests.test_lumi_messenger.TestLumiPresence" name="test_typing_indicator" time="0.232" /><testcase classname="tests.test_lumi_messenger.TestLumiChannelMembership" name="test_join_channel" time="0.356" /><testcase classname="tests.test_lumi_messenger.TestLumiChannelMembership" name="test_leave_channel" time="0.227" /></testsuite></testsuites>