<?xml version="1.0" encoding="utf-8"?><testsuites name="pytest tests"><testsuite name="pytest" errors="0" failures="0" skipped="0" tests="8" time="4.957" timestamp="2026-03-05T17:36:48.704333+00:00" hostname="agent-env-3d2fa9fb-5334-45ad-baa7-f71724f3769c"><testcase classname="backend.tests.test_lumi_footer_ws_iteration178.TestBackendHealth" name="test_health_check" time="3.148" /><testcase classname="backend.tests.test_lumi_footer_ws_iteration178.TestLumiAuth" name="test_lumi_channels_list" time="0.228" /><testcase classname="backend.tests.test_lumi_footer_ws_iteration178.TestLumiAuth" name="test_lumi_compliance_status" time="0.179" /><testcase classname="backend.tests.test_lumi_footer_ws_iteration178.TestLumiAuth" name="test_lumi_visualizations_activity" time="0.212" /><testcase classname="backend.tests.test_lumi_footer_ws_iteration178.TestLumiAuth" name="test_lumi_moderation_settings" time="0.198" /><testcase classname="backend.tests.test_lumi_footer_ws_iteration178.TestWebSocketConnection" name="test_websocket_connection_via_ws" time="0.366" /><testcase classname="backend.tests.test_lumi_footer_ws_iteration178.TestContentModeration" name="test_moderation_settings_exist" time="0.163" /><testcase classname="backend.tests.test_lumi_footer_ws_iteration178.TestEmojiPicker" name="test_send_message_with_emoji" time="0.357" /></testsuite></testsuites>