<?xml version="1.0" encoding="utf-8"?><testsuites name="pytest tests"><testsuite name="pytest" errors="0" failures="0" skipped="0" tests="16" time="7.100" timestamp="2026-03-04T10:57:32.288224+00:00" hostname="agent-env-8928f259-e9a7-44aa-ac39-3c93341d4b63"><testcase classname="backend.tests.test_lumi_prestige_contrast_iteration168.TestLumiAuth" name="test_login_success" time="3.578" /><testcase classname="backend.tests.test_lumi_prestige_contrast_iteration168.TestLumiAuth" name="test_login_invalid_credentials" time="0.114" /><testcase classname="backend.tests.test_lumi_prestige_contrast_iteration168.TestLumiChannels" name="test_get_channels" time="0.220" /><testcase classname="backend.tests.test_lumi_prestige_contrast_iteration168.TestLumiChannels" name="test_get_channels_requires_auth" time="0.246" /><testcase classname="backend.tests.test_lumi_prestige_contrast_iteration168.TestLumiMessaging" name="test_get_messages" time="0.351" /><testcase classname="backend.tests.test_lumi_prestige_contrast_iteration168.TestLumiMessaging" name="test_send_message" time="0.365" /><testcase classname="backend.tests.test_lumi_prestige_contrast_iteration168.TestLumiDMs" name="test_get_dms" time="0.228" /><testcase classname="backend.tests.test_lumi_prestige_contrast_iteration168.TestLumiDMs" name="test_dms_requires_auth" time="0.230" /><testcase classname="backend.tests.test_lumi_prestige_contrast_iteration168.TestLumiPresence" name="test_get_all_presence" time="0.210" /><testcase classname="backend.tests.test_lumi_prestige_contrast_iteration168.TestLumiPresence" name="test_update_presence" time="0.232" /><testcase classname="backend.tests.test_lumi_prestige_contrast_iteration168.TestLumiPresence" name="test_invalid_presence_status" time="0.218" /><testcase classname="backend.tests.test_lumi_prestige_contrast_iteration168.TestLumiUserSearch" name="test_search_users" time="0.208" /><testcase classname="backend.tests.test_lumi_prestige_contrast_iteration168.TestLumiUserSearch" name="test_search_users_requires_auth" time="0.241" /><testcase classname="backend.tests.test_lumi_prestige_contrast_iteration168.TestLumiGlobalSearch" name="test_global_search" time="0.220" /><testcase classname="backend.tests.test_lumi_prestige_contrast_iteration168.TestLumiUnreadCounts" name="test_get_unread_counts" time="0.218" /><testcase classname="backend.tests.test_lumi_prestige_contrast_iteration168.TestHealthEndpoint" name="test_health" time="0.102" /></testsuite></testsuites>