<?xml version="1.0" encoding="utf-8"?><testsuites name="pytest tests"><testsuite name="pytest" errors="0" failures="0" skipped="0" tests="13" time="3.163" timestamp="2026-03-03T23:17:44.315223+00:00" hostname="agent-env-1d2a9626-d5dd-4c5f-a8d1-4c9b805324f4"><testcase classname="backend.tests.test_lumi_dm_feature.TestLumiDMFeature" name="test_search_users_empty_query" time="0.391" /><testcase classname="backend.tests.test_lumi_dm_feature.TestLumiDMFeature" name="test_search_users_excludes_current_user" time="0.125" /><testcase classname="backend.tests.test_lumi_dm_feature.TestLumiDMFeature" name="test_search_users_with_query" time="0.113" /><testcase classname="backend.tests.test_lumi_dm_feature.TestLumiDMFeature" name="test_search_users_requires_auth" time="0.110" /><testcase classname="backend.tests.test_lumi_dm_feature.TestLumiDMFeature" name="test_create_dm_with_recipient" time="0.280" /><testcase classname="backend.tests.test_lumi_dm_feature.TestLumiDMFeature" name="test_create_dm_returns_existing_dm" time="0.398" /><testcase classname="backend.tests.test_lumi_dm_feature.TestLumiDMFeature" name="test_create_dm_with_self_fails" time="0.121" /><testcase classname="backend.tests.test_lumi_dm_feature.TestLumiDMFeature" name="test_create_dm_with_nonexistent_user_fails" time="0.116" /><testcase classname="backend.tests.test_lumi_dm_feature.TestLumiDMFeature" name="test_create_dm_requires_auth" time="0.115" /><testcase classname="backend.tests.test_lumi_dm_feature.TestLumiDMFeature" name="test_list_dms" time="0.118" /><testcase classname="backend.tests.test_lumi_dm_feature.TestLumiDMFeature" name="test_list_dms_requires_auth" time="0.128" /><testcase classname="backend.tests.test_lumi_dm_feature.TestLumiDMFeature" name="test_channels_list_excludes_dm_channels" time="0.458" /><testcase classname="backend.tests.test_lumi_dm_feature.TestLumiDMFeature" name="test_send_message_in_dm_channel" time="0.608" /></testsuite></testsuites>