<?xml version="1.0" encoding="utf-8"?><testsuites name="pytest tests"><testsuite name="pytest" errors="0" failures="0" skipped="0" tests="15" time="30.434" timestamp="2026-03-04T11:59:14.614315+00:00" hostname="agent-env-8928f259-e9a7-44aa-ac39-3c93341d4b63"><testcase classname="backend.tests.test_lumi_esy_ai_features_iteration169.TestAuthentication" name="test_login_success" time="1.408" /><testcase classname="backend.tests.test_lumi_esy_ai_features_iteration169.TestLumiConversationalAI" name="test_ai_ask_endpoint_exists" time="3.633" /><testcase classname="backend.tests.test_lumi_esy_ai_features_iteration169.TestLumiConversationalAI" name="test_ai_ask_with_channel_context" time="4.495" /><testcase classname="backend.tests.test_lumi_esy_ai_features_iteration169.TestLumiConversationalAI" name="test_ai_ask_requires_auth" time="0.117" /><testcase classname="backend.tests.test_lumi_esy_ai_features_iteration169.TestLumiAnomalyAlerts" name="test_get_anomalies" time="0.218" /><testcase classname="backend.tests.test_lumi_esy_ai_features_iteration169.TestLumiAnomalyAlerts" name="test_anomalies_requires_auth" time="0.127" /><testcase classname="backend.tests.test_lumi_esy_ai_features_iteration169.TestLumiDecisionCards" name="test_generate_decision_cards" time="6.070" /><testcase classname="backend.tests.test_lumi_esy_ai_features_iteration169.TestLumiDecisionCards" name="test_decision_card_action_execution" time="5.816" /><testcase classname="backend.tests.test_lumi_esy_ai_features_iteration169.TestLumiSentimentAnalysis" name="test_sentiment_analysis" time="2.725" /><testcase classname="backend.tests.test_lumi_esy_ai_features_iteration169.TestLumiTaskExtraction" name="test_extract_tasks" time="0.968" /><testcase classname="backend.tests.test_lumi_esy_ai_features_iteration169.TestLumiChannelReport" name="test_generate_report" time="3.972" /><testcase classname="backend.tests.test_lumi_esy_ai_features_iteration169.TestLumiCoreEndpoints" name="test_get_channels" time="0.235" /><testcase classname="backend.tests.test_lumi_esy_ai_features_iteration169.TestLumiCoreEndpoints" name="test_get_dms" time="0.231" /><testcase classname="backend.tests.test_lumi_esy_ai_features_iteration169.TestLumiCoreEndpoints" name="test_get_presence" time="0.217" /><testcase classname="backend.tests.test_lumi_esy_ai_features_iteration169.TestLumiCoreEndpoints" name="test_health_check" time="0.105" /></testsuite></testsuites>