<?xml version="1.0" encoding="utf-8"?><testsuites name="pytest tests"><testsuite name="pytest" errors="0" failures="4" skipped="0" tests="67" time="13.158" timestamp="2026-02-27T02:24:05.756558+00:00" hostname="agent-env-8ea33314-3e0c-474d-8fd4-ef67cee881e3"><testcase classname="tests.test_medmatch_job_toolkit.TestAuthAPIs" name="test_login_admin_success" time="0.933" /><testcase classname="tests.test_medmatch_job_toolkit.TestAuthAPIs" name="test_login_test_user_success" time="0.155" /><testcase classname="tests.test_medmatch_job_toolkit.TestAuthAPIs" name="test_login_wrong_password_error" time="0.117" /><testcase classname="tests.test_medmatch_job_toolkit.TestAuthAPIs" name="test_auth_me_returns_user" time="0.131" /><testcase classname="tests.test_medmatch_job_toolkit.TestAuthAPIs" name="test_auth_preferences" time="0.131" /><testcase classname="tests.test_medmatch_job_toolkit.TestJobsAndSearchAPIs" name="test_jobs_sources" time="0.153" /><testcase classname="tests.test_medmatch_job_toolkit.TestJobsAndSearchAPIs" name="test_jobs_deep_search" time="0.740" /><testcase classname="tests.test_medmatch_job_toolkit.TestJobsAndSearchAPIs" name="test_search_enhanced" time="0.132" /><testcase classname="tests.test_medmatch_job_toolkit.TestJobsAndSearchAPIs" name="test_search_autocomplete" time="0.121"><failure message="assert 401 == 200&#10; +  where 401 = &lt;Response [401]&gt;.status_code">tests/test_medmatch_job_toolkit.py:132: in test_search_autocomplete
    assert response.status_code == 200
E   assert 401 == 200
E    +  where 401 = &lt;Response [401]&gt;.status_code</failure></testcase><testcase classname="tests.test_medmatch_job_toolkit.TestResumeAndCoverLetterAPIs" name="test_resume_get" time="0.172" /><testcase classname="tests.test_medmatch_job_toolkit.TestResumeAndCoverLetterAPIs" name="test_cover_letter_history" time="0.119" /><testcase classname="tests.test_medmatch_job_toolkit.TestInterviewAndQAAPIs" name="test_interview_cached_questions" time="0.160" /><testcase classname="tests.test_medmatch_job_toolkit.TestInterviewAndQAAPIs" name="test_interview_calendar_status" time="0.144" /><testcase classname="tests.test_medmatch_job_toolkit.TestInterviewAndQAAPIs" name="test_qa_practice_history" time="0.143" /><testcase classname="tests.test_medmatch_job_toolkit.TestInterviewAndQAAPIs" name="test_ai_qa_status" time="0.133" /><testcase classname="tests.test_medmatch_job_toolkit.TestInterviewAndQAAPIs" name="test_video_interview_sessions" time="0.137" /><testcase classname="tests.test_medmatch_job_toolkit.TestAnalyticsAPIs" name="test_analytics_dashboard" time="0.245" /><testcase classname="tests.test_medmatch_job_toolkit.TestAnalyticsAPIs" name="test_analytics_funnel" time="0.132" /><testcase classname="tests.test_medmatch_job_toolkit.TestRecruiterAPIs" name="test_recruiter_jobs" time="0.199" /><testcase classname="tests.test_medmatch_job_toolkit.TestRecruiterAPIs" name="test_recruiter_verification_status" time="0.111" /><testcase classname="tests.test_medmatch_job_toolkit.TestRecruiterAPIs" name="test_ats_links" time="0.141" /><testcase classname="tests.test_medmatch_job_toolkit.TestEnterpriseAndAdminAPIs" name="test_admin_audit_status" time="0.124" /><testcase classname="tests.test_medmatch_job_toolkit.TestEnterpriseAndAdminAPIs" name="test_ai_compliance_admin_summary" time="0.126" /><testcase classname="tests.test_medmatch_job_toolkit.TestEnterpriseAndAdminAPIs" name="test_audit_reports_templates" time="0.121" /><testcase classname="tests.test_medmatch_job_toolkit.TestEnterpriseAndAdminAPIs" name="test_compliance_alerts_check" time="0.228" /><testcase classname="tests.test_medmatch_job_toolkit.TestEnterpriseAndAdminAPIs" name="test_enterprise_api_keys" time="0.150" /><testcase classname="tests.test_medmatch_job_toolkit.TestEnterpriseAndAdminAPIs" name="test_data_integrity_lineage" time="0.123" /><testcase classname="tests.test_medmatch_job_toolkit.TestEnterpriseAndAdminAPIs" name="test_metrics" time="0.110"><failure message="assert 401 == 200&#10; +  where 401 = &lt;Response [401]&gt;.status_code">tests/test_medmatch_job_toolkit.py:322: in test_metrics
    assert response.status_code == 200
E   assert 401 == 200
E    +  where 401 = &lt;Response [401]&gt;.status_code</failure></testcase><testcase classname="tests.test_medmatch_job_toolkit.TestSkillsAndTaxonomyAPIs" name="test_skills_categories" time="0.123" /><testcase classname="tests.test_medmatch_job_toolkit.TestSkillsAndTaxonomyAPIs" name="test_taxonomy_sectors" time="0.183" /><testcase classname="tests.test_medmatch_job_toolkit.TestCredentialsAndVerificationAPIs" name="test_credentials_providers" time="0.119" /><testcase classname="tests.test_medmatch_job_toolkit.TestCredentialsAndVerificationAPIs" name="test_id_verification_status" time="0.131" /><testcase classname="tests.test_medmatch_job_toolkit.TestCredentialsAndVerificationAPIs" name="test_id_verify_status" time="0.132" /><testcase classname="tests.test_medmatch_job_toolkit.TestCredentialsAndVerificationAPIs" name="test_capa_list" time="0.145" /><testcase classname="tests.test_medmatch_job_toolkit.TestCommunicationAPIs" name="test_messages_conversations" time="0.136" /><testcase classname="tests.test_medmatch_job_toolkit.TestCommunicationAPIs" name="test_notifications" time="0.116" /><testcase classname="tests.test_medmatch_job_toolkit.TestCommunicationAPIs" name="test_notifications_preferences" time="0.125" /><testcase classname="tests.test_medmatch_job_toolkit.TestCommunicationAPIs" name="test_meeting_notes_status" time="0.130" /><testcase classname="tests.test_medmatch_job_toolkit.TestTranslationAPIs" name="test_translate_languages" time="0.114" /><testcase classname="tests.test_medmatch_job_toolkit.TestTranslationAPIs" name="test_translate_text" time="1.586" /><testcase classname="tests.test_medmatch_job_toolkit.TestTranslationAPIs" name="test_translate_gender_rules" time="0.121" /><testcase classname="tests.test_medmatch_job_toolkit.TestTranslationAPIs" name="test_translation_qa_latest" time="0.801" /><testcase classname="tests.test_medmatch_job_toolkit.TestIntegrationAPIs" name="test_linkedin_status" time="0.114" /><testcase classname="tests.test_medmatch_job_toolkit.TestIntegrationAPIs" name="test_orcid_config" time="0.138" /><testcase classname="tests.test_medmatch_job_toolkit.TestIntegrationAPIs" name="test_payments_status" time="0.192"><failure message="assert 401 in [200, 404]&#10; +  where 401 = &lt;Response [401]&gt;.status_code">tests/test_medmatch_job_toolkit.py:495: in test_payments_status
    assert response.status_code in [200, 404]
E   assert 401 in [200, 404]
E    +  where 401 = &lt;Response [401]&gt;.status_code</failure></testcase><testcase classname="tests.test_medmatch_job_toolkit.TestIntegrationAPIs" name="test_push_vapid_key" time="0.115" /><testcase classname="tests.test_medmatch_job_toolkit.TestIntegrationAPIs" name="test_webpush_vapid_key" time="0.125" /><testcase classname="tests.test_medmatch_job_toolkit.TestMiscServiceAPIs" name="test_cloud_status" time="0.175" /><testcase classname="tests.test_medmatch_job_toolkit.TestMiscServiceAPIs" name="test_dragon_health" time="0.161" /><testcase classname="tests.test_medmatch_job_toolkit.TestMiscServiceAPIs" name="test_dragon_automator_health" time="0.123"><failure message="assert 401 == 200&#10; +  where 401 = &lt;Response [401]&gt;.status_code">tests/test_medmatch_job_toolkit.py:532: in test_dragon_automator_health
    assert response.status_code == 200
E   assert 401 == 200
E    +  where 401 = &lt;Response [401]&gt;.status_code</failure></testcase><testcase classname="tests.test_medmatch_job_toolkit.TestMiscServiceAPIs" name="test_geolocation_preferences" time="0.112" /><testcase classname="tests.test_medmatch_job_toolkit.TestMiscServiceAPIs" name="test_digest_settings" time="0.122" /><testcase classname="tests.test_medmatch_job_toolkit.TestMiscServiceAPIs" name="test_autofill_data" time="0.141" /><testcase classname="tests.test_medmatch_job_toolkit.TestMiscServiceAPIs" name="test_biometric_supported" time="0.150" /><testcase classname="tests.test_medmatch_job_toolkit.TestMiscServiceAPIs" name="test_realtime_stt_status" time="0.137" /><testcase classname="tests.test_medmatch_job_toolkit.TestMiscServiceAPIs" name="test_ml_data_status" time="0.150" /><testcase classname="tests.test_medmatch_job_toolkit.TestMiscServiceAPIs" name="test_ml_model_info" time="0.136" /><testcase classname="tests.test_medmatch_job_toolkit.TestMiscServiceAPIs" name="test_avatar_status" time="0.362" /><testcase classname="tests.test_medmatch_job_toolkit.TestMiscServiceAPIs" name="test_privacy_consent_status" time="0.126" /><testcase classname="tests.test_medmatch_job_toolkit.TestMiscServiceAPIs" name="test_video_analysis_status" time="0.111" /><testcase classname="tests.test_medmatch_job_toolkit.TestMiscServiceAPIs" name="test_video_assets_config" time="0.139" /><testcase classname="tests.test_medmatch_job_toolkit.TestMiscServiceAPIs" name="test_tutorials_videos" time="0.158" /><testcase classname="tests.test_medmatch_job_toolkit.TestMiscServiceAPIs" name="test_feedback_categories" time="0.129" /><testcase classname="tests.test_medmatch_job_toolkit.TestMiscServiceAPIs" name="test_mutual_match_requests" time="0.130" /><testcase classname="tests.test_medmatch_job_toolkit.TestMiscServiceAPIs" name="test_companies_list" time="0.117" /><testcase classname="tests.test_medmatch_job_toolkit.TestMiscServiceAPIs" name="test_batch_stats" time="0.115" /><testcase classname="tests.test_medmatch_job_toolkit.TestMiscServiceAPIs" name="test_meeting_notes_create" time="0.122" /></testsuite></testsuites>