<?xml version="1.0" encoding="utf-8"?><testsuites name="pytest tests"><testsuite name="pytest" errors="0" failures="1" skipped="12" tests="22" time="1.478" timestamp="2026-01-24T00:35:18.890987+00:00" hostname="agent-env-11c80b5f-efe0-497e-893c-169105975eab"><testcase classname="backend.tests.test_meeting_notes_push.TestMeetingNotesAPI" name="test_meeting_notes_status" time="0.131" /><testcase classname="backend.tests.test_meeting_notes_push.TestMeetingNotesAPI" name="test_create_meeting" time="0.063" /><testcase classname="backend.tests.test_meeting_notes_push.TestMeetingNotesAPI" name="test_list_meetings" time="0.093" /><testcase classname="backend.tests.test_meeting_notes_push.TestMeetingNotesAPI" name="test_get_meeting_details" time="0.134" /><testcase classname="backend.tests.test_meeting_notes_push.TestMeetingNotesAPI" name="test_update_meeting" time="0.138" /><testcase classname="backend.tests.test_meeting_notes_push.TestMeetingNotesAPI" name="test_delete_meeting" time="0.039"><skipped type="pytest.skip" message="Authentication failed - skipping authenticated tests">/app/backend/tests/test_meeting_notes_push.py:151: Authentication failed - skipping authenticated tests</skipped></testcase><testcase classname="backend.tests.test_meeting_notes_push.TestMeetingNotesAPI" name="test_meeting_stats" time="0.037"><skipped type="pytest.skip" message="Authentication failed - skipping authenticated tests">/app/backend/tests/test_meeting_notes_push.py:166: Authentication failed - skipping authenticated tests</skipped></testcase><testcase classname="backend.tests.test_meeting_notes_push.TestMeetingNotesAPI" name="test_export_meeting_markdown" time="0.037"><skipped type="pytest.skip" message="Authentication failed - skipping authenticated tests">/app/backend/tests/test_meeting_notes_push.py:180: Authentication failed - skipping authenticated tests</skipped></testcase><testcase classname="backend.tests.test_meeting_notes_push.TestMeetingNotesAPI" name="test_export_meeting_json" time="0.043"><skipped type="pytest.skip" message="Authentication failed - skipping authenticated tests">/app/backend/tests/test_meeting_notes_push.py:203: Authentication failed - skipping authenticated tests</skipped></testcase><testcase classname="backend.tests.test_meeting_notes_push.TestMeetingNotesAPI" name="test_generate_summary_requires_transcript" time="0.034"><skipped type="pytest.skip" message="Authentication failed - skipping authenticated tests">/app/backend/tests/test_meeting_notes_push.py:226: Authentication failed - skipping authenticated tests</skipped></testcase><testcase classname="backend.tests.test_meeting_notes_push.TestMeetingNotesAPI" name="test_meeting_notes_auth_required" time="0.047"><skipped type="pytest.skip" message="Authentication failed - skipping authenticated tests">/app/backend/tests/test_meeting_notes_push.py:241: Authentication failed - skipping authenticated tests</skipped></testcase><testcase classname="backend.tests.test_meeting_notes_push.TestWebPushAPI" name="test_vapid_public_key" time="0.035"><skipped type="pytest.skip" message="Authentication failed - skipping authenticated tests">/app/backend/tests/test_meeting_notes_push.py:276: Authentication failed - skipping authenticated tests</skipped></testcase><testcase classname="backend.tests.test_meeting_notes_push.TestWebPushAPI" name="test_push_status" time="0.037"><skipped type="pytest.skip" message="Authentication failed - skipping authenticated tests">/app/backend/tests/test_meeting_notes_push.py:289: Authentication failed - skipping authenticated tests</skipped></testcase><testcase classname="backend.tests.test_meeting_notes_push.TestWebPushAPI" name="test_job_match_notification_endpoint" time="0.079"><skipped type="pytest.skip" message="Authentication failed - skipping authenticated tests">/app/backend/tests/test_meeting_notes_push.py:301: Authentication failed - skipping authenticated tests</skipped></testcase><testcase classname="backend.tests.test_meeting_notes_push.TestWebPushAPI" name="test_interview_reminder_notification_endpoint" time="0.037"><skipped type="pytest.skip" message="Authentication failed - skipping authenticated tests">/app/backend/tests/test_meeting_notes_push.py:323: Authentication failed - skipping authenticated tests</skipped></testcase><testcase classname="backend.tests.test_meeting_notes_push.TestWebPushAPI" name="test_application_update_notification_endpoint" time="0.037"><skipped type="pytest.skip" message="Authentication failed - skipping authenticated tests">/app/backend/tests/test_meeting_notes_push.py:338: Authentication failed - skipping authenticated tests</skipped></testcase><testcase classname="backend.tests.test_meeting_notes_push.TestWebPushAPI" name="test_message_notification_endpoint" time="0.041"><skipped type="pytest.skip" message="Authentication failed - skipping authenticated tests">/app/backend/tests/test_meeting_notes_push.py:352: Authentication failed - skipping authenticated tests</skipped></testcase><testcase classname="backend.tests.test_meeting_notes_push.TestWebPushAPI" name="test_webpush_auth_required" time="0.135" /><testcase classname="backend.tests.test_meeting_notes_push.TestPushServiceIntegration" name="test_messages_route_exists" time="0.068" /><testcase classname="backend.tests.test_meeting_notes_push.TestPushServiceIntegration" name="test_messages_unread_count" time="0.051"><failure message="AssertionError: Expected 200, got 429&#10;assert 429 == 200&#10; +  where 429 = &lt;Response [429]&gt;.status_code">backend/tests/test_meeting_notes_push.py:416: in test_messages_unread_count
    assert response.status_code == 200, f"Expected 200, got {response.status_code}"
E   AssertionError: Expected 200, got 429
E   assert 429 == 200
E    +  where 429 = &lt;Response [429]&gt;.status_code</failure></testcase><testcase classname="backend.tests.test_meeting_notes_push.TestPayPalDocumentation" name="test_paypal_doc_exists" time="0.000" /><testcase classname="backend.tests.test_meeting_notes_push.TestNavigationMeetingNotes" name="test_meeting_notes_route_registered" time="0.054" /></testsuite></testsuites>