<?xml version="1.0" encoding="utf-8"?><testsuites name="pytest tests"><testsuite name="pytest" errors="0" failures="2" skipped="0" tests="17" time="1.321" timestamp="2026-01-30T20:47:54.605925+00:00" hostname="agent-env-e1db614e-d06e-41b1-bdec-376a3f7329ca"><testcase classname="backend.tests.test_ml_audit_push.TestMLDataCollection" name="test_ml_data_status" time="0.081" /><testcase classname="backend.tests.test_ml_audit_push.TestMLDataCollection" name="test_ml_data_test_event" time="0.040" /><testcase classname="backend.tests.test_ml_audit_push.TestMLDataCollection" name="test_ml_data_flush" time="0.125" /><testcase classname="backend.tests.test_ml_audit_push.TestMLDataCollection" name="test_ml_data_event_stats" time="0.044" /><testcase classname="backend.tests.test_ml_audit_push.TestMLDataCollection" name="test_ml_data_event_types" time="0.045" /><testcase classname="backend.tests.test_ml_audit_push.TestAdminAuditLogging" name="test_audit_status" time="0.092" /><testcase classname="backend.tests.test_ml_audit_push.TestAdminAuditLogging" name="test_audit_log_creation" time="0.090" /><testcase classname="backend.tests.test_ml_audit_push.TestAdminAuditLogging" name="test_audit_logs_retrieval" time="0.122" /><testcase classname="backend.tests.test_ml_audit_push.TestAdminAuditLogging" name="test_audit_unauthorized_access" time="0.077"><failure message="assert 403 == 401&#10; +  where 403 = &lt;Response [403]&gt;.status_code">backend/tests/test_ml_audit_push.py:143: in test_audit_unauthorized_access
    assert response.status_code == 401
E   assert 403 == 401
E    +  where 403 = &lt;Response [403]&gt;.status_code</failure></testcase><testcase classname="backend.tests.test_ml_audit_push.TestExpoPushNotifications" name="test_expo_subscribe" time="0.091" /><testcase classname="backend.tests.test_ml_audit_push.TestExpoPushNotifications" name="test_expo_status" time="0.079" /><testcase classname="backend.tests.test_ml_audit_push.TestExpoPushNotifications" name="test_expo_unauthorized_access" time="0.085" /><testcase classname="backend.tests.test_ml_audit_push.TestWebPushNotifications" name="test_vapid_public_key" time="0.038" /><testcase classname="backend.tests.test_ml_audit_push.TestRateLimiting" name="test_rate_limit_status" time="0.078" /><testcase classname="backend.tests.test_ml_audit_push.TestRateLimiting" name="test_rate_limit_tiers" time="0.040"><failure message="AssertionError: assert 'authenticated' in {'anonymous': {'burst_limit': 60, 'requests_per_minute': 300, 'requests_per_second': 30}, 'enterprise': {'burst_limit': 10000, 'requests_per_minute': 20000, 'requests_per_second': 2000}, 'free': {'burst_limit': 300, 'requests_per_minute': 1000, 'requests_per_second': 100}, 'internal': {'burst_limit': 100000, 'requests_per_minute': 100000, 'requests_per_second': 10000}, ...}">backend/tests/test_ml_audit_push.py:231: in test_rate_limit_tiers
    assert "authenticated" in data
E   AssertionError: assert 'authenticated' in {'anonymous': {'burst_limit': 60, 'requests_per_minute': 300, 'requests_per_second': 30}, 'enterprise': {'burst_limit': 10000, 'requests_per_minute': 20000, 'requests_per_second': 2000}, 'free': {'burst_limit': 300, 'requests_per_minute': 1000, 'requests_per_second': 100}, 'internal': {'burst_limit': 100000, 'requests_per_minute': 100000, 'requests_per_second': 10000}, ...}</failure></testcase><testcase classname="backend.tests.test_ml_audit_push.TestHealthEndpoints" name="test_health_check" time="0.043" /><testcase classname="backend.tests.test_ml_audit_push.TestHealthEndpoints" name="test_system_status" time="0.046" /></testsuite></testsuites>