<?xml version="1.0" encoding="utf-8"?><testsuites name="pytest tests"><testsuite name="pytest" errors="0" failures="0" skipped="0" tests="29" time="5.332" timestamp="2026-02-26T04:37:18.828594+00:00" hostname="agent-env-94e03d11-4226-4984-9ccf-2e9cffbb5f8a"><testcase classname="backend.tests.test_mute_controls_iteration110.TestAuthentication" name="test_admin_login_success" time="0.242" /><testcase classname="backend.tests.test_mute_controls_iteration110.TestLobbyEndpoints" name="test_lobby_join_guest" time="0.338" /><testcase classname="backend.tests.test_mute_controls_iteration110.TestLobbyEndpoints" name="test_lobby_join_authenticated" time="0.362" /><testcase classname="backend.tests.test_mute_controls_iteration110.TestLobbyEndpoints" name="test_lobby_status_poll" time="0.449" /><testcase classname="backend.tests.test_mute_controls_iteration110.TestLobbyEndpoints" name="test_lobby_waiting_list" time="0.352" /><testcase classname="backend.tests.test_mute_controls_iteration110.TestLobbyEndpoints" name="test_lobby_admit_guest" time="0.458" /><testcase classname="backend.tests.test_mute_controls_iteration110.TestLobbyEndpoints" name="test_lobby_deny_guest" time="0.451" /><testcase classname="backend.tests.test_mute_controls_iteration110.TestLobbyEndpoints" name="test_lobby_admit_all" time="0.535" /><testcase classname="backend.tests.test_mute_controls_iteration110.TestLobbyEndpoints" name="test_waiting_room_toggle" time="0.447" /><testcase classname="backend.tests.test_mute_controls_iteration110.TestMeetingEndpoints" name="test_create_meeting" time="0.242" /><testcase classname="backend.tests.test_mute_controls_iteration110.TestMeetingEndpoints" name="test_get_meeting_info" time="0.313" /><testcase classname="backend.tests.test_mute_controls_iteration110.TestMeetingEndpoints" name="test_get_meeting_info_not_found" time="0.120" /><testcase classname="backend.tests.test_mute_controls_iteration110.TestMeetingEndpoints" name="test_join_meeting" time="0.315" /><testcase classname="backend.tests.test_mute_controls_iteration110.TestMeetingEndpoints" name="test_join_meeting_as_guest" time="0.351" /><testcase classname="backend.tests.test_mute_controls_iteration110.TestMeetingEndpoints" name="test_get_my_meetings" time="0.271" /><testcase classname="backend.tests.test_mute_controls_iteration110.TestWebSocketSignalingHandlers" name="test_verify_mute_participant_handler_exists" time="0.000" /><testcase classname="backend.tests.test_mute_controls_iteration110.TestWebSocketSignalingHandlers" name="test_verify_mute_all_handler_exists" time="0.000" /><testcase classname="backend.tests.test_mute_controls_iteration110.TestWebSocketSignalingHandlers" name="test_verify_pass_mic_handler_exists" time="0.000" /><testcase classname="backend.tests.test_mute_controls_iteration110.TestWebSocketSignalingHandlers" name="test_verify_host_only_checks" time="0.000" /><testcase classname="backend.tests.test_mute_controls_iteration110.TestFrontendComponents" name="test_meeting_panels_has_mute_all_button" time="0.000" /><testcase classname="backend.tests.test_mute_controls_iteration110.TestFrontendComponents" name="test_meeting_panels_has_mute_participant" time="0.000" /><testcase classname="backend.tests.test_mute_controls_iteration110.TestFrontendComponents" name="test_meeting_panels_has_pass_mic" time="0.000" /><testcase classname="backend.tests.test_mute_controls_iteration110.TestFrontendComponents" name="test_participant_grid_has_active_speaker_prop" time="0.000" /><testcase classname="backend.tests.test_mute_controls_iteration110.TestFrontendComponents" name="test_video_participant_has_speaking_styles" time="0.000" /><testcase classname="backend.tests.test_mute_controls_iteration110.TestFrontendComponents" name="test_meeting_room_has_force_mute_handler" time="0.000" /><testcase classname="backend.tests.test_mute_controls_iteration110.TestFrontendComponents" name="test_meeting_room_has_pass_mic_handler" time="0.000" /><testcase classname="backend.tests.test_mute_controls_iteration110.TestFrontendComponents" name="test_meeting_room_has_mute_functions" time="0.000" /><testcase classname="backend.tests.test_mute_controls_iteration110.TestFrontendComponents" name="test_meeting_room_has_active_speaker_state" time="0.000" /><testcase classname="backend.tests.test_mute_controls_iteration110.TestFrontendComponents" name="test_meeting_lobby_renders" time="0.000" /></testsuite></testsuites>