<?xml version="1.0" encoding="utf-8"?><testsuites name="pytest tests"><testsuite name="pytest" errors="0" failures="0" skipped="0" tests="25" time="3.513" timestamp="2026-02-05T10:53:27.519605+00:00" hostname="agent-env-7f3a04a5-2d8e-4e04-aef1-e244edddcddc"><testcase classname="backend.tests.test_new_features_v3.TestHealthAndBasics" name="test_health_endpoint" time="0.075" /><testcase classname="backend.tests.test_new_features_v3.TestHealthAndBasics" name="test_status_endpoint" time="0.042" /><testcase classname="backend.tests.test_new_features_v3.TestAuthentication" name="test_login" time="0.044" /><testcase classname="backend.tests.test_new_features_v3.TestJobSources" name="test_job_search_returns_results" time="0.858" /><testcase classname="backend.tests.test_new_features_v3.TestJobSources" name="test_job_search_with_location" time="0.908" /><testcase classname="backend.tests.test_new_features_v3.TestJobSources" name="test_job_sources_endpoint" time="0.077" /><testcase classname="backend.tests.test_new_features_v3.TestNotifications" name="test_get_notifications" time="0.078" /><testcase classname="backend.tests.test_new_features_v3.TestNotifications" name="test_get_notification_preferences" time="0.037" /><testcase classname="backend.tests.test_new_features_v3.TestNotifications" name="test_update_notification_preferences" time="0.036" /><testcase classname="backend.tests.test_new_features_v3.TestNotifications" name="test_create_test_notification" time="0.040" /><testcase classname="backend.tests.test_new_features_v3.TestNotifications" name="test_mark_notification_read" time="0.092" /><testcase classname="backend.tests.test_new_features_v3.TestNotifications" name="test_mark_all_notifications_read" time="0.038" /><testcase classname="backend.tests.test_new_features_v3.TestGeolocation" name="test_get_geolocation_preferences" time="0.081" /><testcase classname="backend.tests.test_new_features_v3.TestGeolocation" name="test_update_geolocation_preferences" time="0.036" /><testcase classname="backend.tests.test_new_features_v3.TestGeolocation" name="test_calculate_distance" time="0.037" /><testcase classname="backend.tests.test_new_features_v3.TestGeolocation" name="test_get_major_hubs" time="0.077" /><testcase classname="backend.tests.test_new_features_v3.TestGeolocation" name="test_get_nearest_hub" time="0.036" /><testcase classname="backend.tests.test_new_features_v3.TestGeolocation" name="test_geocode_address" time="0.040" /><testcase classname="backend.tests.test_new_features_v3.TestGeolocation" name="test_commute_estimate" time="0.039" /><testcase classname="backend.tests.test_new_features_v3.TestGeolocation" name="test_radius_settings" time="0.038" /><testcase classname="backend.tests.test_new_features_v3.TestJobVerification" name="test_report_expired_job" time="0.078" /><testcase classname="backend.tests.test_new_features_v3.TestJobVerification" name="test_get_job_verification_status" time="0.036" /><testcase classname="backend.tests.test_new_features_v3.TestJobVerification" name="test_verify_job_url" time="0.147" /><testcase classname="backend.tests.test_new_features_v3.TestJobVerification" name="test_check_url_status" time="0.179" /><testcase classname="backend.tests.test_new_features_v3.TestJobFreshness" name="test_jobs_have_freshness_data" time="0.300" /></testsuite></testsuites>