<?xml version="1.0" encoding="utf-8"?><testsuites name="pytest tests"><testsuite name="pytest" errors="0" failures="1" skipped="0" tests="25" time="10.291" timestamp="2026-02-05T10:51:18.421590+00:00" hostname="agent-env-7f3a04a5-2d8e-4e04-aef1-e244edddcddc"><testcase classname="backend.tests.test_new_features_v3.TestHealthAndBasics" name="test_health_endpoint" time="0.065" /><testcase classname="backend.tests.test_new_features_v3.TestHealthAndBasics" name="test_status_endpoint" time="0.037" /><testcase classname="backend.tests.test_new_features_v3.TestAuthentication" name="test_login" time="0.043" /><testcase classname="backend.tests.test_new_features_v3.TestJobSources" name="test_job_search_returns_results" time="4.313" /><testcase classname="backend.tests.test_new_features_v3.TestJobSources" name="test_job_search_with_location" time="4.272" /><testcase classname="backend.tests.test_new_features_v3.TestJobSources" name="test_job_sources_endpoint" time="0.050" /><testcase classname="backend.tests.test_new_features_v3.TestNotifications" name="test_get_notifications" time="0.080" /><testcase classname="backend.tests.test_new_features_v3.TestNotifications" name="test_get_notification_preferences" time="0.042" /><testcase classname="backend.tests.test_new_features_v3.TestNotifications" name="test_update_notification_preferences" time="0.037"><failure message="assert 520 == 200&#10; +  where 520 = &lt;Response [520]&gt;.status_code">backend/tests/test_new_features_v3.py:169: in test_update_notification_preferences
    assert response.status_code == 200
E   assert 520 == 200
E    +  where 520 = &lt;Response [520]&gt;.status_code</failure></testcase><testcase classname="backend.tests.test_new_features_v3.TestNotifications" name="test_create_test_notification" time="0.039" /><testcase classname="backend.tests.test_new_features_v3.TestNotifications" name="test_mark_notification_read" time="0.077" /><testcase classname="backend.tests.test_new_features_v3.TestNotifications" name="test_mark_all_notifications_read" time="0.047" /><testcase classname="backend.tests.test_new_features_v3.TestGeolocation" name="test_get_geolocation_preferences" time="0.085" /><testcase classname="backend.tests.test_new_features_v3.TestGeolocation" name="test_update_geolocation_preferences" time="0.080" /><testcase classname="backend.tests.test_new_features_v3.TestGeolocation" name="test_calculate_distance" time="0.037" /><testcase classname="backend.tests.test_new_features_v3.TestGeolocation" name="test_get_major_hubs" time="0.037" /><testcase classname="backend.tests.test_new_features_v3.TestGeolocation" name="test_get_nearest_hub" time="0.036" /><testcase classname="backend.tests.test_new_features_v3.TestGeolocation" name="test_geocode_address" time="0.038" /><testcase classname="backend.tests.test_new_features_v3.TestGeolocation" name="test_commute_estimate" time="0.036" /><testcase classname="backend.tests.test_new_features_v3.TestGeolocation" name="test_radius_settings" time="0.036" /><testcase classname="backend.tests.test_new_features_v3.TestJobVerification" name="test_report_expired_job" time="0.078" /><testcase classname="backend.tests.test_new_features_v3.TestJobVerification" name="test_get_job_verification_status" time="0.036" /><testcase classname="backend.tests.test_new_features_v3.TestJobVerification" name="test_verify_job_url" time="0.138" /><testcase classname="backend.tests.test_new_features_v3.TestJobVerification" name="test_check_url_status" time="0.085" /><testcase classname="backend.tests.test_new_features_v3.TestJobFreshness" name="test_jobs_have_freshness_data" time="0.361" /></testsuite></testsuites>