<?xml version="1.0" encoding="utf-8"?><testsuites name="pytest tests"><testsuite name="pytest" errors="0" failures="0" skipped="0" tests="16" time="2.674" timestamp="2026-02-27T17:46:01.090307+00:00" hostname="agent-env-25ed5eea-335b-40ea-8849-39328c5557fe"><testcase classname="backend.tests.test_p1_p2_features_iteration124.TestWhiteboardPersistence" name="test_save_whiteboard_snapshot" time="0.399" /><testcase classname="backend.tests.test_p1_p2_features_iteration124.TestWhiteboardPersistence" name="test_load_whiteboard_snapshot_existing" time="0.081" /><testcase classname="backend.tests.test_p1_p2_features_iteration124.TestWhiteboardPersistence" name="test_load_whiteboard_snapshot_nonexistent" time="0.130" /><testcase classname="backend.tests.test_p1_p2_features_iteration124.TestPollsPersistence" name="test_create_poll" time="0.303" /><testcase classname="backend.tests.test_p1_p2_features_iteration124.TestPollsPersistence" name="test_get_polls_for_meeting" time="0.129" /><testcase classname="backend.tests.test_p1_p2_features_iteration124.TestPollsPersistence" name="test_vote_on_poll" time="0.080" /><testcase classname="backend.tests.test_p1_p2_features_iteration124.TestPollsPersistence" name="test_close_poll" time="0.077" /><testcase classname="backend.tests.test_p1_p2_features_iteration124.TestComplianceStatus" name="test_get_compliance_status" time="0.440" /><testcase classname="backend.tests.test_p1_p2_features_iteration124.TestHRISIntegration" name="test_configure_hris" time="0.242" /><testcase classname="backend.tests.test_p1_p2_features_iteration124.TestHRISIntegration" name="test_get_hris_config" time="0.065" /><testcase classname="backend.tests.test_p1_p2_features_iteration124.TestHRISIntegration" name="test_trigger_hris_sync" time="0.059" /><testcase classname="backend.tests.test_p1_p2_features_iteration124.TestHRISIntegration" name="test_get_hris_sync_history" time="0.060" /><testcase classname="backend.tests.test_p1_p2_features_iteration124.TestBackgroundChecks" name="test_initiate_background_check" time="0.294" /><testcase classname="backend.tests.test_p1_p2_features_iteration124.TestBackgroundChecks" name="test_list_all_background_checks" time="0.142" /><testcase classname="backend.tests.test_p1_p2_features_iteration124.TestBackgroundChecks" name="test_get_background_checks_by_candidate" time="0.081" /><testcase classname="backend.tests.test_p1_p2_features_iteration124.TestP1P2Summary" name="test_summary" time="0.000" /></testsuite></testsuites>