<?xml version="1.0" encoding="utf-8"?><testsuites name="pytest tests"><testsuite name="pytest" errors="0" failures="1" skipped="0" tests="13" time="4.670" timestamp="2026-01-22T22:24:59.502215+00:00" hostname="agent-env-03f71854-665b-4355-84b2-d8528a31c440"><testcase classname="backend.tests.test_payment_flow.TestPaymentFlow" name="test_stripe_checkout_session_creation" time="0.634" /><testcase classname="backend.tests.test_payment_flow.TestPaymentFlow" name="test_stripe_checkout_requires_auth" time="0.077" /><testcase classname="backend.tests.test_payment_flow.TestPaymentFlow" name="test_stripe_payment_status_check" time="0.610" /><testcase classname="backend.tests.test_payment_flow.TestPaymentFlow" name="test_stripe_payment_status_requires_auth" time="0.078" /><testcase classname="backend.tests.test_payment_flow.TestPaymentFlow" name="test_paypal_payment_creation" time="1.041" /><testcase classname="backend.tests.test_payment_flow.TestPaymentFlow" name="test_paypal_requires_auth" time="0.116" /><testcase classname="backend.tests.test_payment_flow.TestPaymentFlow" name="test_membership_status" time="0.050" /><testcase classname="backend.tests.test_payment_flow.TestPaymentFlow" name="test_membership_status_requires_auth" time="0.082" /><testcase classname="backend.tests.test_payment_flow.TestPaymentFlow" name="test_membership_feature_access_check" time="0.121" /><testcase classname="backend.tests.test_payment_flow.TestStripeIntegration" name="test_stripe_checkout_with_different_plans" time="1.115" /><testcase classname="backend.tests.test_payment_flow.TestStripeIntegration" name="test_stripe_checkout_url_format" time="0.399" /><testcase classname="backend.tests.test_payment_flow.TestPaymentSecurity" name="test_checkout_without_required_fields" time="0.047" /><testcase classname="backend.tests.test_payment_flow.TestPaymentSecurity" name="test_invalid_session_id_status_check" time="0.204"><failure message="AssertionError: Expected error for invalid session, got 520&#10;assert 520 in [400, 404, 500]&#10; +  where 520 = &lt;Response [520]&gt;.status_code">backend/tests/test_payment_flow.py:349: in test_invalid_session_id_status_check
    assert response.status_code in [400, 404, 500], f"Expected error for invalid session, got {response.status_code}"
E   AssertionError: Expected error for invalid session, got 520
E   assert 520 in [400, 404, 500]
E    +  where 520 = &lt;Response [520]&gt;.status_code</failure></testcase></testsuite></testsuites>