<?xml version="1.0" encoding="utf-8"?><testsuites name="pytest tests"><testsuite name="pytest" errors="0" failures="0" skipped="0" tests="13" time="4.424" timestamp="2026-01-22T22:29:58.622718+00:00" hostname="agent-env-03f71854-665b-4355-84b2-d8528a31c440"><testcase classname="backend.tests.test_payment_flow.TestPaymentFlow" name="test_stripe_checkout_session_creation" time="0.440" /><testcase classname="backend.tests.test_payment_flow.TestPaymentFlow" name="test_stripe_checkout_requires_auth" time="0.097" /><testcase classname="backend.tests.test_payment_flow.TestPaymentFlow" name="test_stripe_payment_status_check" time="0.598" /><testcase classname="backend.tests.test_payment_flow.TestPaymentFlow" name="test_stripe_payment_status_requires_auth" time="0.091" /><testcase classname="backend.tests.test_payment_flow.TestPaymentFlow" name="test_paypal_payment_creation" time="0.958" /><testcase classname="backend.tests.test_payment_flow.TestPaymentFlow" name="test_paypal_requires_auth" time="0.090" /><testcase classname="backend.tests.test_payment_flow.TestPaymentFlow" name="test_membership_status" time="0.059" /><testcase classname="backend.tests.test_payment_flow.TestPaymentFlow" name="test_membership_status_requires_auth" time="0.080" /><testcase classname="backend.tests.test_payment_flow.TestPaymentFlow" name="test_membership_feature_access_check" time="0.070" /><testcase classname="backend.tests.test_payment_flow.TestStripeIntegration" name="test_stripe_checkout_with_different_plans" time="1.168" /><testcase classname="backend.tests.test_payment_flow.TestStripeIntegration" name="test_stripe_checkout_url_format" time="0.435" /><testcase classname="backend.tests.test_payment_flow.TestPaymentSecurity" name="test_checkout_without_required_fields" time="0.044" /><testcase classname="backend.tests.test_payment_flow.TestPaymentSecurity" name="test_invalid_session_id_status_check" time="0.222" /></testsuite></testsuites>