<?xml version="1.0" encoding="utf-8"?><testsuites name="pytest tests"><testsuite name="pytest" errors="0" failures="0" skipped="0" tests="35" time="6.699" timestamp="2026-03-02T02:06:23.582714+00:00" hostname="agent-env-c81b6187-d46e-4f56-a8dc-8dbdf74f9b82"><testcase classname="backend.tests.test_phase3_features_iteration154.TestHardwareDiscovery" name="test_list_devices_initial" time="0.358" /><testcase classname="backend.tests.test_phase3_features_iteration154.TestHardwareDiscovery" name="test_scan_for_devices" time="0.131" /><testcase classname="backend.tests.test_phase3_features_iteration154.TestHardwareDiscovery" name="test_register_device" time="0.123" /><testcase classname="backend.tests.test_phase3_features_iteration154.TestHardwareDiscovery" name="test_register_device_invalid_type" time="0.132" /><testcase classname="backend.tests.test_phase3_features_iteration154.TestHardwareDiscovery" name="test_update_device_status_and_mode" time="0.388" /><testcase classname="backend.tests.test_phase3_features_iteration154.TestHardwareDiscovery" name="test_remove_device" time="0.259" /><testcase classname="backend.tests.test_phase3_features_iteration154.TestHardwareDiscovery" name="test_hardware_requires_auth" time="0.168" /><testcase classname="backend.tests.test_phase3_features_iteration154.TestBreakoutLounges" name="test_create_lounge" time="0.222" /><testcase classname="backend.tests.test_phase3_features_iteration154.TestBreakoutLounges" name="test_list_lounges" time="0.151" /><testcase classname="backend.tests.test_phase3_features_iteration154.TestBreakoutLounges" name="test_move_avatar_and_proximity" time="0.266" /><testcase classname="backend.tests.test_phase3_features_iteration154.TestBreakoutLounges" name="test_get_proximity_data" time="0.114" /><testcase classname="backend.tests.test_phase3_features_iteration154.TestBreakoutLounges" name="test_update_lounge" time="0.115" /><testcase classname="backend.tests.test_phase3_features_iteration154.TestBreakoutLounges" name="test_delete_lounge" time="0.120" /><testcase classname="backend.tests.test_phase3_features_iteration154.TestBreakoutLounges" name="test_breakout_requires_auth" time="0.168" /><testcase classname="backend.tests.test_phase3_features_iteration154.TestPollsChallenges" name="test_create_multiple_choice_poll" time="0.244" /><testcase classname="backend.tests.test_phase3_features_iteration154.TestPollsChallenges" name="test_create_quiz_poll" time="0.122" /><testcase classname="backend.tests.test_phase3_features_iteration154.TestPollsChallenges" name="test_create_word_cloud_poll" time="0.153" /><testcase classname="backend.tests.test_phase3_features_iteration154.TestPollsChallenges" name="test_create_rating_poll" time="0.119" /><testcase classname="backend.tests.test_phase3_features_iteration154.TestPollsChallenges" name="test_get_active_polls" time="0.156" /><testcase classname="backend.tests.test_phase3_features_iteration154.TestPollsChallenges" name="test_vote_on_multiple_choice" time="0.130" /><testcase classname="backend.tests.test_phase3_features_iteration154.TestPollsChallenges" name="test_duplicate_vote_returns_409" time="0.159" /><testcase classname="backend.tests.test_phase3_features_iteration154.TestPollsChallenges" name="test_quiz_correct_answer_scoring" time="0.160" /><testcase classname="backend.tests.test_phase3_features_iteration154.TestPollsChallenges" name="test_word_cloud_response" time="0.113" /><testcase classname="backend.tests.test_phase3_features_iteration154.TestPollsChallenges" name="test_rating_vote" time="0.240" /><testcase classname="backend.tests.test_phase3_features_iteration154.TestPollsChallenges" name="test_get_poll_results" time="0.125" /><testcase classname="backend.tests.test_phase3_features_iteration154.TestPollsChallenges" name="test_get_rating_results" time="0.107" /><testcase classname="backend.tests.test_phase3_features_iteration154.TestPollsChallenges" name="test_close_poll" time="0.153" /><testcase classname="backend.tests.test_phase3_features_iteration154.TestPollsChallenges" name="test_poll_history" time="0.132" /><testcase classname="backend.tests.test_phase3_features_iteration154.TestPollsChallenges" name="test_polls_requires_auth" time="0.119" /><testcase classname="backend.tests.test_phase3_features_iteration154.TestBiometricVerification" name="test_create_session_watermark" time="0.312" /><testcase classname="backend.tests.test_phase3_features_iteration154.TestBiometricVerification" name="test_verify_feed_integrity" time="0.106" /><testcase classname="backend.tests.test_phase3_features_iteration154.TestBiometricVerification" name="test_verify_feed_mismatch" time="0.134" /><testcase classname="backend.tests.test_phase3_features_iteration154.TestBiometricVerification" name="test_trust_dashboard" time="0.143" /><testcase classname="backend.tests.test_phase3_features_iteration154.TestBiometricVerification" name="test_biometric_requires_auth" time="0.111" /><testcase classname="backend.tests.test_phase3_features_iteration154.TestSummary" name="test_all_features_summary" time="0.781" /></testsuite></testsuites>