<?xml version="1.0" encoding="utf-8"?><testsuites name="pytest tests"><testsuite name="pytest" errors="0" failures="0" skipped="0" tests="59" time="135.161" timestamp="2026-05-08T12:14:22.155807+00:00" hostname="agent-env-11b7debd-5dfa-4a3f-add0-679046a40206"><testcase classname="test_phase1_functional.TestHealthCheck" name="test_api_health" time="0.182" /><testcase classname="test_phase1_functional.TestAuthentication" name="test_auth_01_admin_login_valid" time="0.183" /><testcase classname="test_phase1_functional.TestAuthentication" name="test_auth_02_invalid_credentials" time="0.139" /><testcase classname="test_phase1_functional.TestAuthentication" name="test_auth_03_sso_google_endpoint" time="0.161" /><testcase classname="test_phase1_functional.TestAuthentication" name="test_auth_03_sso_microsoft_endpoint" time="0.168" /><testcase classname="test_phase1_functional.TestAuthentication" name="test_auth_03_sso_apple_endpoint" time="0.109" /><testcase classname="test_phase1_functional.TestAuthentication" name="test_auth_03_sso_github_endpoint" time="0.142" /><testcase classname="test_phase1_functional.TestAuthentication" name="test_auth_03_sso_orcid_endpoint" time="0.107" /><testcase classname="test_phase1_functional.TestAuthentication" name="test_auth_05_session_validate" time="0.190" /><testcase classname="test_phase1_functional.TestAuthentication" name="test_auth_08_register_flow" time="0.153" /><testcase classname="test_phase1_functional.TestAuthentication" name="test_auth_passkey_register_start" time="0.133" /><testcase classname="test_phase1_functional.TestAuthentication" name="test_auth_passkeys_list" time="0.154" /><testcase classname="test_phase1_functional.TestJobSeeker" name="test_js_01_profile_endpoint" time="0.161" /><testcase classname="test_phase1_functional.TestJobSeeker" name="test_js_03_job_search" time="3.836" /><testcase classname="test_phase1_functional.TestJobSeeker" name="test_js_05_job_application" time="0.591" /><testcase classname="test_phase1_functional.TestJobSeeker" name="test_js_06_interview_prep" time="5.363" /><testcase classname="test_phase1_functional.TestJobSeeker" name="test_js_07_qa_practice" time="0.194" /><testcase classname="test_phase1_functional.TestJobSeeker" name="test_js_08_credentials" time="0.192" /><testcase classname="test_phase1_functional.TestRecruiter" name="test_rec_01_post_job" time="0.161" /><testcase classname="test_phase1_functional.TestRecruiter" name="test_rec_01_get_jobs" time="0.180" /><testcase classname="test_phase1_functional.TestRecruiter" name="test_rec_02_ai_shortlisting" time="0.187" /><testcase classname="test_phase1_functional.TestRecruiter" name="test_rec_05_schedule_interview" time="0.153" /><testcase classname="test_phase1_functional.TestRecruiter" name="test_rec_09_job_analytics" time="0.172" /><testcase classname="test_phase1_functional.TestAdmin" name="test_adm_01_user_management" time="0.163" /><testcase classname="test_phase1_functional.TestAdmin" name="test_adm_05_audit_logs" time="0.183" /><testcase classname="test_phase1_functional.TestAdmin" name="test_adm_05_audit_status" time="0.165" /><testcase classname="test_phase1_functional.TestAdmin" name="test_adm_08_privacy_consent" time="0.154" /><testcase classname="test_phase1_functional.TestAdmin" name="test_adm_08_privacy_data_export" time="0.228" /><testcase classname="test_phase1_functional.TestAIKarauMeetings" name="test_mtg_01_create_instant_meeting" time="0.180" /><testcase classname="test_phase1_functional.TestAIKarauMeetings" name="test_mtg_02_schedule_future_meeting" time="0.209" /><testcase classname="test_phase1_functional.TestAIKarauMeetings" name="test_mtg_03_get_meetings" time="0.157" /><testcase classname="test_phase1_functional.TestAIKarauMeetings" name="test_mtg_08_breakout_rooms" time="0.255" /><testcase classname="test_phase1_functional.TestWebinars" name="test_web_01_create_webinar" time="0.179" /><testcase classname="test_phase1_functional.TestWebinars" name="test_web_01_list_webinars" time="0.170" /><testcase classname="test_phase1_functional.TestWebinars" name="test_web_02_webinar_registration" time="0.218" /><testcase classname="test_phase1_functional.TestScheduling" name="test_sch_01_smart_scheduling" time="0.171" /><testcase classname="test_phase1_functional.TestENZIMessenger" name="test_msg_01_create_channel" time="0.172" /><testcase classname="test_phase1_functional.TestENZIMessenger" name="test_msg_01_list_channels" time="0.184" /><testcase classname="test_phase1_functional.TestENZIMessenger" name="test_msg_02_send_message" time="0.221" /><testcase classname="test_phase1_functional.TestENZIMessenger" name="test_msg_06_message_search" time="0.162" /><testcase classname="test_phase1_functional.TestENZIMessenger" name="test_enzi_create_dm" time="0.148" /><testcase classname="test_phase1_functional.TestENZIMessenger" name="test_enzi_list_dms" time="0.158" /><testcase classname="test_phase1_functional.TestE2EE" name="test_enc_01_e2ee_status" time="0.166" /><testcase classname="test_phase1_functional.TestE2EE" name="test_enc_01_e2ee_enable" time="0.177" /><testcase classname="test_phase1_functional.TestBotStore" name="test_bot_catalog" time="0.165" /><testcase classname="test_phase1_functional.TestBotStore" name="test_bot_catalog_category" time="0.162" /><testcase classname="test_phase1_functional.TestBotStore" name="test_bot_featured" time="0.189" /><testcase classname="test_phase1_functional.TestBotStore" name="test_bot_install" time="0.183" /><testcase classname="test_phase1_functional.TestSmartApply" name="test_smart_apply_config_get" time="0.154" /><testcase classname="test_phase1_functional.TestSmartApply" name="test_smart_apply_config_put" time="0.187" /><testcase classname="test_phase1_functional.TestSmartApply" name="test_smart_apply_run" time="18.273" /><testcase classname="test_phase1_functional.TestSmartApply" name="test_smart_apply_history" time="68.262" /><testcase classname="test_phase1_functional.TestAIFeatures" name="test_ai_cover_letter" time="15.023" /><testcase classname="test_phase1_functional.TestAIFeatures" name="test_ai_salary_insights" time="14.619" /><testcase classname="test_phase1_functional.TestAIFeatures" name="test_ai_writing_assistant" time="0.199" /><testcase classname="test_phase1_functional.TestBehavioral" name="test_behavioral_predict_channels" time="0.170" /><testcase classname="test_phase1_functional.TestPolls" name="test_polls_create" time="0.172" /><testcase classname="test_phase1_functional.TestRoleIsolation" name="test_job_seeker_cannot_access_recruiter" time="0.190" /><testcase classname="test_phase1_functional.TestUnauthenticated" name="test_protected_endpoints_require_auth" time="0.304" /></testsuite></testsuites>