<?xml version="1.0" encoding="utf-8"?><testsuites name="pytest tests"><testsuite name="pytest" errors="0" failures="0" skipped="0" tests="41" time="46.670" timestamp="2026-03-21T20:31:13.939618+00:00" hostname="agent-env-43a2b989-b428-47e2-aa2c-5817730a0f62"><testcase classname="backend.tests.test_phase3_regression.TestWave1Auth" name="test_prr_auth_01_sso_saml_login" time="0.534" /><testcase classname="backend.tests.test_phase3_regression.TestWave1Auth" name="test_prr_auth_02_role_propagation" time="0.154" /><testcase classname="backend.tests.test_phase3_regression.TestWave1Auth" name="test_prr_auth_03_session_expiry" time="0.156" /><testcase classname="backend.tests.test_phase3_regression.TestWave1Auth" name="test_prr_auth_04_cross_portal_session" time="0.308" /><testcase classname="backend.tests.test_phase3_regression.TestWave1Auth" name="test_prr_auth_05_passkey_endpoints" time="0.340" /><testcase classname="backend.tests.test_phase3_regression.TestWave1Bridges" name="test_prr_brg_01_schedule_push" time="0.262" /><testcase classname="backend.tests.test_phase3_regression.TestWave1Bridges" name="test_prr_brg_02_meeting_messenger_sync" time="0.420" /><testcase classname="backend.tests.test_phase3_regression.TestWave1Bridges" name="test_prr_brg_03_video_message_meeting" time="0.295" /><testcase classname="backend.tests.test_phase3_regression.TestWave1Bridges" name="test_prr_brg_04_bridge_reconnect" time="0.380" /><testcase classname="backend.tests.test_phase3_regression.TestWave1Bridges" name="test_prr_brg_05_messenger_functional_after_bridge" time="0.359" /><testcase classname="backend.tests.test_phase3_regression.TestWave1Bridges" name="test_prr_brg_07_concurrent_bridge_events" time="0.641" /><testcase classname="backend.tests.test_phase3_regression.TestWave1Bridges" name="test_prr_brg_08_interview_invitation" time="0.201" /><testcase classname="backend.tests.test_phase3_regression.TestWave1Bridges" name="test_prr_brg_09_interview_auto_meeting" time="0.281" /><testcase classname="backend.tests.test_phase3_regression.TestWave1Bridges" name="test_prr_brg_11_sso_token_all_portals" time="0.322" /><testcase classname="backend.tests.test_phase3_regression.TestWave1Encryption" name="test_prr_msg_04_e2ee_endpoints_active" time="0.218" /><testcase classname="backend.tests.test_phase3_regression.TestWave1Encryption" name="test_prr_msg_05_key_status_accessible" time="0.270" /><testcase classname="backend.tests.test_phase3_regression.TestWave1Encryption" name="test_prr_ai_09_threat_detection_e2ee" time="0.231" /><testcase classname="backend.tests.test_phase3_regression.TestWave1Encryption" name="test_prr_ai_10_false_positive_rate" time="0.247" /><testcase classname="backend.tests.test_phase3_regression.TestWave1Encryption" name="test_prr_ai_11_encryption_key_rotation" time="0.244" /><testcase classname="backend.tests.test_phase3_regression.TestWave2AI" name="test_prr_ai_01_job_skill_matching" time="0.607" /><testcase classname="backend.tests.test_phase3_regression.TestWave2AI" name="test_prr_ai_02_cv_parsing" time="7.915" /><testcase classname="backend.tests.test_phase3_regression.TestWave2AI" name="test_prr_ai_04_interview_question_generation" time="10.268" /><testcase classname="backend.tests.test_phase3_regression.TestWave2AI" name="test_prr_ai_05_assessment_auto_marking" time="0.235" /><testcase classname="backend.tests.test_phase3_regression.TestWave2AI" name="test_prr_ai_06_meeting_transcription" time="0.305" /><testcase classname="backend.tests.test_phase3_regression.TestWave2AI" name="test_prr_ai_07_smart_scheduling" time="0.223" /><testcase classname="backend.tests.test_phase3_regression.TestWave2CoreFlows" name="test_prr_rec_01_job_seeker_profile" time="0.217" /><testcase classname="backend.tests.test_phase3_regression.TestWave2CoreFlows" name="test_prr_rec_02_job_application" time="0.228" /><testcase classname="backend.tests.test_phase3_regression.TestWave2CoreFlows" name="test_prr_rec_04_admin_audit_log" time="0.212" /><testcase classname="backend.tests.test_phase3_regression.TestWave2CoreFlows" name="test_prr_rec_05_assessment_delivery" time="0.217" /><testcase classname="backend.tests.test_phase3_regression.TestWave3Meetings" name="test_prr_mtg_01_create_join_instant" time="0.268" /><testcase classname="backend.tests.test_phase3_regression.TestWave3Meetings" name="test_prr_mtg_02_scheduled_meeting" time="0.205" /><testcase classname="backend.tests.test_phase3_regression.TestWave3Meetings" name="test_prr_mtg_04_participant_management" time="0.314" /><testcase classname="backend.tests.test_phase3_regression.TestWave3Messenger" name="test_prr_msg_01_send_receive_1to1" time="0.217" /><testcase classname="backend.tests.test_phase3_regression.TestWave3Messenger" name="test_prr_msg_02_group_message_delivery" time="0.358" /><testcase classname="backend.tests.test_phase3_regression.TestWave3Messenger" name="test_prr_msg_08_push_notification" time="0.237" /><testcase classname="backend.tests.test_phase3_regression.TestWave3SmartApply" name="test_smart_apply_config" time="0.276" /><testcase classname="backend.tests.test_phase3_regression.TestWave3SmartApply" name="test_smart_apply_run" time="17.695" /><testcase classname="backend.tests.test_phase3_regression.TestWave3SmartApply" name="test_smart_apply_history" time="0.267" /><testcase classname="backend.tests.test_phase3_regression.TestWave3BotStore" name="test_bot_catalog" time="0.210" /><testcase classname="backend.tests.test_phase3_regression.TestWave3BotStore" name="test_bot_featured" time="0.212" /><testcase classname="backend.tests.test_phase3_regression.TestWave4Summary" name="test_phase3_regression_summary" time="0.000" /></testsuite></testsuites>