<?xml version="1.0" encoding="utf-8"?><testsuites name="pytest tests"><testsuite name="pytest" errors="0" failures="0" skipped="0" tests="11" time="1.217" timestamp="2026-01-14T13:08:24.917909+00:00" hostname="agent-env-b4e868b6-cddf-405c-9338-e74fc205ca1b"><testcase classname="tests.test_auth.TestAuthEndpoints" name="test_api_root_accessible" time="0.062" /><testcase classname="tests.test_auth.TestAuthEndpoints" name="test_auth_me_returns_401_when_not_authenticated" time="0.077" /><testcase classname="tests.test_auth.TestAuthEndpoints" name="test_register_new_user" time="0.151" /><testcase classname="tests.test_auth.TestAuthEndpoints" name="test_register_duplicate_email_fails" time="0.159" /><testcase classname="tests.test_auth.TestAuthEndpoints" name="test_login_with_valid_credentials" time="0.151" /><testcase classname="tests.test_auth.TestAuthEndpoints" name="test_login_with_invalid_credentials" time="0.085" /><testcase classname="tests.test_auth.TestAuthEndpoints" name="test_auth_me_returns_user_after_login" time="0.079" /><testcase classname="tests.test_auth.TestAuthEndpoints" name="test_logout_clears_session" time="0.203" /><testcase classname="tests.test_auth.TestQuickApplyEndpoint" name="test_quick_apply_endpoint_exists" time="0.034" /><testcase classname="tests.test_auth.TestPhoneAuthEndpoint" name="test_phone_send_otp_endpoint_exists" time="0.029" /><testcase classname="tests.test_auth.TestGoogleAuthEndpoint" name="test_google_session_endpoint_exists" time="0.122" /></testsuite></testsuites>