<?xml version="1.0" encoding="utf-8"?><testsuites name="pytest tests"><testsuite name="pytest" errors="0" failures="2" skipped="0" tests="17" time="1.404" timestamp="2026-02-03T10:33:03.345649+00:00" hostname="agent-env-5dc974ec-8e58-466a-b4cc-795b407caa56"><testcase classname="backend.tests.test_recruiter_system.TestAuthWithRoleSelection" name="test_register_job_seeker" time="0.069" /><testcase classname="backend.tests.test_recruiter_system.TestAuthWithRoleSelection" name="test_register_recruiter" time="0.036" /><testcase classname="backend.tests.test_recruiter_system.TestAuthWithRoleSelection" name="test_login_returns_role" time="0.040" /><testcase classname="backend.tests.test_recruiter_system.TestRecruiterRBACEndpoints" name="test_recruiter_register_endpoint" time="0.149" /><testcase classname="backend.tests.test_recruiter_system.TestRecruiterRBACEndpoints" name="test_verification_status_endpoint" time="0.077" /><testcase classname="backend.tests.test_recruiter_system.TestRecruiterRBACEndpoints" name="test_blind_screening_status_endpoint" time="0.073"><failure message="AssertionError: assert ('blind_mode' in {'blind_screening_mode': True} or 'enabled' in {'blind_screening_mode': True} or 'status' in {'blind_screening_mode': True})">backend/tests/test_recruiter_system.py:135: in test_blind_screening_status_endpoint
    assert "blind_mode" in data or "enabled" in data or "status" in data
E   AssertionError: assert ('blind_mode' in {'blind_screening_mode': True} or 'enabled' in {'blind_screening_mode': True} or 'status' in {'blind_screening_mode': True})</failure></testcase><testcase classname="backend.tests.test_recruiter_system.TestRecruiterRBACEndpoints" name="test_blind_screening_toggle_endpoint" time="0.084"><failure message="AssertionError: Unexpected status: 520&#10;assert 520 in [200, 403, 404]&#10; +  where 520 = &lt;Response [520]&gt;.status_code">backend/tests/test_recruiter_system.py:149: in test_blind_screening_toggle_endpoint
    assert response.status_code in [200, 403, 404], f"Unexpected status: {response.status_code}"
E   AssertionError: Unexpected status: 520
E   assert 520 in [200, 403, 404]
E    +  where 520 = &lt;Response [520]&gt;.status_code</failure></testcase><testcase classname="backend.tests.test_recruiter_system.TestMutualMatchEndpoints" name="test_contact_requests_list" time="0.074" /><testcase classname="backend.tests.test_recruiter_system.TestMutualMatchEndpoints" name="test_matches_list" time="0.080" /><testcase classname="backend.tests.test_recruiter_system.TestMutualMatchEndpoints" name="test_ghost_mode_status" time="0.072" /><testcase classname="backend.tests.test_recruiter_system.TestMutualMatchEndpoints" name="test_ghost_mode_toggle" time="0.082" /><testcase classname="backend.tests.test_recruiter_system.TestRecruiterPages" name="test_recruiter_verify_page_accessible" time="0.037" /><testcase classname="backend.tests.test_recruiter_system.TestRecruiterPages" name="test_recruiter_candidates_page_accessible" time="0.046" /><testcase classname="backend.tests.test_recruiter_system.TestRecruiterPages" name="test_consent_page_accessible" time="0.035" /><testcase classname="backend.tests.test_recruiter_system.TestRecruiterPages" name="test_privacy_page_accessible" time="0.038" /><testcase classname="backend.tests.test_recruiter_system.TestCandidateSearchEndpoints" name="test_candidate_search_endpoint" time="0.170" /><testcase classname="backend.tests.test_recruiter_system.TestContactRequestFlow" name="test_create_contact_request" time="0.147" /></testsuite></testsuites>