<?xml version="1.0" encoding="utf-8"?><testsuites name="pytest tests"><testsuite name="pytest" errors="0" failures="0" skipped="0" tests="16" time="1.217" timestamp="2026-01-17T18:51:36.829676+00:00" hostname="agent-env-517511fd-10f9-43ad-859a-7be3d9b00997"><testcase classname="tests.test_recruiter_features.TestRecruiterAuth" name="test_recruiter_login" time="0.129" /><testcase classname="tests.test_recruiter_features.TestRecruiterDashboard" name="test_dashboard_stats_endpoint" time="0.119" /><testcase classname="tests.test_recruiter_features.TestRecruiterJobs" name="test_get_recruiter_jobs" time="0.123" /><testcase classname="tests.test_recruiter_features.TestRecruiterJobs" name="test_create_job_posting" time="0.014" /><testcase classname="tests.test_recruiter_features.TestApplicantTracking" name="test_get_job_applicants" time="0.123" /><testcase classname="tests.test_recruiter_features.TestApplicantTracking" name="test_update_applicant_status" time="0.050" /><testcase classname="tests.test_recruiter_features.TestApplicantTracking" name="test_add_applicant_note" time="0.010" /><testcase classname="tests.test_recruiter_features.TestCandidateSearch" name="test_search_candidates_by_skills" time="0.084" /><testcase classname="tests.test_recruiter_features.TestCandidateSearch" name="test_search_candidates_by_keywords" time="0.009" /><testcase classname="tests.test_recruiter_features.TestCandidateSearch" name="test_get_candidate_profile" time="0.027" /><testcase classname="tests.test_recruiter_features.TestInAppMessaging" name="test_get_conversations" time="0.122" /><testcase classname="tests.test_recruiter_features.TestInAppMessaging" name="test_get_unread_count" time="0.052" /><testcase classname="tests.test_recruiter_features.TestInAppMessaging" name="test_send_message" time="0.062" /><testcase classname="tests.test_recruiter_features.TestInAppMessaging" name="test_get_conversation_messages" time="0.064" /><testcase classname="tests.test_recruiter_features.TestAIPrescreening" name="test_ai_prescreen_endpoint_exists" time="0.082" /><testcase classname="tests.test_recruiter_features.TestSidebarNavigation" name="test_recruiter_role_check" time="0.067" /></testsuite></testsuites>