<?xml version="1.0" encoding="utf-8"?><testsuites name="pytest tests"><testsuite name="pytest" errors="0" failures="6" skipped="0" tests="14" time="2.171" timestamp="2026-02-15T13:39:47.535653+00:00" hostname="agent-env-431f8495-43c2-4b1a-8181-ff469be8aa35"><testcase classname="tests.test_resend_xirsys_integration.TestICEServersEndpoint" name="test_ice_servers_returns_success" time="0.230" /><testcase classname="tests.test_resend_xirsys_integration.TestICEServersEndpoint" name="test_ice_servers_returns_stun_servers" time="0.139" /><testcase classname="tests.test_resend_xirsys_integration.TestICEServersEndpoint" name="test_ice_servers_has_turn_enabled_flag" time="0.113" /><testcase classname="tests.test_resend_xirsys_integration.TestICEServersEndpoint" name="test_ice_servers_fallback_without_xirsys" time="0.111" /><testcase classname="tests.test_resend_xirsys_integration.TestEmailVerificationEndpoint" name="test_send_verification_code_requires_auth" time="0.110"><failure message="assert 520 in [401, 403]&#10; +  where 520 = &lt;Response [520]&gt;.status_code">tests/test_resend_xirsys_integration.py:78: in test_send_verification_code_requires_auth
    assert response.status_code in [401, 403]
E   assert 520 in [401, 403]
E    +  where 520 = &lt;Response [520]&gt;.status_code</failure></testcase><testcase classname="tests.test_resend_xirsys_integration.TestEmailVerificationEndpoint" name="test_send_verification_code_success" time="0.221"><failure message="assert 520 == 200&#10; +  where 520 = &lt;Response [520]&gt;.status_code">tests/test_resend_xirsys_integration.py:87: in test_send_verification_code_success
    assert response.status_code == 200
E   assert 520 == 200
E    +  where 520 = &lt;Response [520]&gt;.status_code</failure></testcase><testcase classname="tests.test_resend_xirsys_integration.TestEmailVerificationEndpoint" name="test_send_verification_code_mock_mode" time="0.225"><failure message="assert 520 == 200&#10; +  where 520 = &lt;Response [520]&gt;.status_code">tests/test_resend_xirsys_integration.py:101: in test_send_verification_code_mock_mode
    assert response.status_code == 200
E   assert 520 == 200
E    +  where 520 = &lt;Response [520]&gt;.status_code</failure></testcase><testcase classname="tests.test_resend_xirsys_integration.TestEmailVerificationEndpoint" name="test_verify_email_code_requires_auth" time="0.112"><failure message="assert 520 in [401, 403]&#10; +  where 520 = &lt;Response [520]&gt;.status_code">tests/test_resend_xirsys_integration.py:116: in test_verify_email_code_requires_auth
    assert response.status_code in [401, 403]
E   assert 520 in [401, 403]
E    +  where 520 = &lt;Response [520]&gt;.status_code</failure></testcase><testcase classname="tests.test_resend_xirsys_integration.TestEmailVerificationEndpoint" name="test_verify_email_code_invalid_code" time="0.232"><failure message="assert 520 == 400&#10; +  where 520 = &lt;Response [520]&gt;.status_code">tests/test_resend_xirsys_integration.py:127: in test_verify_email_code_invalid_code
    assert response.status_code == 400
E   assert 520 == 400
E    +  where 520 = &lt;Response [520]&gt;.status_code</failure></testcase><testcase classname="tests.test_resend_xirsys_integration.TestEmailVerificationEndpoint" name="test_email_verification_status" time="0.242"><failure message="assert 520 == 200&#10; +  where 520 = &lt;Response [520]&gt;.status_code">tests/test_resend_xirsys_integration.py:136: in test_email_verification_status
    assert response.status_code == 200
E   assert 520 == 200
E    +  where 520 = &lt;Response [520]&gt;.status_code</failure></testcase><testcase classname="tests.test_resend_xirsys_integration.TestEmailServiceFormatting" name="test_email_service_module_exists" time="0.112" /><testcase classname="tests.test_resend_xirsys_integration.TestTurnServiceModule" name="test_turn_service_module_exists" time="0.088" /><testcase classname="tests.test_resend_xirsys_integration.TestTurnServiceModule" name="test_default_ice_servers_format" time="0.000" /><testcase classname="tests.test_resend_xirsys_integration.TestRoomStatusEndpoint" name="test_room_status_returns_data" time="0.122" /></testsuite></testsuites>