<?xml version="1.0" encoding="utf-8"?><testsuites name="pytest tests"><testsuite name="pytest" errors="0" failures="0" skipped="0" tests="23" time="4.624" timestamp="2026-03-05T15:42:46.432863+00:00" hostname="agent-env-65b3270a-2c1e-4083-bc2d-86f3e2f53d18"><testcase classname="backend.tests.test_retention_theme_iteration175.TestAuthentication" name="test_login_returns_token" time="0.149" /><testcase classname="backend.tests.test_retention_theme_iteration175.TestProfileTheme" name="test_get_profile_theme_initial" time="0.251" /><testcase classname="backend.tests.test_retention_theme_iteration175.TestProfileTheme" name="test_update_profile_theme_turquoise" time="0.160" /><testcase classname="backend.tests.test_retention_theme_iteration175.TestProfileTheme" name="test_get_profile_theme_after_update" time="0.143" /><testcase classname="backend.tests.test_retention_theme_iteration175.TestProfileTheme" name="test_update_profile_theme_pink" time="0.126" /><testcase classname="backend.tests.test_retention_theme_iteration175.TestProfileTheme" name="test_profile_theme_requires_auth" time="0.153" /><testcase classname="backend.tests.test_retention_theme_iteration175.TestRetentionOverview" name="test_get_retention_overview" time="0.264" /><testcase classname="backend.tests.test_retention_theme_iteration175.TestRetentionOverview" name="test_retention_requires_auth" time="0.147" /><testcase classname="backend.tests.test_retention_theme_iteration175.TestOrgSettings" name="test_get_org_settings_initial" time="0.352" /><testcase classname="backend.tests.test_retention_theme_iteration175.TestOrgSettings" name="test_update_org_settings" time="0.134" /><testcase classname="backend.tests.test_retention_theme_iteration175.TestOrgSettings" name="test_get_org_settings_after_update" time="0.126" /><testcase classname="backend.tests.test_retention_theme_iteration175.TestOrgSettings" name="test_retention_shows_org_configured" time="0.117" /><testcase classname="backend.tests.test_retention_theme_iteration175.TestHoldRequestWorkflow" name="test_create_legal_hold_request" time="0.373" /><testcase classname="backend.tests.test_retention_theme_iteration175.TestHoldRequestWorkflow" name="test_create_contractual_hold_request" time="0.124" /><testcase classname="backend.tests.test_retention_theme_iteration175.TestHoldRequestWorkflow" name="test_pending_requests_appear_in_overview" time="0.106" /><testcase classname="backend.tests.test_retention_theme_iteration175.TestHoldRequestWorkflow" name="test_all_requests_include_request_details" time="0.125" /><testcase classname="backend.tests.test_retention_theme_iteration175.TestHoldApproval" name="test_approve_pending_request" time="0.370" /><testcase classname="backend.tests.test_retention_theme_iteration175.TestHoldApproval" name="test_approved_hold_appears_in_holds" time="0.119" /><testcase classname="backend.tests.test_retention_theme_iteration175.TestHoldApproval" name="test_reject_pending_request" time="0.229" /><testcase classname="backend.tests.test_retention_theme_iteration175.TestHoldRelease" name="test_release_active_hold" time="0.379" /><testcase classname="backend.tests.test_retention_theme_iteration175.TestHoldRelease" name="test_release_nonexistent_hold" time="0.109" /><testcase classname="backend.tests.test_retention_theme_iteration175.TestProfileCapabilities" name="test_get_profile_capabilities" time="0.226" /><testcase classname="backend.tests.test_retention_theme_iteration175.TestHoldRequestWithoutOrgSettings" name="test_hold_request_needs_org_settings" time="0.270" /></testsuite></testsuites>