<?xml version="1.0" encoding="utf-8"?><testsuites name="pytest tests"><testsuite name="pytest" errors="0" failures="0" skipped="0" tests="10" time="5.674" timestamp="2026-02-05T13:39:34.432687+00:00" hostname="agent-env-7af27345-469e-428c-8784-023a73014241"><testcase classname="backend.tests.test_save_job_fix.TestSaveJobAliasRoutes" name="test_save_job_composite_id" time="0.112" /><testcase classname="backend.tests.test_save_job_fix.TestSaveJobAliasRoutes" name="test_save_job_standard_uuid" time="0.037" /><testcase classname="backend.tests.test_save_job_fix.TestSaveJobAliasRoutes" name="test_get_saved_jobs_alias" time="0.038" /><testcase classname="backend.tests.test_save_job_fix.TestSaveJobAliasRoutes" name="test_get_saved_jobs_original" time="0.036" /><testcase classname="backend.tests.test_save_job_fix.TestSaveJobAliasRoutes" name="test_delete_saved_job_alias" time="0.113" /><testcase classname="backend.tests.test_save_job_fix.TestSaveJobAliasRoutes" name="test_delete_saved_job_original" time="0.081" /><testcase classname="backend.tests.test_save_job_fix.TestSaveJobAliasRoutes" name="test_save_job_without_auth" time="0.033" /><testcase classname="backend.tests.test_save_job_fix.TestSaveJobAliasRoutes" name="test_delete_nonexistent_job" time="0.038" /><testcase classname="backend.tests.test_save_job_fix.TestJobSearchReturnsResults" name="test_job_search_returns_jobs" time="1.968" /><testcase classname="backend.tests.test_save_job_fix.TestJobSearchReturnsResults" name="test_job_search_has_required_fields" time="3.153" /></testsuite></testsuites>