<?xml version="1.0" encoding="utf-8"?><testsuites name="pytest tests"><testsuite name="pytest" errors="0" failures="0" skipped="0" tests="22" time="9.943" timestamp="2026-01-18T21:40:56.466336+00:00" hostname="agent-env-ff1c1d82-f4be-4695-ad0e-bc91d748fdfe"><testcase classname="tests.test_scaling_features.TestTranslationEndpoints" name="test_translate_text_endpoint" time="2.109" /><testcase classname="tests.test_scaling_features.TestTranslationEndpoints" name="test_translate_text_to_french" time="1.811" /><testcase classname="tests.test_scaling_features.TestTranslationEndpoints" name="test_translate_text_to_chinese" time="1.884" /><testcase classname="tests.test_scaling_features.TestTranslationEndpoints" name="test_batch_translation_endpoint" time="1.161" /><testcase classname="tests.test_scaling_features.TestTranslationEndpoints" name="test_batch_translation_max_limit" time="0.038" /><testcase classname="tests.test_scaling_features.TestTranslationEndpoints" name="test_translate_unsupported_language" time="0.041" /><testcase classname="tests.test_scaling_features.TestTranslationEndpoints" name="test_get_supported_languages" time="0.036" /><testcase classname="tests.test_scaling_features.TestAuthWithLanguageSync" name="test_login_returns_language_preference" time="0.036" /><testcase classname="tests.test_scaling_features.TestAuthWithLanguageSync" name="test_get_user_preferences" time="0.071" /><testcase classname="tests.test_scaling_features.TestAuthWithLanguageSync" name="test_update_language_preference" time="0.111" /><testcase classname="tests.test_scaling_features.TestConcurrentRequests" name="test_concurrent_health_checks" time="0.402" /><testcase classname="tests.test_scaling_features.TestConcurrentRequests" name="test_concurrent_job_searches" time="1.759" /><testcase classname="tests.test_scaling_features.TestRateLimitingBehavior" name="test_rate_limit_status" time="0.036" /><testcase classname="tests.test_scaling_features.TestRateLimitingBehavior" name="test_rate_limit_tiers" time="0.031" /><testcase classname="tests.test_scaling_features.TestCachedEndpoints" name="test_cached_languages_response" time="0.044" /><testcase classname="tests.test_scaling_features.TestCachedEndpoints" name="test_cached_id_levels_response" time="0.039" /><testcase classname="tests.test_scaling_features.TestCachedEndpoints" name="test_cache_performance" time="0.070" /><testcase classname="tests.test_scaling_features.TestQAPracticeAPI" name="test_generate_answer_endpoint" time="0.033" /><testcase classname="tests.test_scaling_features.TestSkillsAssessmentAPI" name="test_available_skills_endpoint" time="0.039" /><testcase classname="tests.test_scaling_features.TestSuccessPredictorAPI" name="test_predict_success_endpoint" time="0.037" /><testcase classname="tests.test_scaling_features.TestAPIClientConfiguration" name="test_health_endpoint_response_time" time="0.034" /><testcase classname="tests.test_scaling_features.TestAPIClientConfiguration" name="test_status_endpoint_response_time" time="0.037" /></testsuite></testsuites>