<?xml version="1.0" encoding="utf-8"?><testsuites name="pytest tests"><testsuite name="pytest" errors="0" failures="0" skipped="0" tests="10" time="0.755" timestamp="2026-01-16T01:27:31.078092+00:00" hostname="agent-env-517511fd-10f9-43ad-859a-7be3d9b00997"><testcase classname="tests.test_session_persistence.TestSessionPersistence" name="test_login_returns_session_cookie" time="0.073" /><testcase classname="tests.test_session_persistence.TestSessionPersistence" name="test_session_persists_to_auth_me" time="0.051" /><testcase classname="tests.test_session_persistence.TestSessionPersistence" name="test_session_persists_to_resume_endpoint" time="0.084" /><testcase classname="tests.test_session_persistence.TestSessionPersistence" name="test_session_persists_to_membership_status" time="0.051" /><testcase classname="tests.test_session_persistence.TestSessionPersistence" name="test_multiple_sequential_requests_with_session" time="0.129" /><testcase classname="tests.test_session_persistence.TestSessionPersistence" name="test_session_without_cookie_fails" time="0.034" /><testcase classname="tests.test_session_persistence.TestSessionPersistence" name="test_logout_invalidates_session" time="0.148" /><testcase classname="tests.test_session_persistence.TestCORSConfiguration" name="test_cors_allows_credentials" time="0.034" /><testcase classname="tests.test_session_persistence.TestAdminUserIdentification" name="test_admin_login_returns_is_admin" time="0.039" /><testcase classname="tests.test_session_persistence.TestAdminUserIdentification" name="test_membership_status_identifies_admin" time="0.042" /></testsuite></testsuites>