<?xml version="1.0" encoding="utf-8"?><testsuites name="pytest tests"><testsuite name="pytest" errors="0" failures="0" skipped="0" tests="10" time="3.293" timestamp="2026-02-24T21:35:01.147712+00:00" hostname="agent-env-63b5641a-88c1-4b84-9b71-915388718079"><testcase classname="tests.test_share_meeting_feature.TestShareMeetingFeature" name="test_public_info_endpoint_no_auth" time="0.783" /><testcase classname="tests.test_share_meeting_feature.TestShareMeetingFeature" name="test_public_info_invalid_meeting_returns_404" time="0.187" /><testcase classname="tests.test_share_meeting_feature.TestShareMeetingFeature" name="test_guest_join_with_name" time="0.135" /><testcase classname="tests.test_share_meeting_feature.TestShareMeetingFeature" name="test_guest_join_with_empty_name_defaults_to_guest" time="0.182" /><testcase classname="tests.test_share_meeting_feature.TestShareMeetingFeature" name="test_guest_join_invalid_meeting_returns_404" time="0.117" /><testcase classname="tests.test_share_meeting_feature.TestShareMeetingFeature" name="test_guest_join_returns_ice_servers" time="0.132" /><testcase classname="tests.test_share_meeting_feature.TestShareMeetingFeature" name="test_create_meeting_returns_join_url" time="0.160" /><testcase classname="tests.test_share_meeting_feature.TestShareMeetingFeature" name="test_authenticated_meeting_details" time="0.167" /><testcase classname="tests.test_share_meeting_feature.TestShareMeetingFeature" name="test_get_user_meetings" time="0.199" /><testcase classname="tests.test_share_meeting_feature.TestShareMeetingDataFlow" name="test_complete_share_flow" time="1.157" /></testsuite></testsuites>