<?xml version="1.0" encoding="utf-8"?><testsuites name="pytest tests"><testsuite name="pytest" errors="0" failures="0" skipped="0" tests="11" time="35.375" timestamp="2026-02-20T22:28:48.672740+00:00" hostname="agent-env-e2518033-0b9c-4189-a270-30ad3bb4ec0b"><testcase classname="backend.tests.test_skill_assessments.TestSkillAssessmentsAPI" name="test_get_available_assessments" time="0.223" /><testcase classname="backend.tests.test_skill_assessments.TestSkillAssessmentsAPI" name="test_get_skill_categories" time="0.058" /><testcase classname="backend.tests.test_skill_assessments.TestSkillAssessmentsAPI" name="test_get_my_badges" time="0.062" /><testcase classname="backend.tests.test_skill_assessments.TestSkillAssessmentsAPI" name="test_start_assessment" time="34.275" /><testcase classname="backend.tests.test_skill_assessments.TestSkillAssessmentsAPI" name="test_submit_assessment" time="0.072" /><testcase classname="backend.tests.test_skill_assessments.TestSkillAssessmentsAPI" name="test_get_assessment_history" time="0.061" /><testcase classname="backend.tests.test_skill_assessments.TestSkillAssessmentsAPI" name="test_get_skill_leaderboard" time="0.058" /><testcase classname="backend.tests.test_skill_assessments.TestSkillAssessmentsAPI" name="test_verify_badge_endpoint" time="0.058" /><testcase classname="backend.tests.test_skill_assessments.TestSkillAssessmentsAPI" name="test_start_invalid_skill" time="0.160" /><testcase classname="backend.tests.test_skill_assessments.TestSkillAssessmentsAPI" name="test_submit_invalid_assessment" time="0.060" /><testcase classname="backend.tests.test_skill_assessments.TestSkillAssessmentsAPI" name="test_unauthenticated_access" time="0.213" /></testsuite></testsuites>