<?xml version="1.0" encoding="utf-8"?><testsuites name="pytest tests"><testsuite name="pytest" errors="0" failures="0" skipped="0" tests="11" time="3.204" timestamp="2026-03-01T17:06:55.767874+00:00" hostname="agent-env-a67a787b-ec5b-4ed3-926b-5f7b95f0a054"><testcase classname="backend.tests.test_speaker_identification_iteration146.TestAuthAndToken" name="test_login_success" time="0.236" /><testcase classname="backend.tests.test_speaker_identification_iteration146.TestCaptionLanguagesAPI" name="test_caption_languages_returns_16" time="0.109" /><testcase classname="backend.tests.test_speaker_identification_iteration146.TestCaptionLanguagesAPI" name="test_caption_languages_no_auth_required" time="0.128" /><testcase classname="backend.tests.test_speaker_identification_iteration146.TestTranslateCaptionAPI" name="test_translate_en_to_es_with_auth" time="1.001" /><testcase classname="backend.tests.test_speaker_identification_iteration146.TestTranslateCaptionAPI" name="test_translate_same_language_noop" time="0.109" /><testcase classname="backend.tests.test_speaker_identification_iteration146.TestLiveTranscriptAPI" name="test_save_live_transcript_as_host" time="0.374" /><testcase classname="backend.tests.test_speaker_identification_iteration146.TestLiveTranscriptAPI" name="test_get_live_transcript" time="0.130" /><testcase classname="backend.tests.test_speaker_identification_iteration146.TestWebinarRoomInfoAPI" name="test_room_info_returns_required_fields" time="0.336" /><testcase classname="backend.tests.test_speaker_identification_iteration146.TestBackendRegression" name="test_webinar_list" time="0.224" /><testcase classname="backend.tests.test_speaker_identification_iteration146.TestBackendRegression" name="test_webinar_create" time="0.123" /><testcase classname="backend.tests.test_speaker_identification_iteration146.TestBackendRegression" name="test_webinar_qa_public" time="0.360" /></testsuite></testsuites>