<?xml version="1.0" encoding="utf-8"?><testsuites name="pytest tests"><testsuite name="pytest" errors="0" failures="0" skipped="0" tests="11" time="2.777" timestamp="2026-02-21T22:46:46.681372+00:00" hostname="agent-env-222f822a-4866-460b-bc58-df61e3c083d8"><testcase classname="backend.tests.test_video_subtitles.TestSubtitleEndpoints" name="test_subtitles_endpoint_returns_200_for_all_videos_english" time="0.802" /><testcase classname="backend.tests.test_video_subtitles.TestSubtitleEndpoints" name="test_subtitles_return_valid_webvtt_format" time="0.675" /><testcase classname="backend.tests.test_video_subtitles.TestSubtitleEndpoints" name="test_subtitles_have_correct_content_type" time="0.091" /><testcase classname="backend.tests.test_video_subtitles.TestSubtitleEndpoints" name="test_spanish_subtitles_available" time="0.215" /><testcase classname="backend.tests.test_video_subtitles.TestSubtitleEndpoints" name="test_french_subtitles_available" time="0.099" /><testcase classname="backend.tests.test_video_subtitles.TestSubtitleEndpoints" name="test_german_subtitles_available" time="0.109" /><testcase classname="backend.tests.test_video_subtitles.TestSubtitleEndpoints" name="test_fallback_to_english_for_unsupported_language" time="0.127" /><testcase classname="backend.tests.test_video_subtitles.TestVideoListEndpoint" name="test_videos_list_returns_all_5_videos" time="0.149" /><testcase classname="backend.tests.test_video_subtitles.TestVideoListEndpoint" name="test_videos_list_contains_expected_video_ids" time="0.175" /><testcase classname="backend.tests.test_video_subtitles.TestSubtitleContentQuality" name="test_jobseeker_features_subtitle_has_multiple_cues" time="0.118" /><testcase classname="backend.tests.test_video_subtitles.TestSubtitleContentQuality" name="test_subtitle_timestamps_are_valid_format" time="0.149" /></testsuite></testsuites>