<?xml version="1.0" encoding="utf-8"?><testsuites name="pytest tests"><testsuite name="pytest" errors="0" failures="0" skipped="0" tests="9" time="2.014" timestamp="2026-02-28T21:51:46.635083+00:00" hostname="agent-env-1d9d7823-bdd5-4d5c-be3f-7d5351e2dd8a"><testcase classname="backend.tests.test_webinar_gamification_iteration139.TestWebinarAPIs" name="test_webinar_list" time="0.369" /><testcase classname="backend.tests.test_webinar_gamification_iteration139.TestWebinarAPIs" name="test_webinar_create" time="0.123" /><testcase classname="backend.tests.test_webinar_gamification_iteration139.TestWebinarAPIs" name="test_webinar_get_public" time="0.264" /><testcase classname="backend.tests.test_webinar_gamification_iteration139.TestWebinarAPIs" name="test_webinar_register" time="0.247" /><testcase classname="backend.tests.test_webinar_gamification_iteration139.TestWebinarAPIs" name="test_webinar_start_host_only" time="0.259" /><testcase classname="backend.tests.test_webinar_gamification_iteration139.TestWebinarAPIs" name="test_webinar_end_host_only" time="0.227" /><testcase classname="backend.tests.test_webinar_gamification_iteration139.TestGamificationAPIs" name="test_gamification_profile" time="0.129" /><testcase classname="backend.tests.test_webinar_gamification_iteration139.TestLeaderboardAPIs" name="test_leaderboard" time="0.195" /><testcase classname="backend.tests.test_webinar_gamification_iteration139.TestMeetingEffectivenessAPI" name="test_effectiveness" time="0.127" /></testsuite></testsuites>